05/02/2016 00:06:13	Alpari client starting!
05/02/2016 00:06:13	Sending web request to https://my.alpari.ru/ru/
05/02/2016 00:06:17	Logged in
05/02/2016 00:06:17	Sending web request to https://my.alpari.ru/ru/platforms/binarytrader/
05/02/2016 00:06:18	Token: 48b9bc1b78a8c900d18919c89a2b10dbb8db3db2
05/02/2016 00:06:18	CONNECTION CLOSED
05/02/2016 00:06:18	Server says: {"type":"RESPONSE","action":"auth","body":{"trade_group_id":1,"currency_id":840,"account_id":4553886},"rid":1}
05/02/2016 00:06:19	
**********************************************
Alpari Websocket connected!!!
**********************************************
05/02/2016 00:06:19	Server says: {"type":"RESPONSE","action":"+account","body":{"sid":1492976},"rid":4}
05/02/2016 00:06:19	Server says: {"type":"RESPONSE","action":"dictionary","body":{"assets":[{"decimals":5,"name":"EURUSD","id":1},{"decimals":5,"name":"GBPUSD","id":2},{"decimals":5,"name":"USDCHF","id":3},{"decimals":3,"name":"USDJPY","id":4},{"decimals":5,"name":"USDCAD","id":5},{"decimals":5,"name":"AUDUSD","id":6},{"decimals":5,"name":"NZDUSD","id":7},{"decimals":3,"name":"EURJPY","id":10},{"decimals":5,"name":"EURGBP","id":11},{"decimals":3,"name":"GBPJPY","id":12},{"decimals":5,"name":"EURCAD","id":13},{"decimals":5,"name":"EURAUD","id":14},{"decimals":3,"name":"AUDJPY","id":15},{"decimals":5,"name":"GBPAUD","id":16},{"decimals":5,"name":"GBPCAD","id":17},{"decimals":5,"name":"GBPCHF","id":18},{"decimals":3,"name":"NZDJPY","id":19},{"decimals":3,"name":"XAUUSD","id":20},{"decimals":3,"name":"XAGUSD","id":21}],"currencies":[{"name":"EUR","id":978},{"name":"RUR","id":643},{"name":"USD","id":840},{"name":"GLD","id":10959}],"time_frames":[{"history_size":0,"period":60,"bar_size":1,"name":"1M","id":1},{"history_size":0,"period":300,"bar_size":5,"name":"5M","id":2},{"history_size":0,"period":900,"bar_size":15,"name":"15M","id":3},{"history_size":0,"period":1800,"bar_size":30,"name":"30M","id":4},{"history_size":0,"period":5,"bar_size":1,"name":"5S","id":100},{"history_size":0,"period":3600,"bar_size":60,"name":"1H","id":5},{"history_size":0,"period":7200,"bar_size":60,"name":"2H","id":6},{"history_size":0,"period":14400,"bar_size":300,"name":"4H","id":7},{"history_size":0,"period":86400,"bar_size":1800,"name":"1D","id":8}],"option_types":[{"id":1,"name":"call_put"},{"id":2,"name":"touch"},{"id":3,"name":"range"},{"id":4,"name":"spread"}],"operation_types":[{"name":"deposit","id":1},{"name":"withdrawal","id":2},{"name":"buy","id":3},{"name":"expiry","id":4},{"name":"compensation","id":7}],"directions":[{"name":"call","id":1},{"name":"put","id":2},{"name":"in","id":3},{"name":"out","id":4}],"option_states":[{"name":"approved","id":2},{"name":"started","id":3},{"name":"closed","id":6}],"option_expiry_reasons":[{"name":"time","id":1},{"name":"touch","id":2},{"name":"early","id":3}],"option_results":[{"name":"win","id":1},{"name":"loss","id":2},{"name":"parity","id":3}],"trade_settings":[{"name":"payout_win","id":1},{"name":"payout_lose","id":2},{"name":"payout_parity","id":3},{"name":"enable","id":6},{"name":"enable_permanent","id":7},{"name":"max_bet_643","id":13},{"name":"max_bet_840","id":14},{"name":"max_bet_978","id":15},{"name":"max_bet_10959","id":16},{"name":"min_bet_643","id":17},{"name":"min_bet_840","id":18},{"name":"min_bet_978","id":19},{"name":"min_bet_10959","id":20},{"name":"max_amount_active_options_643","id":21},{"name":"max_amount_active_options_840","id":22},{"name":"max_amount_active_options_978","id":23},{"name":"max_amount_active_options_10959","id":24},{"name":"early_win_percent","id":25},{"name":"early_loss_percent","id":26},{"name":"early_parity_percent","id":27}]},"rid":5}
05/02/2016 00:06:19	Setting dictionary
05/02/2016 00:06:19	Server says: {"type":"RESPONSE","action":"+trade_state","body":{"sid":1492977},"rid":6}
05/02/2016 00:06:19	Server says: {"type":"RESPONSE","action":"+trade_settings","body":{"sid":1492978},"rid":9}
05/02/2016 00:06:19	Server says: {"type":"RESPONSE","action":"+rate","body":{"sid":1492979},"rid":10}
05/02/2016 00:06:19	Server says: {"type":"RESPONSE","action":"+option","body":{"sid":1492980},"rid":14}
05/02/2016 00:06:19	Server says: {"type":"RESPONSE","action":"+traders_choice","body":{"sid":1492981},"rid":16}
05/02/2016 00:06:19	Server says: {"type":"RESPONSE","action":"account","body":{"ops_counter":{"EXPIRY":3,"DEPOSIT":2,"WITHDRAWAL":1,"COMPENSATION":0,"BUY":3},"bonus_level":"0.0","test":false,"bonus":"0.0","hold_equity":"0.00","net_equity":"296.40","create_lts":1439845906000,"equity":"296.40","client_id":11031743,"change_lts":1452642531255,"blocked":false,"hold_bonus":"0.0","id":4553886,"currency_id":840},"rid":3}
05/02/2016 00:06:19	Server says: {"type":"RESPONSE","action":"trade_state","body":{"scheduler_lts":1454709300000,"trade_state":true},"rid":7}
05/02/2016 00:06:19	Server says: {"type":"RESPONSE","action":"trade_settings","body":{"22":1000,"23":1000,"settings":{"1":{"11":{"8":[160],"5":[145],"6":[150],"7":[155]},"12":{"8":[185],"3":[160],"4":[160],"5":[165],"6":[170],"7":[175]},"13":{"8":[160],"5":[145],"6":[150],"7":[155]},"14":{"8":[160],"5":[145],"6":[150],"7":[155]},"15":{"8":[160],"5":[145],"6":[150],"7":[155]},"16":{"8":[160],"5":[145],"6":[150],"7":[155]},"17":{"8":[160],"5":[145],"6":[150],"7":[155]},"18":{"8":[160],"5":[145],"6":[150],"7":[155]},"19":{"8":[160],"5":[145],"6":[150],"7":[155]},"1":{"8":[170],"3":[160],"4":[160],"5":[165],"6":[170],"7":[160]},"2":{"8":[170],"3":[160],"4":[160],"5":[165],"6":[170],"7":[160]},"3":{"8":[185],"3":[160],"4":[160],"5":[165],"6":[170],"7":[175]},"4":{"8":[185],"3":[160],"4":[160],"5":[165],"6":[170],"7":[175]},"5":{"8":[185],"3":[160],"4":[160],"5":[165],"6":[170],"7":[175]},"6":{"8":[185],"3":[160],"4":[160],"5":[165],"6":[170],"7":[175]},"7":{"8":[185],"3":[160],"4":[160],"5":[165],"6":[170],"7":[175]},"20":{"8":[185],"3":[160],"4":[160],"5":[165],"6":[],"7":[175]},"10":{"8":[185],"3":[160],"4":[160],"5":[165],"6":[170],"7":[175]},"21":{"8":[185],"4":[160],"5":[165],"6":[],"7":[175]}},"2":{"11":{"8":[170],"7":[165]},"12":{"8":[190],"7":[180]},"13":{"8":[170],"7":[165]},"14":{"8":[170],"7":[165]},"15":{"8":[170],"7":[165]},"16":{"8":[170],"7":[165]},"17":{"8":[170],"7":[165]},"18":{"8":[170],"7":[165]},"19":{"8":[170],"7":[165]},"1":{"8":[190],"7":[180]},"2":{"8":[190],"7":[180]},"3":{"8":[190],"7":[180]},"4":{"8":[190],"7":[180]},"5":{"8":[190],"7":[180]},"6":{"8":[190],"7":[180]},"7":{"8":[190],"7":[180]},"20":{"8":[190],"7":[180]},"10":{"8":[190],"7":[180]},"21":{"8":[190],"7":[180]}},"3":{"11":{"8":[170],"7":[165]},"12":{"8":[195],"7":[185]},"13":{"8":[170],"7":[165]},"14":{"8":[170],"7":[165]},"15":{"8":[170],"7":[165]},"16":{"8":[170],"7":[165]},"17":{"8":[170],"7":[165]},"18":{"8":[170],"7":[165]},"19":{"8":[170],"7":[165]},"1":{"8":[195],"7":[185]},"2":{"8":[195],"7":[185]},"3":{"8":[195],"7":[185]},"4":{"8":[195],"7":[185]},"5":{"8":[195],"7":[185]},"6":{"8":[195],"7":[185]},"7":{"8":[195],"7":[185]},"20":{"8":[195],"7":[185]},"10":{"8":[195],"7":[185]},"21":{"8":[195],"7":[185]}},"4":{"11":{"8":[175],"7":[170]},"12":{"8":[200],"7":[195]},"13":{"8":[175],"7":[170]},"14":{"8":[175],"7":[170]},"15":{"8":[175],"7":[170]},"16":{"8":[175],"7":[170]},"17":{"8":[175],"7":[170]},"18":{"8":[175],"7":[170]},"19":{"8":[175],"7":[170]},"1":{"8":[200],"7":[195]},"2":{"8":[200],"7":[195]},"3":{"8":[200],"7":[195]},"4":{"8":[200],"7":[195]},"5":{"8":[200],"7":[195]},"6":{"8":[200],"7":[195]},"7":{"8":[200],"7":[195]},"20":{"8":[200],"7":[195]},"10":{"8":[200],"7":[195]},"21":{"8":[200],"7":[195]}}},"13":60000,"24":3000,"14":1000,"25":50,"15":1000,"26":0,"16":500,"27":0,"17":100,"18":1,"19":1,"2":0,"3":100,"group_id":1,"6":1,"8":10,"20":2,"21":60000},"rid":8}
05/02/2016 00:06:19	PayoutLose: 0
05/02/2016 00:06:19	PayoutParity: 100
05/02/2016 00:06:19	PayoutWin (EURUSD - 15 min): 160
05/02/2016 00:06:19	PayoutWin (EURUSD - 30 min): 160
05/02/2016 00:06:19	PayoutWin (EURUSD - 60 min): 165
05/02/2016 00:06:19	PayoutWin (EURUSD - 120 min): 170
05/02/2016 00:06:19	PayoutWin (EURUSD - 240 min): 160
05/02/2016 00:06:19	PayoutWin (EURUSD - 1440 min): 170
05/02/2016 00:06:19	PayoutWin (EURJPY - 15 min): 160
05/02/2016 00:06:19	PayoutWin (EURJPY - 30 min): 160
05/02/2016 00:06:19	PayoutWin (EURJPY - 60 min): 165
05/02/2016 00:06:19	PayoutWin (EURJPY - 120 min): 170
05/02/2016 00:06:19	PayoutWin (EURJPY - 240 min): 175
05/02/2016 00:06:19	PayoutWin (EURJPY - 1440 min): 185
05/02/2016 00:06:19	PayoutWin (EURGBP - 60 min): 145
05/02/2016 00:06:19	PayoutWin (EURGBP - 120 min): 150
05/02/2016 00:06:19	PayoutWin (EURGBP - 240 min): 155
05/02/2016 00:06:19	PayoutWin (EURGBP - 1440 min): 160
05/02/2016 00:06:19	PayoutWin (GBPJPY - 15 min): 160
05/02/2016 00:06:19	PayoutWin (GBPJPY - 30 min): 160
05/02/2016 00:06:19	PayoutWin (GBPJPY - 60 min): 165
05/02/2016 00:06:19	PayoutWin (GBPJPY - 120 min): 170
05/02/2016 00:06:19	PayoutWin (GBPJPY - 240 min): 175
05/02/2016 00:06:19	PayoutWin (GBPJPY - 1440 min): 185
05/02/2016 00:06:19	PayoutWin (EURCAD - 60 min): 145
05/02/2016 00:06:19	PayoutWin (EURCAD - 120 min): 150
05/02/2016 00:06:19	PayoutWin (EURCAD - 240 min): 155
05/02/2016 00:06:19	PayoutWin (EURCAD - 1440 min): 160
05/02/2016 00:06:19	PayoutWin (EURAUD - 60 min): 145
05/02/2016 00:06:19	PayoutWin (EURAUD - 120 min): 150
05/02/2016 00:06:19	PayoutWin (EURAUD - 240 min): 155
05/02/2016 00:06:19	PayoutWin (EURAUD - 1440 min): 160
05/02/2016 00:06:19	PayoutWin (AUDJPY - 60 min): 145
05/02/2016 00:06:19	PayoutWin (AUDJPY - 120 min): 150
05/02/2016 00:06:19	PayoutWin (AUDJPY - 240 min): 155
05/02/2016 00:06:19	PayoutWin (AUDJPY - 1440 min): 160
05/02/2016 00:06:19	PayoutWin (GBPAUD - 60 min): 145
05/02/2016 00:06:19	PayoutWin (GBPAUD - 120 min): 150
05/02/2016 00:06:19	PayoutWin (GBPAUD - 240 min): 155
05/02/2016 00:06:19	PayoutWin (GBPAUD - 1440 min): 160
05/02/2016 00:06:19	PayoutWin (GBPCAD - 60 min): 145
05/02/2016 00:06:19	PayoutWin (GBPCAD - 120 min): 150
05/02/2016 00:06:19	PayoutWin (GBPCAD - 240 min): 155
05/02/2016 00:06:19	PayoutWin (GBPCAD - 1440 min): 160
05/02/2016 00:06:19	PayoutWin (GBPCHF - 60 min): 145
05/02/2016 00:06:19	PayoutWin (GBPCHF - 120 min): 150
05/02/2016 00:06:19	PayoutWin (GBPCHF - 240 min): 155
05/02/2016 00:06:19	PayoutWin (GBPCHF - 1440 min): 160
05/02/2016 00:06:19	PayoutWin (NZDJPY - 60 min): 145
05/02/2016 00:06:19	PayoutWin (NZDJPY - 120 min): 150
05/02/2016 00:06:19	PayoutWin (NZDJPY - 240 min): 155
05/02/2016 00:06:19	PayoutWin (NZDJPY - 1440 min): 160
05/02/2016 00:06:19	PayoutWin (GBPUSD - 15 min): 160
05/02/2016 00:06:19	PayoutWin (GBPUSD - 30 min): 160
05/02/2016 00:06:19	PayoutWin (GBPUSD - 60 min): 165
05/02/2016 00:06:19	PayoutWin (GBPUSD - 120 min): 170
05/02/2016 00:06:19	PayoutWin (GBPUSD - 240 min): 160
05/02/2016 00:06:19	PayoutWin (GBPUSD - 1440 min): 170
05/02/2016 00:06:19	PayoutWin (XAUUSD - 15 min): 160
05/02/2016 00:06:19	PayoutWin (XAUUSD - 30 min): 160
05/02/2016 00:06:19	PayoutWin (XAUUSD - 60 min): 165
05/02/2016 00:06:19	PayoutWin (XAGUSD - 30 min): 160
05/02/2016 00:06:19	PayoutWin (XAGUSD - 60 min): 165
05/02/2016 00:06:19	PayoutWin (USDCHF - 15 min): 160
05/02/2016 00:06:19	PayoutWin (USDCHF - 30 min): 160
05/02/2016 00:06:19	PayoutWin (USDCHF - 60 min): 165
05/02/2016 00:06:19	PayoutWin (USDCHF - 120 min): 170
05/02/2016 00:06:19	PayoutWin (USDCHF - 240 min): 175
05/02/2016 00:06:19	PayoutWin (USDCHF - 1440 min): 185
05/02/2016 00:06:19	PayoutWin (USDJPY - 15 min): 160
05/02/2016 00:06:19	PayoutWin (USDJPY - 30 min): 160
05/02/2016 00:06:19	PayoutWin (USDJPY - 60 min): 165
05/02/2016 00:06:19	PayoutWin (USDJPY - 120 min): 170
05/02/2016 00:06:19	PayoutWin (USDJPY - 240 min): 175
05/02/2016 00:06:19	PayoutWin (USDJPY - 1440 min): 185
05/02/2016 00:06:19	PayoutWin (USDCAD - 15 min): 160
05/02/2016 00:06:19	PayoutWin (USDCAD - 30 min): 160
05/02/2016 00:06:19	PayoutWin (USDCAD - 60 min): 165
05/02/2016 00:06:19	PayoutWin (USDCAD - 120 min): 170
05/02/2016 00:06:19	PayoutWin (USDCAD - 240 min): 175
05/02/2016 00:06:19	PayoutWin (USDCAD - 1440 min): 185
05/02/2016 00:06:19	PayoutWin (AUDUSD - 15 min): 160
05/02/2016 00:06:19	PayoutWin (AUDUSD - 30 min): 160
05/02/2016 00:06:19	PayoutWin (AUDUSD - 60 min): 165
05/02/2016 00:06:19	PayoutWin (AUDUSD - 120 min): 170
05/02/2016 00:06:19	PayoutWin (AUDUSD - 240 min): 175
05/02/2016 00:06:19	PayoutWin (AUDUSD - 1440 min): 185
05/02/2016 00:06:19	PayoutWin (NZDUSD - 15 min): 160
05/02/2016 00:06:19	PayoutWin (NZDUSD - 30 min): 160
05/02/2016 00:06:19	PayoutWin (NZDUSD - 60 min): 165
05/02/2016 00:06:19	PayoutWin (NZDUSD - 120 min): 170
05/02/2016 00:06:19	PayoutWin (NZDUSD - 240 min): 175
05/02/2016 00:06:19	PayoutWin (NZDUSD - 1440 min): 185
05/02/2016 00:06:19	Server says: {"type":"RESPONSE","action":"rates/history","body":{"data":[[1454613660,1.1219],[1454613675,1.1219],[1454613690,1.1218],[1454613705,1.12197],[1454613720,1.12196],[1454613735,1.12197],[1454613750,1.12195],[1454613765,1.12188],[1454613780,1.12186],[1454613795,1.12198],[1454613810,1.122],[1454613825,1.1219],[1454613840,1.12181],[1454613855,1.1219],[1454613870,1.12194],[1454613885,1.12194],[1454613900,1.12184],[1454613915,1.12171],[1454613930,1.12169],[1454613945,1.12193],[1454613960,1.12202],[1454613975,1.1218],[1454613990,1.12185],[1454614005,1.12178],[1454614020,1.12188],[1454614035,1.12167],[1454614050,1.12176],[1454614065,1.12169],[1454614080,1.12179],[1454614095,1.12167],[1454614110,1.12175],[1454614125,1.12191],[1454614140,1.12191],[1454614155,1.12175],[1454614170,1.12189],[1454614185,1.12199],[1454614200,1.12192],[1454614215,1.12184],[1454614230,1.12192],[1454614245,1.12201],[1454614260,1.12211],[1454614275,1.12213],[1454614290,1.12211],[1454614305,1.12214],[1454614320,1.12214],[1454614335,1.12209],[1454614350,1.12208],[1454614365,1.12215],[1454614380,1.12203],[1454614395,1.12214],[1454614410,1.1221],[1454614425,1.12207],[1454614440,1.12184],[1454614455,1.12195],[1454614470,1.1219],[1454614485,1.12186],[1454614500,1.12191],[1454614515,1.1217],[1454614530,1.12159],[1454614545,1.12161],[1454614560,1.1217],[1454614575,1.12166],[1454614590,1.12157],[1454614605,1.12158],[1454614620,1.12157],[1454614635,1.12144],[1454614650,1.12138],[1454614665,1.1214],[1454614680,1.12144],[1454614695,1.1216],[1454614710,1.12159],[1454614725,1.12151],[1454614740,1.12155],[1454614755,1.12161],[1454614770,1.12194],[1454614785,1.12196],[1454614800,1.12199],[1454614815,1.12181],[1454614830,1.12176],[1454614845,1.12181],[1454614860,1.12181],[1454614875,1.12177],[1454614890,1.12171],[1454614905,1.12168],[1454614920,1.12186],[1454614935,1.12192],[1454614950,1.12193],[1454614965,1.12194],[1454614980,1.12205],[1454614995,1.12189],[1454615010,1.12189],[1454615025,1.12179],[1454615040,1.12164],[1454615055,1.12161],[1454615070,1.12173],[1454615085,1.12176],[1454615100,1.12185],[1454615115,1.12195],[1454615130,1.12166],[1454615145,1.12155],[1454615160,1.1216],[1454615175,1.12158],[1454615190,1.1216],[1454615205,1.12165],[1454615220,1.12166],[1454615235,1.12155],[1454615250,1.12153],[1454615265,1.12162],[1454615280,1.12146],[1454615295,1.12132],[1454615310,1.1213],[1454615325,1.12132],[1454615340,1.12146],[1454615355,1.12136],[1454615370,1.12129],[1454615385,1.12131],[1454615400,1.12133],[1454615415,1.12131],[1454615430,1.12135],[1454615445,1.12129],[1454615460,1.12126],[1454615475,1.1212],[1454615490,1.1212],[1454615505,1.12111],[1454615520,1.1212],[1454615535,1.12119],[1454615550,1.12117],[1454615565,1.12111],[1454615580,1.12118],[1454615595,1.12116],[1454615610,1.12125],[1454615625,1.12129],[1454615640,1.1214],[1454615655,1.12145],[1454615670,1.12145],[1454615685,1.12145],[1454615700,1.12135],[1454615715,1.12143],[1454615730,1.12119],[1454615745,1.12114],[1454615760,1.12106],[1454615775,1.12105],[1454615790,1.12073],[1454615805,1.12075],[1454615820,1.12079],[1454615835,1.1208],[1454615850,1.12088],[1454615865,1.12088],[1454615880,1.12093],[1454615895,1.12093],[1454615910,1.12083],[1454615925,1.12095],[1454615940,1.12102],[1454615955,1.12111],[1454615970,1.12115],[1454615985,1.12113],[1454616000,1.12124],[1454616015,1.12129],[1454616030,1.12125],[1454616045,1.12128],[1454616060,1.12135],[1454616075,1.12136],[1454616090,1.1214],[1454616105,1.12152],[1454616120,1.12154],[1454616135,1.12126],[1454616150,1.12118],[1454616165,1.12115],[1454616180,1.1211],[1454616195,1.12111],[1454616210,1.12113],[1454616225,1.12123],[1454616240,1.12127],[1454616255,1.12102],[1454616270,1.12098],[1454616285,1.12106],[1454616300,1.12116],[1454616315,1.12126],[1454616330,1.1211],[1454616345,1.12113],[1454616360,1.12096]]},"rid":11}
05/02/2016 00:06:19	Server says: {"type":"RESPONSE","action":"rates/last","body":{"data":[{"asset_id":1,"lts":1454616372429,"value":1.12096},{"asset_id":2,"lts":1454616372851,"value":1.45917},{"asset_id":3,"lts":1454616373484,"value":0.99302},{"asset_id":4,"lts":1454616373219,"value":116.705},{"asset_id":5,"lts":1454616371409,"value":1.37305},{"asset_id":6,"lts":1454616374532,"value":0.71991},{"asset_id":7,"lts":1454616364360,"value":0.67315},{"asset_id":10,"lts":1454616373218,"value":130.831},{"asset_id":11,"lts":1454616373116,"value":0.76811},{"asset_id":12,"lts":1454616374265,"value":170.295},{"asset_id":13,"lts":1454616367190,"value":1.53903},{"asset_id":14,"lts":1454616367083,"value":1.55669},{"asset_id":15,"lts":1454616373234,"value":84.023},{"asset_id":16,"lts":1454616372103,"value":2.02639},{"asset_id":17,"lts":1454616374322,"value":2.0034},{"asset_id":18,"lts":1454616373796,"value":1.44892},{"asset_id":19,"lts":1454616373239,"value":78.558},{"asset_id":20,"lts":1454616370521,"value":1155.95},{"asset_id":21,"lts":1454616365595,"value":14.871}]},"rid":12}
05/02/2016 00:06:19	Server says: {"type":"RESPONSE","action":"options","body":{"data":[]},"rid":13}
05/02/2016 00:06:19	Server says: {"type":"RESPONSE","action":"report","body":{"data":[{"operation":{"type_id":4,"description":"","external_id":1684296,"lts":1454614807540,"id":3383567,"result_equity":296.4,"equity":0.7},"option":{"expiry_lts":1454614807527,"operation_expiry_id":3383567,"open_lts":1454614747527,"loss_percent":0,"expiry_rate":{"value":"1.12197","lts":1454614801381,"asset_id":1},"payout":1.7,"asset_id":1,"win_percent":170,"expiry_reason_id":1,"direction_id":1,"id":1684296,"state_id":6,"open_rate":{"value":"1.12155","lts":1454614742901,"asset_id":1},"amount":1.0,"manually":0,"operation_buy_id":3383545,"type_id":1,"expiry_real_time":0,"forecast_2":null,"forecast":null,"time_frame_id":1,"account_id":4553886,"result_id":1,"expiry_real_lts":1454614807539,"expiry_time":1454614807527,"parity_percent":100}},{"operation":{"type_id":4,"description":"","external_id":1684294,"lts":1454614796541,"id":3383564,"result_equity":295.7,"equity":0.7},"option":{"expiry_lts":1454614796525,"operation_expiry_id":3383564,"open_lts":1454614736525,"loss_percent":0,"expiry_rate":{"value":"1.12201","lts":1454614794199,"asset_id":1},"payout":1.7,"asset_id":1,"win_percent":170,"expiry_reason_id":1,"direction_id":1,"id":1684294,"state_id":6,"open_rate":{"value":"1.12159","lts":1454614728430,"asset_id":1},"amount":1.0,"manually":0,"operation_buy_id":3383541,"type_id":1,"expiry_real_time":0,"forecast_2":null,"forecast":null,"time_frame_id":1,"account_id":4553886,"result_id":1,"expiry_real_lts":1454614796539,"expiry_time":1454614796525,"parity_percent":100}},{"operation":{"type_id":4,"description":"","external_id":1610075,"lts":1453445314240,"id":3229516,"result_equity":295.0,"equity":-5.0},"option":{"expiry_lts":1453445314211,"operation_expiry_id":3229516,"open_lts":1453430914211,"loss_percent":0,"expiry_rate":{"value":"1.08367","lts":1453445312196,"asset_id":1},"payout":0.0,"asset_id":1,"win_percent":175,"expiry_reason_id":1,"direction_id":1,"id":1610075,"state_id":6,"open_rate":{"value":"1.08375","lts":1453430913884,"asset_id":1},"amount":5.0,"manually":0,"operation_buy_id":3228695,"type_id":1,"expiry_real_time":0,"forecast_2":null,"forecast":null,"time_frame_id":7,"account_id":4553886,"result_id":2,"expiry_real_lts":1453445314239,"expiry_time":1453445314211,"parity_percent":100}},{"operation":{"type_id":1,"description":"IntrFr USD11031743 13255399","external_id":13255399,"lts":1452642531255,"id":3162222,"result_equity":300.0,"equity":300.0}},{"operation":{"type_id":2,"description":"IntrTo USD11031743 11944944","external_id":53391,"lts":1439854308000,"id":1994344,"result_equity":0.0,"equity":500.0}},{"operation":{"type_id":1,"description":"IntrFr USD11031743 11944673","external_id":53375,"lts":1439846061000,"id":1994343,"result_equity":500.0,"equity":500.0}}],"total":6},"rid":17}
05/02/2016 00:06:25	SendPosition error: position is not supported | Данный ключ отсутствует в словаре.
