03/02/2016 20:47:23	Alpari client starting!
03/02/2016 20:47:23	Sending web request to https://my.alpari.ru/ru/
03/02/2016 20:47:27	Logged in
03/02/2016 20:47:27	Sending web request to https://my.alpari.ru/ru/platforms/binarytrader/
03/02/2016 20:47:28	Token: 236115248411662e1420f925f3a91f0e197c8162
03/02/2016 20:47:28	CONNECTION CLOSED
03/02/2016 20:47:29	Server says: {"type":"RESPONSE","action":"time","body":{"lts":1454518046157},"rid":2}
03/02/2016 20:47:29	Server says: {"type":"RESPONSE","action":"auth","body":{"trade_group_id":1,"currency_id":840,"account_id":4553886},"rid":1}
03/02/2016 20:47:29	
**********************************************
Alpari Websocket connected!!!
**********************************************
03/02/2016 20:47:30	Server says: {"type":"RESPONSE","action":"+account","body":{"sid":1347190},"rid":4}
03/02/2016 20:47:30	Server says: {"type":"RESPONSE","action":"dictionary","body":{"assets":[{"decimals":5,"name":"EURUSD","id":1},{"decimals":5,"name":"GBPUSD","id":2},{"decimals":5,"name":"USDCHF","id":3},{"decimals":3,"name":"USDJPY","id":4},{"decimals":5,"name":"USDCAD","id":5},{"decimals":5,"name":"AUDUSD","id":6},{"decimals":5,"name":"NZDUSD","id":7},{"decimals":3,"name":"EURJPY","id":10},{"decimals":5,"name":"EURGBP","id":11},{"decimals":3,"name":"GBPJPY","id":12},{"decimals":5,"name":"EURCAD","id":13},{"decimals":5,"name":"EURAUD","id":14},{"decimals":3,"name":"AUDJPY","id":15},{"decimals":5,"name":"GBPAUD","id":16},{"decimals":5,"name":"GBPCAD","id":17},{"decimals":5,"name":"GBPCHF","id":18},{"decimals":3,"name":"NZDJPY","id":19},{"decimals":3,"name":"XAUUSD","id":20},{"decimals":3,"name":"XAGUSD","id":21}],"currencies":[{"name":"EUR","id":978},{"name":"RUR","id":643},{"name":"USD","id":840},{"name":"GLD","id":10959}],"time_frames":[{"history_size":0,"period":60,"bar_size":1,"name":"1M","id":1},{"history_size":0,"period":300,"bar_size":5,"name":"5M","id":2},{"history_size":0,"period":900,"bar_size":15,"name":"15M","id":3},{"history_size":0,"period":1800,"bar_size":30,"name":"30M","id":4},{"history_size":0,"period":5,"bar_size":1,"name":"5S","id":100},{"history_size":0,"period":3600,"bar_size":60,"name":"1H","id":5},{"history_size":0,"period":7200,"bar_size":60,"name":"2H","id":6},{"history_size":0,"period":14400,"bar_size":300,"name":"4H","id":7},{"history_size":0,"period":86400,"bar_size":1800,"name":"1D","id":8}],"option_types":[{"id":1,"name":"call_put"},{"id":2,"name":"touch"},{"id":3,"name":"range"},{"id":4,"name":"spread"}],"operation_types":[{"name":"deposit","id":1},{"name":"withdrawal","id":2},{"name":"buy","id":3},{"name":"expiry","id":4},{"name":"compensation","id":7}],"directions":[{"name":"call","id":1},{"name":"put","id":2},{"name":"in","id":3},{"name":"out","id":4}],"option_states":[{"name":"approved","id":2},{"name":"started","id":3},{"name":"closed","id":6}],"option_expiry_reasons":[{"name":"time","id":1},{"name":"touch","id":2},{"name":"early","id":3}],"option_results":[{"name":"win","id":1},{"name":"loss","id":2},{"name":"parity","id":3}],"trade_settings":[{"name":"payout_win","id":1},{"name":"payout_lose","id":2},{"name":"payout_parity","id":3},{"name":"enable","id":6},{"name":"enable_permanent","id":7},{"name":"max_bet_643","id":13},{"name":"max_bet_840","id":14},{"name":"max_bet_978","id":15},{"name":"max_bet_10959","id":16},{"name":"min_bet_643","id":17},{"name":"min_bet_840","id":18},{"name":"min_bet_978","id":19},{"name":"min_bet_10959","id":20},{"name":"max_amount_active_options_643","id":21},{"name":"max_amount_active_options_840","id":22},{"name":"max_amount_active_options_978","id":23},{"name":"max_amount_active_options_10959","id":24},{"name":"early_win_percent","id":25},{"name":"early_loss_percent","id":26},{"name":"early_parity_percent","id":27}]},"rid":5}
03/02/2016 20:47:30	Server says: {"type":"RESPONSE","action":"+trade_state","body":{"sid":1347191},"rid":6}
03/02/2016 20:47:30	Server says: {"type":"RESPONSE","action":"+trade_settings","body":{"sid":1347192},"rid":9}
03/02/2016 20:47:30	Server says: {"type":"RESPONSE","action":"+rate","body":{"sid":1347193},"rid":10}
03/02/2016 20:47:30	Server says: {"type":"RESPONSE","action":"+option","body":{"sid":1347194},"rid":14}
03/02/2016 20:47:30	Server says: {"type":"RESPONSE","action":"account","body":{"ops_counter":{"EXPIRY":1,"DEPOSIT":2,"WITHDRAWAL":1,"COMPENSATION":0,"BUY":1},"bonus_level":"0.0","test":false,"bonus":"0.0","hold_equity":"0.00","net_equity":"295.00","create_lts":1439845906000,"equity":"295.00","client_id":11031743,"change_lts":1452642531255,"blocked":false,"hold_bonus":"0.0","id":4553886,"currency_id":840},"rid":3}
03/02/2016 20:47:30	Server says: {"type":"RESPONSE","action":"trade_state","body":{"scheduler_lts":1454709300000,"trade_state":true},"rid":7}
03/02/2016 20:47:30	Server says: {"type":"RESPONSE","action":"trade_settings","body":{"22":5000,"23":5000,"settings":{"1":{"11":{"8":[175],"5":[160],"6":[165],"7":[170]},"12":{"1":[160],"2":[165],"3":[165],"4":[170],"5":[175],"6":[180],"7":[185],"8":[200]},"13":{"8":[175],"5":[160],"6":[165],"7":[170]},"14":{"8":[175],"5":[160],"6":[165],"7":[170]},"15":{"8":[175],"5":[160],"6":[165],"7":[170]},"16":{"8":[175],"5":[160],"6":[165],"7":[170]},"17":{"8":[175],"5":[160],"6":[165],"7":[170]},"18":{"8":[175],"5":[160],"6":[165],"7":[170]},"19":{"8":[175],"5":[160],"6":[165],"7":[170]},"1":{"1":[170],"2":[175],"3":[175],"4":[175],"5":[180],"6":[180],"7":[170],"8":[185]},"2":{"1":[170],"2":[175],"3":[175],"4":[175],"5":[180],"6":[180],"7":[170],"8":[185]},"3":{"2":[165],"3":[165],"4":[170],"5":[175],"6":[180],"7":[185],"8":[200]},"4":{"1":[170],"2":[175],"3":[175],"4":[175],"5":[180],"6":[180],"7":[185],"8":[200]},"5":{"1":[160],"2":[165],"3":[165],"4":[170],"5":[175],"6":[180],"7":[185],"8":[200]},"6":{"1":[160],"2":[165],"3":[165],"4":[170],"5":[175],"6":[180],"7":[185],"8":[200]},"7":{"1":[160],"2":[165],"3":[165],"4":[170],"5":[175],"6":[180],"7":[185],"8":[200]},"20":{"8":[200],"5":[175],"6":[180],"7":[185]},"10":{"1":[160],"2":[165],"3":[165],"4":[170],"5":[175],"6":[180],"7":[185],"8":[200]},"21":{"8":[200],"5":[175],"6":[180],"7":[185]}},"2":{"11":{"8":[175],"5":[160],"6":[165],"7":[170]},"12":{"8":[200],"3":[170],"4":[175],"5":[180],"6":[185],"7":[190]},"13":{"8":[175],"5":[160],"6":[165],"7":[170]},"14":{"8":[175],"5":[160],"6":[165],"7":[170]},"15":{"8":[175],"5":[160],"6":[165],"7":[170]},"16":{"8":[175],"5":[160],"6":[165],"7":[170]},"17":{"8":[175],"5":[160],"6":[165],"7":[170]},"18":{"8":[175],"5":[160],"6":[165],"7":[170]},"19":{"8":[175],"5":[160],"6":[165],"7":[170]},"1":{"8":[200],"3":[170],"4":[175],"5":[180],"6":[185],"7":[190]},"2":{"8":[200],"3":[170],"4":[175],"5":[180],"6":[185],"7":[190]},"3":{"8":[200],"3":[170],"4":[175],"5":[180],"6":[185],"7":[190]},"4":{"8":[200],"3":[170],"4":[175],"5":[180],"6":[185],"7":[190]},"5":{"8":[200],"3":[170],"4":[175],"5":[180],"6":[185],"7":[190]},"6":{"8":[200],"3":[170],"4":[175],"5":[180],"6":[185],"7":[190]},"7":{"8":[200],"4":[175],"5":[180],"6":[185],"7":[190]},"20":{"8":[200],"5":[180],"6":[185],"7":[190]},"10":{"8":[200],"3":[170],"4":[175],"5":[180],"6":[185],"7":[190]},"21":{"8":[200],"5":[180],"6":[185],"7":[190]}},"3":{"11":{"8":[185],"5":[170],"6":[175],"7":[180]},"12":{"8":[200],"3":[175],"4":[180],"5":[185],"6":[190],"7":[195]},"13":{"8":[185],"5":[170],"6":[175],"7":[180]},"14":{"8":[185],"5":[170],"6":[175],"7":[180]},"15":{"8":[185],"5":[170],"6":[175],"7":[180]},"16":{"8":[185],"5":[170],"6":[175],"7":[180]},"17":{"8":[185],"5":[170],"6":[175],"7":[180]},"18":{"8":[185],"5":[170],"6":[175],"7":[180]},"19":{"8":[185],"5":[170],"6":[175],"7":[180]},"1":{"8":[200],"3":[175],"4":[180],"5":[185],"6":[190],"7":[195]},"2":{"8":[200],"3":[175],"4":[180],"5":[185],"6":[190],"7":[195]},"3":{"8":[200],"3":[175],"4":[180],"5":[185],"6":[190],"7":[195]},"4":{"8":[200],"3":[175],"4":[180],"5":[185],"6":[190],"7":[195]},"5":{"8":[200],"3":[175],"4":[180],"5":[185],"6":[190],"7":[195]},"6":{"8":[200],"3":[175],"4":[180],"5":[185],"6":[190],"7":[195]},"7":{"8":[200],"3":[175],"4":[180],"5":[185],"6":[190],"7":[195]},"20":{"8":[200],"5":[185],"6":[190],"7":[195]},"10":{"8":[200],"3":[175],"4":[180],"5":[185],"6":[190],"7":[195]},"21":{"8":[200],"5":[185],"6":[190],"7":[195]}},"4":{"11":{"8":[190],"5":[175],"6":[180],"7":[185]},"12":{"8":[200],"3":[180],"4":[185],"5":[190],"6":[195],"7":[200]},"13":{"8":[190],"5":[175],"6":[180],"7":[185]},"14":{"8":[190],"5":[175],"6":[180],"7":[185]},"15":{"8":[190],"5":[175],"6":[180],"7":[185]},"16":{"8":[190],"5":[175],"6":[180],"7":[185]},"17":{"8":[190],"5":[175],"6":[180],"7":[185]},"18":{"8":[190],"5":[175],"6":[180],"7":[185]},"19":{"8":[190],"5":[175],"6":[180],"7":[185]},"1":{"8":[200],"3":[180],"4":[185],"5":[190],"6":[195],"7":[200]},"2":{"8":[200],"3":[180],"4":[185],"5":[190],"6":[195],"7":[200]},"3":{"8":[200],"3":[180],"4":[185],"5":[190],"6":[195],"7":[200]},"4":{"8":[200],"3":[180],"4":[185],"5":[190],"6":[195],"7":[200]},"5":{"8":[200],"3":[180],"4":[185],"5":[190],"6":[195],"7":[200]},"6":{"8":[200],"3":[180],"4":[185],"5":[190],"6":[195],"7":[200]},"7":{"8":[200],"3":[180],"4":[185],"5":[190],"6":[195],"7":[200]},"20":{"8":[200],"5":[190],"6":[195],"7":[200]},"10":{"8":[200],"3":[180],"4":[185],"5":[190],"6":[195],"7":[200]},"21":{"8":[200],"5":[190],"6":[195],"7":[200]}}},"13":300000,"24":3000,"14":5000,"25":50,"15":5000,"26":0,"16":500,"27":0,"17":100,"18":1,"19":1,"2":0,"3":100,"group_id":1,"6":1,"8":20,"20":2,"21":300000},"rid":8}
03/02/2016 20:47:30	Server says: {"type":"RESPONSE","action":"rates/history","body":{"data":[[1454515335,1.10563],[1454515350,1.10553],[1454515365,1.10583],[1454515380,1.10597],[1454515395,1.10596],[1454515410,1.10599],[1454515425,1.10616],[1454515440,1.10581],[1454515455,1.10609],[1454515470,1.106],[1454515485,1.10586],[1454515500,1.10554],[1454515515,1.10554],[1454515530,1.10545],[1454515545,1.10566],[1454515560,1.10601],[1454515575,1.1062],[1454515590,1.10653],[1454515605,1.10625],[1454515620,1.10632],[1454515635,1.10649],[1454515650,1.10658],[1454515665,1.10688],[1454515680,1.1066],[1454515695,1.10656],[1454515710,1.10655],[1454515725,1.10646],[1454515740,1.10688],[1454515755,1.10668],[1454515770,1.10665],[1454515785,1.10684],[1454515800,1.10712],[1454515815,1.10743],[1454515830,1.10713],[1454515845,1.10706],[1454515860,1.10734],[1454515875,1.10726],[1454515890,1.10699],[1454515905,1.10667],[1454515920,1.10643],[1454515935,1.10617],[1454515950,1.10644],[1454515965,1.10642],[1454515980,1.10644],[1454515995,1.10643],[1454516010,1.10629],[1454516025,1.1067],[1454516040,1.10669],[1454516055,1.10664],[1454516070,1.10624],[1454516085,1.10644],[1454516100,1.10617],[1454516115,1.10628],[1454516130,1.10605],[1454516145,1.10611],[1454516160,1.10633],[1454516175,1.10656],[1454516190,1.10669],[1454516205,1.10635],[1454516220,1.10614],[1454516235,1.10655],[1454516250,1.10664],[1454516265,1.10632],[1454516280,1.10654],[1454516295,1.10659],[1454516310,1.10618],[1454516325,1.10626],[1454516340,1.10595],[1454516355,1.10583],[1454516370,1.10581],[1454516385,1.10581],[1454516400,1.10559],[1454516415,1.10551],[1454516430,1.10539],[1454516445,1.10538],[1454516460,1.10526],[1454516475,1.10516],[1454516490,1.1052],[1454516505,1.10536],[1454516520,1.10508],[1454516535,1.10508],[1454516550,1.10491],[1454516565,1.10496],[1454516580,1.10492],[1454516595,1.10489],[1454516610,1.105],[1454516625,1.10496],[1454516640,1.10536],[1454516655,1.10516],[1454516670,1.10504],[1454516685,1.105],[1454516700,1.10503],[1454516715,1.10505],[1454516730,1.10502],[1454516745,1.10497],[1454516760,1.10487],[1454516775,1.10483],[1454516790,1.10489],[1454516805,1.10495],[1454516820,1.10477],[1454516835,1.10484],[1454516850,1.10473],[1454516865,1.10469],[1454516880,1.10461],[1454516895,1.10473],[1454516910,1.10463],[1454516925,1.10474],[1454516940,1.10465],[1454516955,1.10467],[1454516970,1.10478],[1454516985,1.10494],[1454517000,1.10517],[1454517015,1.10506],[1454517030,1.10517],[1454517045,1.10507],[1454517060,1.10521],[1454517075,1.10522],[1454517090,1.10506],[1454517105,1.10493],[1454517120,1.10499],[1454517135,1.1051],[1454517150,1.10523],[1454517165,1.10513],[1454517180,1.10485],[1454517195,1.10506],[1454517210,1.10519],[1454517225,1.10578],[1454517240,1.1054],[1454517255,1.10543],[1454517270,1.10569],[1454517285,1.10566],[1454517300,1.1053],[1454517315,1.10549],[1454517330,1.10566],[1454517345,1.10589],[1454517360,1.10578],[1454517375,1.10583],[1454517390,1.10591],[1454517405,1.10592],[1454517420,1.10579],[1454517435,1.10574],[1454517450,1.10571],[1454517465,1.10573],[1454517480,1.10564],[1454517495,1.10549],[1454517510,1.10536],[1454517525,1.1055],[1454517540,1.10536],[1454517555,1.10551],[1454517570,1.10549],[1454517585,1.10558],[1454517600,1.10553],[1454517615,1.10547],[1454517630,1.10541],[1454517645,1.10529],[1454517660,1.10537],[1454517675,1.10562],[1454517690,1.10562],[1454517705,1.10531],[1454517720,1.10535],[1454517735,1.10546],[1454517750,1.10551],[1454517765,1.10561],[1454517780,1.10558],[1454517795,1.10558],[1454517810,1.10563],[1454517825,1.10555],[1454517840,1.10535],[1454517855,1.10532],[1454517870,1.10564],[1454517885,1.10569],[1454517900,1.10579],[1454517915,1.10586],[1454517930,1.10588],[1454517945,1.10583],[1454517960,1.10554],[1454517975,1.10539],[1454517990,1.10533],[1454518005,1.10529],[1454518020,1.10534],[1454518035,1.10511]]},"rid":11}
03/02/2016 20:47:30	Server says: {"type":"RESPONSE","action":"rates/last","body":{"data":[{"asset_id":1,"lts":1454518047084,"value":1.10511},{"asset_id":2,"lts":1454518046015,"value":1.45768},{"asset_id":3,"lts":1454518046976,"value":1.00775},{"asset_id":4,"lts":1454518046593,"value":117.964},{"asset_id":5,"lts":1454518047119,"value":1.38485},{"asset_id":6,"lts":1454518046646,"value":0.71296},{"asset_id":7,"lts":1454518046565,"value":0.66549},{"asset_id":10,"lts":1454518047114,"value":130.373},{"asset_id":11,"lts":1454518046976,"value":0.75804},{"asset_id":12,"lts":1454518046607,"value":171.957},{"asset_id":13,"lts":1454518047009,"value":1.53031},{"asset_id":14,"lts":1454518046976,"value":1.54966},{"asset_id":15,"lts":1454518046529,"value":84.11},{"asset_id":16,"lts":1454518046648,"value":2.044},{"asset_id":17,"lts":1454518046976,"value":2.01856},{"asset_id":18,"lts":1454518046693,"value":1.46894},{"asset_id":19,"lts":1454518047034,"value":78.503},{"asset_id":20,"lts":1454518046078,"value":1139.06},{"asset_id":21,"lts":1454518013544,"value":14.636}]},"rid":12}
03/02/2016 20:47:30	Server says: {"type":"RESPONSE","action":"options","body":{"data":[]},"rid":13}
03/02/2016 20:47:30	Server says: {"type":"RESPONSE","action":"+traders_choice","body":{"sid":1347195},"rid":16}
03/02/2016 20:47:30	Server says: {"type":"RESPONSE","action":"time","body":{"lts":1454518047298},"rid":18}
03/02/2016 20:47:30	Server says: {"type":"RESPONSE","action":"traders_choice","body":{"option_type_id":1,"time_frame_id":3,"asset_id":1,"up":28},"rid":15}
03/02/2016 20:47:30	Server says: {"type":"RESPONSE","action":"report","body":{"data":[{"operation":{"type_id":4,"description":"","external_id":1610075,"lts":1453445314240,"id":3229516,"result_equity":295.0,"equity":-5.0},"option":{"expiry_lts":1453445314211,"operation_expiry_id":3229516,"open_lts":1453430914211,"loss_percent":0,"expiry_rate":{"value":"1.08367","lts":1453445312196,"asset_id":1},"payout":0.0,"asset_id":1,"win_percent":175,"expiry_reason_id":1,"direction_id":1,"id":1610075,"state_id":6,"open_rate":{"value":"1.08375","lts":1453430913884,"asset_id":1},"amount":5.0,"manually":0,"operation_buy_id":3228695,"type_id":1,"expiry_real_time":0,"forecast_2":null,"forecast":null,"time_frame_id":7,"account_id":4553886,"result_id":2,"expiry_real_lts":1453445314239,"expiry_time":1453445314211,"parity_percent":100}},{"operation":{"type_id":1,"description":"IntrFr USD11031743 13255399","external_id":13255399,"lts":1452642531255,"id":3162222,"result_equity":300.0,"equity":300.0}},{"operation":{"type_id":2,"description":"IntrTo USD11031743 11944944","external_id":53391,"lts":1439854308000,"id":1994344,"result_equity":0.0,"equity":500.0}},{"operation":{"type_id":1,"description":"IntrFr USD11031743 11944673","external_id":53375,"lts":1439846061000,"id":1994343,"result_equity":500.0,"equity":500.0}}],"total":4},"rid":17}
03/02/2016 20:47:30	Server says: {"type":"EVENT","action":"rate","body":{"value":1.10513,"lts":1454518047521,"asset_id":1},"rid":0,"aid":2,"sid":1347193}
03/02/2016 20:47:30	Server says: {"type":"EVENT","action":"rate","body":{"value":1.10512,"lts":1454518047727,"asset_id":1},"rid":0,"aid":3,"sid":1347193}
03/02/2016 20:47:31	Server says: {"type":"EVENT","action":"rate","body":{"value":1.10511,"lts":1454518048393,"asset_id":1},"rid":0,"aid":4,"sid":1347193}
03/02/2016 20:47:31	Server says: {"type":"EVENT","action":"rate","body":{"value":1.1051,"lts":1454518048615,"asset_id":1},"rid":0,"aid":5,"sid":1347193}
03/02/2016 20:47:32	Server says: {"type":"EVENT","action":"rate","body":{"value":1.10511,"lts":1454518049563,"asset_id":1},"rid":0,"aid":6,"sid":1347193}
03/02/2016 20:47:32	Server says: {"type":"EVENT","action":"rate","body":{"value":1.10505,"lts":1454518049817,"asset_id":1},"rid":0,"aid":7,"sid":1347193}
03/02/2016 20:47:33	Server says: {"type":"EVENT","action":"rate","body":{"value":1.10506,"lts":1454518050062,"asset_id":1},"rid":0,"aid":8,"sid":1347193}
03/02/2016 20:47:33	Server says: {"type":"RESPONSE","action":"time","body":{"lts":1454518050171},"rid":19}
03/02/2016 20:47:33	Server says: {"type":"EVENT","action":"rate","body":{"value":1.10508,"lts":1454518050259,"asset_id":1},"rid":0,"aid":9,"sid":1347193}
03/02/2016 20:47:33	Server says: {"type":"EVENT","action":"rate","body":{"value":1.10509,"lts":1454518050487,"asset_id":1},"rid":0,"aid":10,"sid":1347193}
03/02/2016 20:47:33	Server says: {"type":"EVENT","action":"rate","body":{"value":1.10513,"lts":1454518050903,"asset_id":1},"rid":0,"aid":11,"sid":1347193}
03/02/2016 20:47:34	Server says: {"type":"EVENT","action":"rate","body":{"value":1.10514,"lts":1454518051467,"asset_id":1},"rid":0,"aid":12,"sid":1347193}
03/02/2016 20:47:34	Server says: {"type":"EVENT","action":"rate","body":{"value":1.10517,"lts":1454518051923,"asset_id":1},"rid":0,"aid":13,"sid":1347193}
03/02/2016 20:47:35	Server says: {"type":"EVENT","action":"rate","body":{"value":1.10518,"lts":1454518052565,"asset_id":1},"rid":0,"aid":14,"sid":1347193}
03/02/2016 20:47:35	Server says: {"type":"EVENT","action":"rate","body":{"value":1.10521,"lts":1454518052769,"asset_id":1},"rid":0,"aid":15,"sid":1347193}
03/02/2016 20:47:36	Server says: {"type":"RESPONSE","action":"time","body":{"lts":1454518053171},"rid":20}
03/02/2016 20:47:36	Server says: {"type":"EVENT","action":"rate","body":{"value":1.10522,"lts":1454518053170,"asset_id":1},"rid":0,"aid":16,"sid":1347193}
03/02/2016 20:47:36	Server says: {"type":"EVENT","action":"rate","body":{"value":1.10523,"lts":1454518053416,"asset_id":1},"rid":0,"aid":17,"sid":1347193}
03/02/2016 20:47:37	Server says: {"type":"EVENT","action":"rate","body":{"value":1.10525,"lts":1454518054917,"asset_id":1},"rid":0,"aid":18,"sid":1347193}
03/02/2016 20:47:38	Server says: {"type":"EVENT","action":"rate","body":{"value":1.10527,"lts":1454518055124,"asset_id":1},"rid":0,"aid":19,"sid":1347193}
03/02/2016 20:47:38	Server says: {"type":"EVENT","action":"rate","body":{"value":1.10528,"lts":1454518055330,"asset_id":1},"rid":0,"aid":20,"sid":1347193}
03/02/2016 20:47:38	Server says: {"type":"EVENT","action":"rate","body":{"value":1.10529,"lts":1454518055546,"asset_id":1},"rid":0,"aid":21,"sid":1347193}
03/02/2016 20:47:38	Server says: {"type":"EVENT","action":"rate","body":{"value":1.10528,"lts":1454518055737,"asset_id":1},"rid":0,"aid":22,"sid":1347193}
03/02/2016 20:47:38	Server says: {"type":"EVENT","action":"rate","body":{"value":1.10527,"lts":1454518055955,"asset_id":1},"rid":0,"aid":23,"sid":1347193}
03/02/2016 20:47:39	Server says: {"type":"RESPONSE","action":"time","body":{"lts":1454518056173},"rid":21}
03/02/2016 20:47:39	Server says: {"type":"EVENT","action":"rate","body":{"value":1.10528,"lts":1454518057001,"asset_id":1},"rid":0,"aid":24,"sid":1347193}
03/02/2016 20:47:40	Server says: {"type":"EVENT","action":"rate","body":{"value":1.10529,"lts":1454518057416,"asset_id":1},"rid":0,"aid":25,"sid":1347193}
03/02/2016 20:47:40	Server says: {"type":"EVENT","action":"rate","body":{"value":1.10528,"lts":1454518057622,"asset_id":1},"rid":0,"aid":26,"sid":1347193}
03/02/2016 20:47:40	Server says: {"type":"EVENT","action":"rate","body":{"value":1.10527,"lts":1454518057832,"asset_id":1},"rid":0,"aid":27,"sid":1347193}
03/02/2016 20:47:41	Server says: {"type":"EVENT","action":"rate","body":{"value":1.10526,"lts":1454518058039,"asset_id":1},"rid":0,"aid":28,"sid":1347193}
03/02/2016 20:47:41	Server says: {"type":"EVENT","action":"rate","body":{"value":1.10522,"lts":1454518058239,"asset_id":1},"rid":0,"aid":29,"sid":1347193}
03/02/2016 20:47:41	Server says: {"type":"EVENT","action":"rate","body":{"value":1.10518,"lts":1454518058443,"asset_id":1},"rid":0,"aid":30,"sid":1347193}
03/02/2016 20:47:41	Server says: {"type":"EVENT","action":"rate","body":{"value":1.1052,"lts":1454518058661,"asset_id":1},"rid":0,"aid":31,"sid":1347193}
03/02/2016 20:47:41	Server says: {"type":"EVENT","action":"rate","body":{"value":1.10521,"lts":1454518058862,"asset_id":1},"rid":0,"aid":32,"sid":1347193}
03/02/2016 20:47:42	Server says: {"type":"EVENT","action":"rate","body":{"value":1.10522,"lts":1454518059087,"asset_id":1},"rid":0,"aid":33,"sid":1347193}
03/02/2016 20:47:42	Server says: {"type":"RESPONSE","action":"time","body":{"lts":1454518059176},"rid":22}
03/02/2016 20:47:43	Server says: {"type":"EVENT","action":"rate","body":{"value":1.1052,"lts":1454518060106,"asset_id":1},"rid":0,"aid":34,"sid":1347193}
03/02/2016 20:47:43	Server says: {"type":"EVENT","action":"rate","body":{"value":1.10521,"lts":1454518060313,"asset_id":1},"rid":0,"aid":35,"sid":1347193}
03/02/2016 20:47:43	Server says: {"type":"EVENT","action":"rate","body":{"value":1.1052,"lts":1454518060517,"asset_id":1},"rid":0,"aid":36,"sid":1347193}
03/02/2016 20:47:43	Server says: {"type":"EVENT","action":"rate","body":{"value":1.10518,"lts":1454518060721,"asset_id":1},"rid":0,"aid":37,"sid":1347193}
03/02/2016 20:47:45	Server says: {"type":"EVENT","action":"rate","body":{"value":1.10516,"lts":1454518062071,"asset_id":1},"rid":0,"aid":38,"sid":1347193}
03/02/2016 20:47:45	Server says: {"type":"RESPONSE","action":"time","body":{"lts":1454518062173},"rid":23}
03/02/2016 20:47:45	Server says: {"type":"EVENT","action":"rate","body":{"value":1.10515,"lts":1454518062261,"asset_id":1},"rid":0,"aid":39,"sid":1347193}
03/02/2016 20:47:45	Server says: {"type":"EVENT","action":"rate","body":{"value":1.10517,"lts":1454518062920,"asset_id":1},"rid":0,"aid":40,"sid":1347193}
03/02/2016 20:47:47	Server says: {"type":"EVENT","action":"rate","body":{"value":1.10518,"lts":1454518064816,"asset_id":1},"rid":0,"aid":41,"sid":1347193}
03/02/2016 20:47:48	Server says: {"type":"EVENT","action":"rate","body":{"value":1.1052,"lts":1454518065036,"asset_id":1},"rid":0,"aid":42,"sid":1347193}
03/02/2016 20:47:48	Server says: {"type":"RESPONSE","action":"time","body":{"lts":1454518065176},"rid":24}
03/02/2016 20:47:48	Server says: {"type":"EVENT","action":"rate","body":{"value":1.10518,"lts":1454518065266,"asset_id":1},"rid":0,"aid":43,"sid":1347193}
03/02/2016 20:47:48	Server says: {"type":"EVENT","action":"rate","body":{"value":1.1052,"lts":1454518065475,"asset_id":1},"rid":0,"aid":44,"sid":1347193}
03/02/2016 20:47:48	Server says: {"type":"EVENT","action":"rate","body":{"value":1.10522,"lts":1454518065688,"asset_id":1},"rid":0,"aid":45,"sid":1347193}
03/02/2016 20:47:48	Server says: {"type":"EVENT","action":"rate","body":{"value":1.10523,"lts":1454518065890,"asset_id":1},"rid":0,"aid":46,"sid":1347193}
03/02/2016 20:47:49	Server says: {"type":"EVENT","action":"rate","body":{"value":1.10522,"lts":1454518066312,"asset_id":1},"rid":0,"aid":47,"sid":1347193}
03/02/2016 20:47:49	Server says: {"type":"EVENT","action":"rate","body":{"value":1.10523,"lts":1454518066734,"asset_id":1},"rid":0,"aid":48,"sid":1347193}
03/02/2016 20:47:50	Server says: {"type":"EVENT","action":"rate","body":{"value":1.10528,"lts":1454518067248,"asset_id":1},"rid":0,"aid":49,"sid":1347193}
03/02/2016 20:47:50	Server says: {"type":"EVENT","action":"rate","body":{"value":1.10526,"lts":1454518067454,"asset_id":1},"rid":0,"aid":50,"sid":1347193}
03/02/2016 20:47:51	Server says: {"type":"EVENT","action":"rate","body":{"value":1.10525,"lts":1454518068161,"asset_id":1},"rid":0,"aid":51,"sid":1347193}
03/02/2016 20:47:51	Server says: {"type":"RESPONSE","action":"time","body":{"lts":1454518068174},"rid":25}
03/02/2016 20:47:51	Server says: {"type":"EVENT","action":"rate","body":{"value":1.10526,"lts":1454518068574,"asset_id":1},"rid":0,"aid":52,"sid":1347193}
03/02/2016 20:47:53	Server says: {"type":"EVENT","action":"rate","body":{"value":1.10524,"lts":1454518070560,"asset_id":1},"rid":0,"aid":53,"sid":1347193}
03/02/2016 20:47:53	Server says: {"type":"EVENT","action":"rate","body":{"value":1.1052,"lts":1454518070757,"asset_id":1},"rid":0,"aid":54,"sid":1347193}
03/02/2016 20:47:53	Server says: {"type":"EVENT","action":"rate","body":{"value":1.10518,"lts":1454518070975,"asset_id":1},"rid":0,"aid":55,"sid":1347193}
03/02/2016 20:47:54	Server says: {"type":"RESPONSE","action":"time","body":{"lts":1454518071176},"rid":26}
03/02/2016 20:47:54	Server says: {"type":"EVENT","action":"rate","body":{"value":1.10515,"lts":1454518071175,"asset_id":1},"rid":0,"aid":56,"sid":1347193}
03/02/2016 20:47:54	Server says: {"type":"EVENT","action":"rate","body":{"value":1.10513,"lts":1454518071614,"asset_id":1},"rid":0,"aid":57,"sid":1347193}
03/02/2016 20:47:55	Server says: {"type":"EVENT","action":"rate","body":{"value":1.10512,"lts":1454518072662,"asset_id":1},"rid":0,"aid":58,"sid":1347193}
03/02/2016 20:47:55	Server says: {"type":"EVENT","action":"rate","body":{"value":1.10511,"lts":1454518072952,"asset_id":1},"rid":0,"aid":59,"sid":1347193}
03/02/2016 20:47:56	Server says: {"type":"EVENT","action":"rate","body":{"value":1.10512,"lts":1454518073420,"asset_id":1},"rid":0,"aid":60,"sid":1347193}
03/02/2016 20:47:56	Server says: {"type":"EVENT","action":"rate","body":{"value":1.10515,"lts":1454518073639,"asset_id":1},"rid":0,"aid":61,"sid":1347193}
03/02/2016 20:47:57	Server says: {"type":"RESPONSE","action":"time","body":{"lts":1454518074178},"rid":27}
03/02/2016 20:47:58	Server says: {"type":"EVENT","action":"rate","body":{"value":1.10516,"lts":1454518075525,"asset_id":1},"rid":0,"aid":62,"sid":1347193}
03/02/2016 20:47:58	Server says: {"type":"EVENT","action":"rate","body":{"value":1.10518,"lts":1454518075734,"asset_id":1},"rid":0,"aid":63,"sid":1347193}
03/02/2016 20:47:59	Server says: {"type":"EVENT","action":"rate","body":{"value":1.10517,"lts":1454518076002,"asset_id":1},"rid":0,"aid":64,"sid":1347193}
03/02/2016 20:47:59	Server says: {"type":"EVENT","action":"rate","body":{"value":1.10518,"lts":1454518076205,"asset_id":1},"rid":0,"aid":65,"sid":1347193}
03/02/2016 20:47:59	Server says: {"type":"EVENT","action":"rate","body":{"value":1.10519,"lts":1454518076612,"asset_id":1},"rid":0,"aid":66,"sid":1347193}
03/02/2016 20:47:59	Server says: {"type":"EVENT","action":"rate","body":{"value":1.10521,"lts":1454518076825,"asset_id":1},"rid":0,"aid":67,"sid":1347193}
03/02/2016 20:48:00	Server says: {"type":"RESPONSE","action":"time","body":{"lts":1454518077186},"rid":28}
03/02/2016 20:48:00	Server says: {"type":"EVENT","action":"rate","body":{"value":1.10522,"lts":1454518077218,"asset_id":1},"rid":0,"aid":68,"sid":1347193}
03/02/2016 20:48:00	Server says: {"type":"EVENT","action":"rate","body":{"value":1.10521,"lts":1454518077628,"asset_id":1},"rid":0,"aid":69,"sid":1347193}
03/02/2016 20:48:01	Server says: {"type":"EVENT","action":"rate","body":{"value":1.10526,"lts":1454518078342,"asset_id":1},"rid":0,"aid":70,"sid":1347193}
03/02/2016 20:48:01	Server says: {"type":"EVENT","action":"rate","body":{"value":1.10528,"lts":1454518078557,"asset_id":1},"rid":0,"aid":71,"sid":1347193}
03/02/2016 20:48:01	Server says: {"type":"EVENT","action":"rate","body":{"value":1.1053,"lts":1454518078751,"asset_id":1},"rid":0,"aid":72,"sid":1347193}
03/02/2016 20:48:02	Server says: {"type":"EVENT","action":"rate","body":{"value":1.10531,"lts":1454518079415,"asset_id":1},"rid":0,"aid":73,"sid":1347193}
03/02/2016 20:48:03	Server says: {"type":"RESPONSE","action":"time","body":{"lts":1454518080184},"rid":29}
03/02/2016 20:48:03	Server says: {"type":"EVENT","action":"rate","body":{"value":1.1053,"lts":1454518080477,"asset_id":1},"rid":0,"aid":74,"sid":1347193}
03/02/2016 20:48:04	Server says: {"type":"EVENT","action":"rate","body":{"value":1.10526,"lts":1454518081099,"asset_id":1},"rid":0,"aid":75,"sid":1347193}
03/02/2016 20:48:05	Server says: {"type":"EVENT","action":"rate","body":{"value":1.10527,"lts":1454518082036,"asset_id":1},"rid":0,"aid":76,"sid":1347193}
03/02/2016 20:48:05	Server says: {"type":"EVENT","action":"rate","body":{"value":1.10526,"lts":1454518082859,"asset_id":1},"rid":0,"aid":77,"sid":1347193}
03/02/2016 20:48:06	Server says: {"type":"RESPONSE","action":"time","body":{"lts":1454518083186},"rid":30}
03/02/2016 20:48:06	Server says: {"type":"EVENT","action":"rate","body":{"value":1.10527,"lts":1454518083315,"asset_id":1},"rid":0,"aid":78,"sid":1347193}
03/02/2016 20:48:06	Server says: {"type":"EVENT","action":"rate","body":{"value":1.10525,"lts":1454518083564,"asset_id":1},"rid":0,"aid":79,"sid":1347193}
03/02/2016 20:48:07	Server says: {"type":"EVENT","action":"rate","body":{"value":1.10527,"lts":1454518084192,"asset_id":1},"rid":0,"aid":80,"sid":1347193}
03/02/2016 20:48:07	Server says: {"type":"EVENT","action":"rate","body":{"value":1.10528,"lts":1454518084405,"asset_id":1},"rid":0,"aid":81,"sid":1347193}
03/02/2016 20:48:07	Server says: {"type":"EVENT","action":"rate","body":{"value":1.1053,"lts":1454518084615,"asset_id":1},"rid":0,"aid":82,"sid":1347193}
03/02/2016 20:48:08	Server says: {"type":"EVENT","action":"rate","body":{"value":1.10525,"lts":1454518085640,"asset_id":1},"rid":0,"aid":83,"sid":1347193}
03/02/2016 20:48:09	Server says: {"type":"RESPONSE","action":"time","body":{"lts":1454518086184},"rid":31}
03/02/2016 20:48:09	Server says: {"type":"EVENT","action":"rate","body":{"value":1.10526,"lts":1454518086311,"asset_id":1},"rid":0,"aid":84,"sid":1347193}
03/02/2016 20:48:10	Server says: {"type":"EVENT","action":"rate","body":{"value":1.10529,"lts":1454518087487,"asset_id":1},"rid":0,"aid":85,"sid":1347193}
03/02/2016 20:48:11	Server says: {"type":"EVENT","action":"rate","body":{"value":1.1053,"lts":1454518088127,"asset_id":1},"rid":0,"aid":86,"sid":1347193}
03/02/2016 20:48:11	Server says: {"type":"EVENT","action":"rate","body":{"value":1.10529,"lts":1454518088386,"asset_id":1},"rid":0,"aid":87,"sid":1347193}
03/02/2016 20:48:11	Server says: {"type":"EVENT","action":"rate","body":{"value":1.10528,"lts":1454518088660,"asset_id":1},"rid":0,"aid":88,"sid":1347193}
03/02/2016 20:48:12	Server says: {"type":"RESPONSE","action":"time","body":{"lts":1454518089187},"rid":32}
03/02/2016 20:48:13	Server says: {"type":"EVENT","action":"rate","body":{"value":1.1053,"lts":1454518090668,"asset_id":1},"rid":0,"aid":89,"sid":1347193}
03/02/2016 20:48:13	Server says: {"type":"EVENT","action":"rate","body":{"value":1.10529,"lts":1454518090881,"asset_id":1},"rid":0,"aid":90,"sid":1347193}
03/02/2016 20:48:14	Server says: {"type":"EVENT","action":"rate","body":{"value":1.10528,"lts":1454518091087,"asset_id":1},"rid":0,"aid":91,"sid":1347193}
