03/02/2016 21:13:06	Alpari client starting!
03/02/2016 21:13:06	Sending web request to https://my.alpari.ru/ru/
03/02/2016 21:13:10	Logged in
03/02/2016 21:13:10	Sending web request to https://my.alpari.ru/ru/platforms/binarytrader/
03/02/2016 21:13:11	Token: d1d68146e66aa05d5e4079cb66179dabebc74a51
03/02/2016 21:13:11	CONNECTION CLOSED
03/02/2016 21:13:12	
**********************************************
Alpari Websocket connected!!!
**********************************************
03/02/2016 21:13:13	Setting dictionary
03/02/2016 21:13:14	Tick: 1.10495
03/02/2016 21:13:17	Tick: 1.10496
03/02/2016 21:13:18	Tick: 1.10495
03/02/2016 21:13:18	Tick: 1.10494
03/02/2016 21:13:20	Tick: 1.10497
03/02/2016 21:13:21	Tick: 1.10496
03/02/2016 21:13:22	Tick: 1.10498
03/02/2016 21:13:22	Tick: 1.10497
03/02/2016 21:13:23	Tick: 1.10496
03/02/2016 21:13:23	Tick: 1.10498
