27/01/2016 18:03:49	Alpari client starting!
27/01/2016 18:03:49	Sending web request to https://my.alpari.ru/ru/
27/01/2016 18:03:52	Logged in
27/01/2016 18:03:52	Sending web request to https://my.alpari.ru/ru/platforms/binarytrader/
27/01/2016 18:03:52	Token: 89ed6a71affd3bd937666393b37df54f9cea3451
27/01/2016 18:03:53	CONNECTION CLOSED
27/01/2016 18:03:53	Server says: {"type":"RESPONSE","action":"time","body":{"lts":1453903431123},"rid":2}
27/01/2016 18:03:53	Server says: {"type":"RESPONSE","action":"auth","body":{"trade_group_id":1,"currency_id":840,"account_id":4553886},"rid":1}
27/01/2016 18:03:54	
**********************************************
Alpari Websocket connected!!!
**********************************************
27/01/2016 18:03:54	Server says: {"type":"RESPONSE","action":"dictionary","body":{"assets":[{"decimals":5,"name":"EURUSD","id":1},{"decimals":5,"name":"GBPUSD","id":2},{"decimals":5,"name":"USDCHF","id":3},{"decimals":3,"name":"USDJPY","id":4},{"decimals":5,"name":"USDCAD","id":5},{"decimals":5,"name":"AUDUSD","id":6},{"decimals":5,"name":"NZDUSD","id":7},{"decimals":3,"name":"EURJPY","id":10},{"decimals":5,"name":"EURGBP","id":11},{"decimals":3,"name":"GBPJPY","id":12},{"decimals":5,"name":"EURCAD","id":13},{"decimals":5,"name":"EURAUD","id":14},{"decimals":3,"name":"AUDJPY","id":15},{"decimals":5,"name":"GBPAUD","id":16},{"decimals":5,"name":"GBPCAD","id":17},{"decimals":5,"name":"GBPCHF","id":18},{"decimals":3,"name":"NZDJPY","id":19},{"decimals":3,"name":"XAUUSD","id":20},{"decimals":3,"name":"XAGUSD","id":21}],"currencies":[{"name":"EUR","id":978},{"name":"RUR","id":643},{"name":"USD","id":840},{"name":"GLD","id":10959}],"time_frames":[{"history_size":0,"period":60,"bar_size":1,"name":"1M","id":1},{"history_size":0,"period":300,"bar_size":5,"name":"5M","id":2},{"history_size":0,"period":900,"bar_size":15,"name":"15M","id":3},{"history_size":0,"period":1800,"bar_size":30,"name":"30M","id":4},{"history_size":0,"period":5,"bar_size":1,"name":"5S","id":100},{"history_size":0,"period":3600,"bar_size":60,"name":"1H","id":5},{"history_size":0,"period":7200,"bar_size":60,"name":"2H","id":6},{"history_size":0,"period":14400,"bar_size":300,"name":"4H","id":7},{"history_size":0,"period":86400,"bar_size":1800,"name":"1D","id":8}],"option_types":[{"id":1,"name":"call_put"},{"id":2,"name":"touch"},{"id":3,"name":"range"},{"id":4,"name":"spread"}],"operation_types":[{"name":"deposit","id":1},{"name":"withdrawal","id":2},{"name":"buy","id":3},{"name":"expiry","id":4},{"name":"compensation","id":7}],"directions":[{"name":"call","id":1},{"name":"put","id":2},{"name":"in","id":3},{"name":"out","id":4}],"option_states":[{"name":"approved","id":2},{"name":"started","id":3},{"name":"closed","id":6}],"option_expiry_reasons":[{"name":"time","id":1},{"name":"touch","id":2},{"name":"early","id":3}],"option_results":[{"name":"win","id":1},{"name":"loss","id":2},{"name":"parity","id":3}],"trade_settings":[{"name":"payout_win","id":1},{"name":"payout_lose","id":2},{"name":"payout_parity","id":3},{"name":"enable","id":6},{"name":"enable_permanent","id":7},{"name":"max_bet_643","id":13},{"name":"max_bet_840","id":14},{"name":"max_bet_978","id":15},{"name":"max_bet_10959","id":16},{"name":"min_bet_643","id":17},{"name":"min_bet_840","id":18},{"name":"min_bet_978","id":19},{"name":"min_bet_10959","id":20},{"name":"max_amount_active_options_643","id":21},{"name":"max_amount_active_options_840","id":22},{"name":"max_amount_active_options_978","id":23},{"name":"max_amount_active_options_10959","id":24},{"name":"early_win_percent","id":25},{"name":"early_loss_percent","id":26},{"name":"early_parity_percent","id":27}]},"rid":4}
27/01/2016 18:03:54	Server says: {"type":"RESPONSE","action":"+rate","body":{"sid":720488},"rid":7}
27/01/2016 18:03:54	Server says: {"type":"RESPONSE","action":"account","body":{"ops_counter":{"EXPIRY":1,"DEPOSIT":2,"WITHDRAWAL":1,"COMPENSATION":0,"BUY":1},"bonus_level":"0.0","test":false,"bonus":"0.0","hold_equity":"0.00","net_equity":"295.00","create_lts":1439845906000,"equity":"295.00","client_id":11031743,"change_lts":1452642531255,"blocked":false,"hold_bonus":"0.0","id":4553886,"currency_id":840},"rid":3}
27/01/2016 18:03:54	Server says: {"type":"RESPONSE","action":"trade_state","body":{"scheduler_lts":1454104500000,"trade_state":true},"rid":5}
27/01/2016 18:03:54	Server says: {"type":"RESPONSE","action":"trade_settings","body":{"22":5000,"23":5000,"settings":{"1":{"11":{"8":[175],"5":[160],"6":[165],"7":[170]},"12":{"1":[160],"2":[165],"3":[165],"4":[170],"5":[175],"6":[180],"7":[185],"8":[200]},"13":{"8":[175],"5":[160],"6":[165],"7":[170]},"14":{"8":[175],"5":[160],"6":[165],"7":[170]},"15":{"8":[175],"5":[160],"6":[165],"7":[170]},"16":{"8":[175],"5":[160],"6":[165],"7":[170]},"17":{"8":[175],"5":[160],"6":[165],"7":[170]},"18":{"8":[175],"5":[160],"6":[165],"7":[170]},"19":{"8":[175],"5":[160],"6":[165],"7":[170]},"1":{"1":[170],"2":[175],"3":[175],"4":[175],"5":[180],"6":[180],"7":[170],"8":[185]},"2":{"1":[170],"2":[175],"3":[175],"4":[175],"5":[180],"6":[180],"7":[170],"8":[185]},"3":{"2":[165],"3":[165],"4":[170],"5":[175],"6":[180],"7":[185],"8":[200]},"4":{"1":[170],"2":[175],"3":[175],"4":[175],"5":[180],"6":[180],"7":[185],"8":[200]},"5":{"1":[160],"2":[165],"3":[165],"4":[170],"5":[175],"6":[180],"7":[185],"8":[200]},"6":{"1":[160],"2":[165],"3":[165],"4":[170],"5":[175],"6":[180],"7":[185],"8":[200]},"7":{"1":[160],"2":[165],"3":[165],"4":[170],"5":[175],"6":[180],"7":[185],"8":[200]},"20":{"8":[200],"5":[175],"6":[180],"7":[185]},"10":{"1":[160],"2":[165],"3":[165],"4":[170],"5":[175],"6":[180],"7":[185],"8":[200]},"21":{"8":[200],"5":[175],"6":[180],"7":[185]}},"2":{"11":{"8":[175],"5":[160],"6":[165],"7":[170]},"12":{"8":[200],"3":[170],"4":[175],"5":[180],"6":[185],"7":[190]},"13":{"8":[175],"5":[160],"6":[165],"7":[170]},"14":{"8":[175],"5":[160],"6":[165],"7":[170]},"15":{"8":[175],"5":[160],"6":[165],"7":[170]},"16":{"8":[175],"5":[160],"6":[165],"7":[170]},"17":{"8":[175],"5":[160],"6":[165],"7":[170]},"18":{"8":[175],"5":[160],"6":[165],"7":[170]},"19":{"8":[175],"5":[160],"6":[165],"7":[170]},"1":{"8":[200],"3":[170],"4":[175],"5":[180],"6":[185],"7":[190]},"2":{"8":[200],"3":[170],"4":[175],"5":[180],"6":[185],"7":[190]},"3":{"8":[200],"3":[170],"4":[175],"5":[180],"6":[185],"7":[190]},"4":{"8":[200],"3":[170],"4":[175],"5":[180],"6":[185],"7":[190]},"5":{"8":[200],"3":[170],"4":[175],"5":[180],"6":[185],"7":[190]},"6":{"8":[200],"3":[170],"4":[175],"5":[180],"6":[185],"7":[190]},"7":{"8":[200],"4":[175],"5":[180],"6":[185],"7":[190]},"20":{"8":[200],"5":[180],"6":[185],"7":[190]},"10":{"8":[200],"3":[170],"4":[175],"5":[180],"6":[185],"7":[190]},"21":{"8":[200],"5":[180],"6":[185],"7":[190]}},"3":{"11":{"8":[185],"5":[170],"6":[175],"7":[180]},"12":{"8":[200],"3":[175],"4":[180],"5":[185],"6":[190],"7":[195]},"13":{"8":[185],"5":[170],"6":[175],"7":[180]},"14":{"8":[185],"5":[170],"6":[175],"7":[180]},"15":{"8":[185],"5":[170],"6":[175],"7":[180]},"16":{"8":[185],"5":[170],"6":[175],"7":[180]},"17":{"8":[185],"5":[170],"6":[175],"7":[180]},"18":{"8":[185],"5":[170],"6":[175],"7":[180]},"19":{"8":[185],"5":[170],"6":[175],"7":[180]},"1":{"8":[200],"3":[175],"4":[180],"5":[185],"6":[190],"7":[195]},"2":{"8":[200],"3":[175],"4":[180],"5":[185],"6":[190],"7":[195]},"3":{"8":[200],"3":[175],"4":[180],"5":[185],"6":[190],"7":[195]},"4":{"8":[200],"3":[175],"4":[180],"5":[185],"6":[190],"7":[195]},"5":{"8":[200],"3":[175],"4":[180],"5":[185],"6":[190],"7":[195]},"6":{"8":[200],"3":[175],"4":[180],"5":[185],"6":[190],"7":[195]},"7":{"8":[200],"3":[175],"4":[180],"5":[185],"6":[190],"7":[195]},"20":{"8":[200],"5":[185],"6":[190],"7":[195]},"10":{"8":[200],"3":[175],"4":[180],"5":[185],"6":[190],"7":[195]},"21":{"8":[200],"5":[185],"6":[190],"7":[195]}},"4":{"11":{"8":[190],"5":[175],"6":[180],"7":[185]},"12":{"8":[200],"3":[180],"4":[185],"5":[190],"6":[195],"7":[200]},"13":{"8":[190],"5":[175],"6":[180],"7":[185]},"14":{"8":[190],"5":[175],"6":[180],"7":[185]},"15":{"8":[190],"5":[175],"6":[180],"7":[185]},"16":{"8":[190],"5":[175],"6":[180],"7":[185]},"17":{"8":[190],"5":[175],"6":[180],"7":[185]},"18":{"8":[190],"5":[175],"6":[180],"7":[185]},"19":{"8":[190],"5":[175],"6":[180],"7":[185]},"1":{"8":[200],"3":[180],"4":[185],"5":[190],"6":[195],"7":[200]},"2":{"8":[200],"3":[180],"4":[185],"5":[190],"6":[195],"7":[200]},"3":{"8":[200],"3":[180],"4":[185],"5":[190],"6":[195],"7":[200]},"4":{"8":[200],"3":[180],"4":[185],"5":[190],"6":[195],"7":[200]},"5":{"8":[200],"3":[180],"4":[185],"5":[190],"6":[195],"7":[200]},"6":{"8":[200],"3":[180],"4":[185],"5":[190],"6":[195],"7":[200]},"7":{"8":[200],"3":[180],"4":[185],"5":[190],"6":[195],"7":[200]},"20":{"8":[200],"5":[190],"6":[195],"7":[200]},"10":{"8":[200],"3":[180],"4":[185],"5":[190],"6":[195],"7":[200]},"21":{"8":[200],"5":[190],"6":[195],"7":[200]}}},"13":300000,"24":3000,"14":5000,"25":50,"15":5000,"26":0,"16":500,"27":0,"17":300,"18":5,"19":5,"2":0,"3":100,"group_id":1,"6":1,"8":20,"20":2,"21":300000},"rid":6}
27/01/2016 18:03:55	Server says: {"type":"EVENT","action":"rate","body":{"value":1.08939,"lts":1453903432459,"asset_id":1},"rid":0,"aid":2,"sid":720488}
27/01/2016 18:03:55	Server says: {"type":"EVENT","action":"rate","body":{"value":1.0894,"lts":1453903432942,"asset_id":1},"rid":0,"aid":3,"sid":720488}
27/01/2016 18:03:58	Server says: {"type":"EVENT","action":"rate","body":{"value":1.08939,"lts":1453903435447,"asset_id":1},"rid":0,"aid":4,"sid":720488}
27/01/2016 18:03:59	Server says: {"type":"EVENT","action":"rate","body":{"value":1.08946,"lts":1453903436576,"asset_id":1},"rid":0,"aid":5,"sid":720488}
27/01/2016 18:04:01	Server says: {"type":"EVENT","action":"rate","body":{"value":1.08945,"lts":1453903438618,"asset_id":1},"rid":0,"aid":6,"sid":720488}
27/01/2016 18:04:01	Server says: {"type":"EVENT","action":"rate","body":{"value":1.08948,"lts":1453903438818,"asset_id":1},"rid":0,"aid":7,"sid":720488}
27/01/2016 18:04:01	Server says: {"type":"EVENT","action":"rate","body":{"value":1.08947,"lts":1453903439068,"asset_id":1},"rid":0,"aid":8,"sid":720488}
27/01/2016 18:04:02	Server says: {"type":"EVENT","action":"rate","body":{"value":1.08946,"lts":1453903439731,"asset_id":1},"rid":0,"aid":9,"sid":720488}
27/01/2016 18:04:03	Server says: {"type":"EVENT","action":"rate","body":{"value":1.08945,"lts":1453903440770,"asset_id":1},"rid":0,"aid":10,"sid":720488}
27/01/2016 18:04:05	Server says: {"type":"EVENT","action":"rate","body":{"value":1.08946,"lts":1453903443313,"asset_id":1},"rid":0,"aid":11,"sid":720488}
27/01/2016 18:04:06	Server says: {"type":"EVENT","action":"rate","body":{"value":1.08947,"lts":1453903443555,"asset_id":1},"rid":0,"aid":12,"sid":720488}
27/01/2016 18:04:06	Server says: {"type":"EVENT","action":"rate","body":{"value":1.08946,"lts":1453903444044,"asset_id":1},"rid":0,"aid":13,"sid":720488}
27/01/2016 18:04:07	Server says: {"type":"EVENT","action":"rate","body":{"value":1.08947,"lts":1453903444775,"asset_id":1},"rid":0,"aid":14,"sid":720488}
27/01/2016 18:04:07	Server says: {"type":"EVENT","action":"rate","body":{"value":1.08945,"lts":1453903444981,"asset_id":1},"rid":0,"aid":15,"sid":720488}
27/01/2016 18:04:08	Server says: {"type":"EVENT","action":"rate","body":{"value":1.08947,"lts":1453903445650,"asset_id":1},"rid":0,"aid":16,"sid":720488}
27/01/2016 18:04:08	Server says: {"type":"EVENT","action":"rate","body":{"value":1.08946,"lts":1453903445893,"asset_id":1},"rid":0,"aid":17,"sid":720488}
27/01/2016 18:04:09	Server says: {"type":"EVENT","action":"rate","body":{"value":1.08947,"lts":1453903446741,"asset_id":1},"rid":0,"aid":18,"sid":720488}
27/01/2016 18:04:10	Server says: {"type":"EVENT","action":"rate","body":{"value":1.08946,"lts":1453903447492,"asset_id":1},"rid":0,"aid":19,"sid":720488}
27/01/2016 18:04:11	Server says: {"type":"EVENT","action":"rate","body":{"value":1.08943,"lts":1453903449236,"asset_id":1},"rid":0,"aid":20,"sid":720488}
27/01/2016 18:04:12	Server says: {"type":"EVENT","action":"rate","body":{"value":1.08942,"lts":1453903449446,"asset_id":1},"rid":0,"aid":21,"sid":720488}
27/01/2016 18:04:12	Server says: {"type":"EVENT","action":"rate","body":{"value":1.0894,"lts":1453903449642,"asset_id":1},"rid":0,"aid":22,"sid":720488}
27/01/2016 18:04:12	Server says: {"type":"EVENT","action":"rate","body":{"value":1.08941,"lts":1453903449855,"asset_id":1},"rid":0,"aid":23,"sid":720488}
27/01/2016 18:04:13	Server says: {"type":"EVENT","action":"rate","body":{"value":1.08943,"lts":1453903450890,"asset_id":1},"rid":0,"aid":24,"sid":720488}
27/01/2016 18:04:13	Server says: {"type":"EVENT","action":"rate","body":{"value":1.08942,"lts":1453903451103,"asset_id":1},"rid":0,"aid":25,"sid":720488}
27/01/2016 18:04:14	Server says: {"type":"EVENT","action":"rate","body":{"value":1.08943,"lts":1453903451755,"asset_id":1},"rid":0,"aid":26,"sid":720488}
27/01/2016 18:04:15	Server says: {"type":"EVENT","action":"rate","body":{"value":1.08942,"lts":1453903452617,"asset_id":1},"rid":0,"aid":27,"sid":720488}
27/01/2016 18:04:15	Server says: {"type":"EVENT","action":"rate","body":{"value":1.08941,"lts":1453903453039,"asset_id":1},"rid":0,"aid":28,"sid":720488}
27/01/2016 18:04:16	Server says: {"type":"EVENT","action":"rate","body":{"value":1.0894,"lts":1453903453463,"asset_id":1},"rid":0,"aid":29,"sid":720488}
27/01/2016 18:04:16	Server says: {"type":"EVENT","action":"rate","body":{"value":1.08942,"lts":1453903454189,"asset_id":1},"rid":0,"aid":30,"sid":720488}
27/01/2016 18:04:16	Server says: {"type":"EVENT","action":"rate","body":{"value":1.08941,"lts":1453903454392,"asset_id":1},"rid":0,"aid":31,"sid":720488}
27/01/2016 18:04:17	Server says: {"type":"EVENT","action":"rate","body":{"value":1.0894,"lts":1453903454608,"asset_id":1},"rid":0,"aid":32,"sid":720488}
27/01/2016 18:04:18	Server says: {"type":"EVENT","action":"rate","body":{"value":1.08938,"lts":1453903455938,"asset_id":1},"rid":0,"aid":33,"sid":720488}
27/01/2016 18:04:22	Server says: {"type":"EVENT","action":"rate","body":{"value":1.08937,"lts":1453903459948,"asset_id":1},"rid":0,"aid":34,"sid":720488}
27/01/2016 18:04:25	Server says: {"type":"EVENT","action":"rate","body":{"value":1.08936,"lts":1453903462938,"asset_id":1},"rid":0,"aid":35,"sid":720488}
27/01/2016 18:04:26	Server says: {"type":"EVENT","action":"rate","body":{"value":1.08938,"lts":1453903463567,"asset_id":1},"rid":0,"aid":36,"sid":720488}
27/01/2016 18:04:26	Server says: {"type":"EVENT","action":"rate","body":{"value":1.08933,"lts":1453903463976,"asset_id":1},"rid":0,"aid":37,"sid":720488}
27/01/2016 18:04:26	Server says: {"type":"EVENT","action":"rate","body":{"value":1.08935,"lts":1453903464218,"asset_id":1},"rid":0,"aid":38,"sid":720488}
27/01/2016 18:04:27	Server says: {"type":"EVENT","action":"rate","body":{"value":1.08937,"lts":1453903464957,"asset_id":1},"rid":0,"aid":39,"sid":720488}
27/01/2016 18:04:27	Server says: {"type":"EVENT","action":"rate","body":{"value":1.08925,"lts":1453903465161,"asset_id":1},"rid":0,"aid":40,"sid":720488}
27/01/2016 18:04:28	Server says: {"type":"EVENT","action":"rate","body":{"value":1.08928,"lts":1453903466197,"asset_id":1},"rid":0,"aid":41,"sid":720488}
27/01/2016 18:04:28	Server says: {"type":"EVENT","action":"rate","body":{"value":1.08925,"lts":1453903466402,"asset_id":1},"rid":0,"aid":42,"sid":720488}
27/01/2016 18:04:29	Server says: {"type":"EVENT","action":"rate","body":{"value":1.08927,"lts":1453903467291,"asset_id":1},"rid":0,"aid":43,"sid":720488}
27/01/2016 18:04:30	Server says: {"type":"EVENT","action":"rate","body":{"value":1.08925,"lts":1453903467583,"asset_id":1},"rid":0,"aid":44,"sid":720488}
27/01/2016 18:04:30	Server says: {"type":"EVENT","action":"rate","body":{"value":1.08928,"lts":1453903467858,"asset_id":1},"rid":0,"aid":45,"sid":720488}
27/01/2016 18:04:32	Server says: {"type":"EVENT","action":"rate","body":{"value":1.08929,"lts":1453903469928,"asset_id":1},"rid":0,"aid":46,"sid":720488}
27/01/2016 18:04:34	Server says: {"type":"EVENT","action":"rate","body":{"value":1.08924,"lts":1453903471796,"asset_id":1},"rid":0,"aid":47,"sid":720488}
27/01/2016 18:04:34	Server says: {"type":"EVENT","action":"rate","body":{"value":1.08923,"lts":1453903472222,"asset_id":1},"rid":0,"aid":48,"sid":720488}
27/01/2016 18:04:35	Server says: {"type":"EVENT","action":"rate","body":{"value":1.0892,"lts":1453903472423,"asset_id":1},"rid":0,"aid":49,"sid":720488}
27/01/2016 18:04:35	Server says: {"type":"EVENT","action":"rate","body":{"value":1.08925,"lts":1453903472624,"asset_id":1},"rid":0,"aid":50,"sid":720488}
27/01/2016 18:04:35	Server says: {"type":"EVENT","action":"rate","body":{"value":1.08927,"lts":1453903472824,"asset_id":1},"rid":0,"aid":51,"sid":720488}
27/01/2016 18:04:35	Server says: {"type":"EVENT","action":"rate","body":{"value":1.08925,"lts":1453903473037,"asset_id":1},"rid":0,"aid":52,"sid":720488}
27/01/2016 18:04:38	Server says: {"type":"EVENT","action":"rate","body":{"value":1.08924,"lts":1453903475433,"asset_id":1},"rid":0,"aid":53,"sid":720488}
27/01/2016 18:04:38	Server says: {"type":"EVENT","action":"rate","body":{"value":1.08925,"lts":1453903475639,"asset_id":1},"rid":0,"aid":54,"sid":720488}
27/01/2016 18:04:38	Server says: {"type":"EVENT","action":"rate","body":{"value":1.08926,"lts":1453903476261,"asset_id":1},"rid":0,"aid":55,"sid":720488}
27/01/2016 18:04:39	Server says: {"type":"EVENT","action":"rate","body":{"value":1.08925,"lts":1453903476690,"asset_id":1},"rid":0,"aid":56,"sid":720488}
27/01/2016 18:04:39	Server says: {"type":"EVENT","action":"rate","body":{"value":1.08927,"lts":1453903476909,"asset_id":1},"rid":0,"aid":57,"sid":720488}
27/01/2016 18:04:39	Server says: {"type":"EVENT","action":"rate","body":{"value":1.08926,"lts":1453903477116,"asset_id":1},"rid":0,"aid":58,"sid":720488}
27/01/2016 18:04:42	Server says: {"type":"EVENT","action":"rate","body":{"value":1.08929,"lts":1453903479886,"asset_id":1},"rid":0,"aid":59,"sid":720488}
27/01/2016 18:04:42	Server says: {"type":"EVENT","action":"rate","body":{"value":1.0893,"lts":1453903480375,"asset_id":1},"rid":0,"aid":60,"sid":720488}
27/01/2016 18:04:43	Server says: {"type":"EVENT","action":"rate","body":{"value":1.08929,"lts":1453903480844,"asset_id":1},"rid":0,"aid":61,"sid":720488}
27/01/2016 18:04:43	Server says: {"type":"EVENT","action":"rate","body":{"value":1.0893,"lts":1453903481055,"asset_id":1},"rid":0,"aid":62,"sid":720488}
27/01/2016 18:04:44	Server says: {"type":"EVENT","action":"rate","body":{"value":1.08927,"lts":1453903482330,"asset_id":1},"rid":0,"aid":63,"sid":720488}
27/01/2016 18:04:45	Server says: {"type":"EVENT","action":"rate","body":{"value":1.08926,"lts":1453903482529,"asset_id":1},"rid":0,"aid":64,"sid":720488}
27/01/2016 18:04:48	Server says: {"type":"EVENT","action":"rate","body":{"value":1.08925,"lts":1453903486204,"asset_id":1},"rid":0,"aid":65,"sid":720488}
27/01/2016 18:04:49	Server says: {"type":"EVENT","action":"rate","body":{"value":1.08926,"lts":1453903486649,"asset_id":1},"rid":0,"aid":66,"sid":720488}
27/01/2016 18:04:51	Server says: {"type":"EVENT","action":"rate","body":{"value":1.08927,"lts":1453903488665,"asset_id":1},"rid":0,"aid":67,"sid":720488}
27/01/2016 18:04:51	Server says: {"type":"EVENT","action":"rate","body":{"value":1.08926,"lts":1453903488861,"asset_id":1},"rid":0,"aid":68,"sid":720488}
27/01/2016 18:04:52	Server says: {"type":"EVENT","action":"rate","body":{"value":1.08928,"lts":1453903489584,"asset_id":1},"rid":0,"aid":69,"sid":720488}
27/01/2016 18:04:52	Server says: {"type":"EVENT","action":"rate","body":{"value":1.08925,"lts":1453903489794,"asset_id":1},"rid":0,"aid":70,"sid":720488}
27/01/2016 18:04:52	Server says: {"type":"EVENT","action":"rate","body":{"value":1.08926,"lts":1453903490005,"asset_id":1},"rid":0,"aid":71,"sid":720488}
27/01/2016 18:04:53	Server says: {"type":"EVENT","action":"rate","body":{"value":1.08928,"lts":1453903490832,"asset_id":1},"rid":0,"aid":72,"sid":720488}
27/01/2016 18:04:53	Server says: {"type":"EVENT","action":"rate","body":{"value":1.08931,"lts":1453903491036,"asset_id":1},"rid":0,"aid":73,"sid":720488}
27/01/2016 18:04:55	Server says: {"type":"EVENT","action":"rate","body":{"value":1.0893,"lts":1453903492906,"asset_id":1},"rid":0,"aid":74,"sid":720488}
27/01/2016 18:04:55	CONNECTION CLOSED
27/01/2016 18:04:55	Alpari client starting!
27/01/2016 18:04:55	Sending web request to https://my.alpari.ru/ru/
27/01/2016 18:04:57	Logged in
27/01/2016 18:04:57	Sending web request to https://my.alpari.ru/ru/platforms/binarytrader/
27/01/2016 18:04:57	Token: dc4aae083262c00acde1238b6af75b26a363fb9b
27/01/2016 18:04:57	CONNECTION CLOSED
27/01/2016 18:04:58	Server says: {"type":"RESPONSE","action":"time","body":{"lts":1453903495655},"rid":9}
27/01/2016 18:04:58	Server says: {"type":"RESPONSE","action":"auth","body":{"trade_group_id":1,"currency_id":840,"account_id":4553886},"rid":8}
27/01/2016 18:04:59	
**********************************************
Alpari Websocket connected!!!
**********************************************
27/01/2016 18:04:59	Server says: {"type":"RESPONSE","action":"dictionary","body":{"assets":[{"decimals":5,"name":"EURUSD","id":1},{"decimals":5,"name":"GBPUSD","id":2},{"decimals":5,"name":"USDCHF","id":3},{"decimals":3,"name":"USDJPY","id":4},{"decimals":5,"name":"USDCAD","id":5},{"decimals":5,"name":"AUDUSD","id":6},{"decimals":5,"name":"NZDUSD","id":7},{"decimals":3,"name":"EURJPY","id":10},{"decimals":5,"name":"EURGBP","id":11},{"decimals":3,"name":"GBPJPY","id":12},{"decimals":5,"name":"EURCAD","id":13},{"decimals":5,"name":"EURAUD","id":14},{"decimals":3,"name":"AUDJPY","id":15},{"decimals":5,"name":"GBPAUD","id":16},{"decimals":5,"name":"GBPCAD","id":17},{"decimals":5,"name":"GBPCHF","id":18},{"decimals":3,"name":"NZDJPY","id":19},{"decimals":3,"name":"XAUUSD","id":20},{"decimals":3,"name":"XAGUSD","id":21}],"currencies":[{"name":"EUR","id":978},{"name":"RUR","id":643},{"name":"USD","id":840},{"name":"GLD","id":10959}],"time_frames":[{"history_size":0,"period":60,"bar_size":1,"name":"1M","id":1},{"history_size":0,"period":300,"bar_size":5,"name":"5M","id":2},{"history_size":0,"period":900,"bar_size":15,"name":"15M","id":3},{"history_size":0,"period":1800,"bar_size":30,"name":"30M","id":4},{"history_size":0,"period":5,"bar_size":1,"name":"5S","id":100},{"history_size":0,"period":3600,"bar_size":60,"name":"1H","id":5},{"history_size":0,"period":7200,"bar_size":60,"name":"2H","id":6},{"history_size":0,"period":14400,"bar_size":300,"name":"4H","id":7},{"history_size":0,"period":86400,"bar_size":1800,"name":"1D","id":8}],"option_types":[{"id":1,"name":"call_put"},{"id":2,"name":"touch"},{"id":3,"name":"range"},{"id":4,"name":"spread"}],"operation_types":[{"name":"deposit","id":1},{"name":"withdrawal","id":2},{"name":"buy","id":3},{"name":"expiry","id":4},{"name":"compensation","id":7}],"directions":[{"name":"call","id":1},{"name":"put","id":2},{"name":"in","id":3},{"name":"out","id":4}],"option_states":[{"name":"approved","id":2},{"name":"started","id":3},{"name":"closed","id":6}],"option_expiry_reasons":[{"name":"time","id":1},{"name":"touch","id":2},{"name":"early","id":3}],"option_results":[{"name":"win","id":1},{"name":"loss","id":2},{"name":"parity","id":3}],"trade_settings":[{"name":"payout_win","id":1},{"name":"payout_lose","id":2},{"name":"payout_parity","id":3},{"name":"enable","id":6},{"name":"enable_permanent","id":7},{"name":"max_bet_643","id":13},{"name":"max_bet_840","id":14},{"name":"max_bet_978","id":15},{"name":"max_bet_10959","id":16},{"name":"min_bet_643","id":17},{"name":"min_bet_840","id":18},{"name":"min_bet_978","id":19},{"name":"min_bet_10959","id":20},{"name":"max_amount_active_options_643","id":21},{"name":"max_amount_active_options_840","id":22},{"name":"max_amount_active_options_978","id":23},{"name":"max_amount_active_options_10959","id":24},{"name":"early_win_percent","id":25},{"name":"early_loss_percent","id":26},{"name":"early_parity_percent","id":27}]},"rid":11}
27/01/2016 18:04:59	Server says: {"type":"RESPONSE","action":"+rate","body":{"sid":720574},"rid":14}
27/01/2016 18:04:59	Server says: {"type":"RESPONSE","action":"account","body":{"ops_counter":{"EXPIRY":1,"DEPOSIT":2,"WITHDRAWAL":1,"COMPENSATION":0,"BUY":1},"bonus_level":"0.0","test":false,"bonus":"0.0","hold_equity":"0.00","net_equity":"295.00","create_lts":1439845906000,"equity":"295.00","client_id":11031743,"change_lts":1452642531255,"blocked":false,"hold_bonus":"0.0","id":4553886,"currency_id":840},"rid":10}
27/01/2016 18:04:59	Server says: {"type":"RESPONSE","action":"trade_state","body":{"scheduler_lts":1454104500000,"trade_state":true},"rid":12}
27/01/2016 18:04:59	Server says: {"type":"RESPONSE","action":"trade_settings","body":{"22":5000,"23":5000,"settings":{"1":{"11":{"8":[175],"5":[160],"6":[165],"7":[170]},"12":{"1":[160],"2":[165],"3":[165],"4":[170],"5":[175],"6":[180],"7":[185],"8":[200]},"13":{"8":[175],"5":[160],"6":[165],"7":[170]},"14":{"8":[175],"5":[160],"6":[165],"7":[170]},"15":{"8":[175],"5":[160],"6":[165],"7":[170]},"16":{"8":[175],"5":[160],"6":[165],"7":[170]},"17":{"8":[175],"5":[160],"6":[165],"7":[170]},"18":{"8":[175],"5":[160],"6":[165],"7":[170]},"19":{"8":[175],"5":[160],"6":[165],"7":[170]},"1":{"1":[170],"2":[175],"3":[175],"4":[175],"5":[180],"6":[180],"7":[170],"8":[185]},"2":{"1":[170],"2":[175],"3":[175],"4":[175],"5":[180],"6":[180],"7":[170],"8":[185]},"3":{"2":[165],"3":[165],"4":[170],"5":[175],"6":[180],"7":[185],"8":[200]},"4":{"1":[170],"2":[175],"3":[175],"4":[175],"5":[180],"6":[180],"7":[185],"8":[200]},"5":{"1":[160],"2":[165],"3":[165],"4":[170],"5":[175],"6":[180],"7":[185],"8":[200]},"6":{"1":[160],"2":[165],"3":[165],"4":[170],"5":[175],"6":[180],"7":[185],"8":[200]},"7":{"1":[160],"2":[165],"3":[165],"4":[170],"5":[175],"6":[180],"7":[185],"8":[200]},"20":{"8":[200],"5":[175],"6":[180],"7":[185]},"10":{"1":[160],"2":[165],"3":[165],"4":[170],"5":[175],"6":[180],"7":[185],"8":[200]},"21":{"8":[200],"5":[175],"6":[180],"7":[185]}},"2":{"11":{"8":[175],"5":[160],"6":[165],"7":[170]},"12":{"8":[200],"3":[170],"4":[175],"5":[180],"6":[185],"7":[190]},"13":{"8":[175],"5":[160],"6":[165],"7":[170]},"14":{"8":[175],"5":[160],"6":[165],"7":[170]},"15":{"8":[175],"5":[160],"6":[165],"7":[170]},"16":{"8":[175],"5":[160],"6":[165],"7":[170]},"17":{"8":[175],"5":[160],"6":[165],"7":[170]},"18":{"8":[175],"5":[160],"6":[165],"7":[170]},"19":{"8":[175],"5":[160],"6":[165],"7":[170]},"1":{"8":[200],"3":[170],"4":[175],"5":[180],"6":[185],"7":[190]},"2":{"8":[200],"3":[170],"4":[175],"5":[180],"6":[185],"7":[190]},"3":{"8":[200],"3":[170],"4":[175],"5":[180],"6":[185],"7":[190]},"4":{"8":[200],"3":[170],"4":[175],"5":[180],"6":[185],"7":[190]},"5":{"8":[200],"3":[170],"4":[175],"5":[180],"6":[185],"7":[190]},"6":{"8":[200],"3":[170],"4":[175],"5":[180],"6":[185],"7":[190]},"7":{"8":[200],"4":[175],"5":[180],"6":[185],"7":[190]},"20":{"8":[200],"5":[180],"6":[185],"7":[190]},"10":{"8":[200],"3":[170],"4":[175],"5":[180],"6":[185],"7":[190]},"21":{"8":[200],"5":[180],"6":[185],"7":[190]}},"3":{"11":{"8":[185],"5":[170],"6":[175],"7":[180]},"12":{"8":[200],"3":[175],"4":[180],"5":[185],"6":[190],"7":[195]},"13":{"8":[185],"5":[170],"6":[175],"7":[180]},"14":{"8":[185],"5":[170],"6":[175],"7":[180]},"15":{"8":[185],"5":[170],"6":[175],"7":[180]},"16":{"8":[185],"5":[170],"6":[175],"7":[180]},"17":{"8":[185],"5":[170],"6":[175],"7":[180]},"18":{"8":[185],"5":[170],"6":[175],"7":[180]},"19":{"8":[185],"5":[170],"6":[175],"7":[180]},"1":{"8":[200],"3":[175],"4":[180],"5":[185],"6":[190],"7":[195]},"2":{"8":[200],"3":[175],"4":[180],"5":[185],"6":[190],"7":[195]},"3":{"8":[200],"3":[175],"4":[180],"5":[185],"6":[190],"7":[195]},"4":{"8":[200],"3":[175],"4":[180],"5":[185],"6":[190],"7":[195]},"5":{"8":[200],"3":[175],"4":[180],"5":[185],"6":[190],"7":[195]},"6":{"8":[200],"3":[175],"4":[180],"5":[185],"6":[190],"7":[195]},"7":{"8":[200],"3":[175],"4":[180],"5":[185],"6":[190],"7":[195]},"20":{"8":[200],"5":[185],"6":[190],"7":[195]},"10":{"8":[200],"3":[175],"4":[180],"5":[185],"6":[190],"7":[195]},"21":{"8":[200],"5":[185],"6":[190],"7":[195]}},"4":{"11":{"8":[190],"5":[175],"6":[180],"7":[185]},"12":{"8":[200],"3":[180],"4":[185],"5":[190],"6":[195],"7":[200]},"13":{"8":[190],"5":[175],"6":[180],"7":[185]},"14":{"8":[190],"5":[175],"6":[180],"7":[185]},"15":{"8":[190],"5":[175],"6":[180],"7":[185]},"16":{"8":[190],"5":[175],"6":[180],"7":[185]},"17":{"8":[190],"5":[175],"6":[180],"7":[185]},"18":{"8":[190],"5":[175],"6":[180],"7":[185]},"19":{"8":[190],"5":[175],"6":[180],"7":[185]},"1":{"8":[200],"3":[180],"4":[185],"5":[190],"6":[195],"7":[200]},"2":{"8":[200],"3":[180],"4":[185],"5":[190],"6":[195],"7":[200]},"3":{"8":[200],"3":[180],"4":[185],"5":[190],"6":[195],"7":[200]},"4":{"8":[200],"3":[180],"4":[185],"5":[190],"6":[195],"7":[200]},"5":{"8":[200],"3":[180],"4":[185],"5":[190],"6":[195],"7":[200]},"6":{"8":[200],"3":[180],"4":[185],"5":[190],"6":[195],"7":[200]},"7":{"8":[200],"3":[180],"4":[185],"5":[190],"6":[195],"7":[200]},"20":{"8":[200],"5":[190],"6":[195],"7":[200]},"10":{"8":[200],"3":[180],"4":[185],"5":[190],"6":[195],"7":[200]},"21":{"8":[200],"5":[190],"6":[195],"7":[200]}}},"13":300000,"24":3000,"14":5000,"25":50,"15":5000,"26":0,"16":500,"27":0,"17":300,"18":5,"19":5,"2":0,"3":100,"group_id":1,"6":1,"8":20,"20":2,"21":300000},"rid":13}
27/01/2016 18:04:59	Server says: {"type":"EVENT","action":"rate","body":{"value":1.08936,"lts":1453903496777,"asset_id":1},"rid":0,"aid":2,"sid":720574}
27/01/2016 18:05:00	Server says: {"type":"EVENT","action":"rate","body":{"value":1.08932,"lts":1453903498223,"asset_id":1},"rid":0,"aid":3,"sid":720574}
27/01/2016 18:05:01	Server says: {"type":"EVENT","action":"rate","body":{"value":1.08934,"lts":1453903498630,"asset_id":1},"rid":0,"aid":4,"sid":720574}
27/01/2016 18:05:01	Server says: {"type":"EVENT","action":"rate","body":{"value":1.08936,"lts":1453903498827,"asset_id":1},"rid":0,"aid":5,"sid":720574}
27/01/2016 18:05:02	Server says: {"type":"EVENT","action":"rate","body":{"value":1.08937,"lts":1453903499510,"asset_id":1},"rid":0,"aid":6,"sid":720574}
27/01/2016 18:05:04	Server says: {"type":"EVENT","action":"rate","body":{"value":1.08935,"lts":1453903502313,"asset_id":1},"rid":0,"aid":7,"sid":720574}
27/01/2016 18:05:05	Server says: {"type":"EVENT","action":"rate","body":{"value":1.08936,"lts":1453903502514,"asset_id":1},"rid":0,"aid":8,"sid":720574}
27/01/2016 18:05:05	Server says: {"type":"EVENT","action":"rate","body":{"value":1.08935,"lts":1453903502937,"asset_id":1},"rid":0,"aid":9,"sid":720574}
27/01/2016 18:05:05	Server says: {"type":"EVENT","action":"rate","body":{"value":1.08937,"lts":1453903503170,"asset_id":1},"rid":0,"aid":10,"sid":720574}
27/01/2016 18:05:08	Server says: {"type":"EVENT","action":"rate","body":{"value":1.08938,"lts":1453903506017,"asset_id":1},"rid":0,"aid":11,"sid":720574}
27/01/2016 18:05:08	Server says: {"type":"EVENT","action":"rate","body":{"value":1.08935,"lts":1453903506233,"asset_id":1},"rid":0,"aid":12,"sid":720574}
27/01/2016 18:05:09	Server says: {"type":"EVENT","action":"rate","body":{"value":1.08938,"lts":1453903506677,"asset_id":1},"rid":0,"aid":13,"sid":720574}
27/01/2016 18:05:09	Server says: {"type":"EVENT","action":"rate","body":{"value":1.08936,"lts":1453903506903,"asset_id":1},"rid":0,"aid":14,"sid":720574}
27/01/2016 18:05:09	Server says: {"type":"EVENT","action":"rate","body":{"value":1.08937,"lts":1453903507342,"asset_id":1},"rid":0,"aid":15,"sid":720574}
27/01/2016 18:05:10	Server says: {"type":"EVENT","action":"rate","body":{"value":1.08936,"lts":1453903507560,"asset_id":1},"rid":0,"aid":16,"sid":720574}
27/01/2016 18:05:10	Server says: {"type":"EVENT","action":"rate","body":{"value":1.08937,"lts":1453903507799,"asset_id":1},"rid":0,"aid":17,"sid":720574}
27/01/2016 18:05:10	Server says: {"type":"EVENT","action":"rate","body":{"value":1.08936,"lts":1453903508216,"asset_id":1},"rid":0,"aid":18,"sid":720574}
27/01/2016 18:05:11	Server says: {"type":"EVENT","action":"rate","body":{"value":1.08937,"lts":1453903508641,"asset_id":1},"rid":0,"aid":19,"sid":720574}
27/01/2016 18:05:12	Server says: {"type":"EVENT","action":"rate","body":{"value":1.08936,"lts":1453903510202,"asset_id":1},"rid":0,"aid":20,"sid":720574}
27/01/2016 18:05:13	Server says: {"type":"EVENT","action":"rate","body":{"value":1.08934,"lts":1453903510414,"asset_id":1},"rid":0,"aid":21,"sid":720574}
27/01/2016 18:05:13	Server says: {"type":"EVENT","action":"rate","body":{"value":1.08935,"lts":1453903510836,"asset_id":1},"rid":0,"aid":22,"sid":720574}
27/01/2016 18:05:13	Server says: {"type":"EVENT","action":"rate","body":{"value":1.08936,"lts":1453903511034,"asset_id":1},"rid":0,"aid":23,"sid":720574}
27/01/2016 18:05:14	Server says: {"type":"EVENT","action":"rate","body":{"value":1.08937,"lts":1453903512310,"asset_id":1},"rid":0,"aid":24,"sid":720574}
27/01/2016 18:05:16	Server says: {"type":"EVENT","action":"rate","body":{"value":1.08936,"lts":1453903513883,"asset_id":1},"rid":0,"aid":25,"sid":720574}
27/01/2016 18:05:16	Server says: {"type":"EVENT","action":"rate","body":{"value":1.08933,"lts":1453903514075,"asset_id":1},"rid":0,"aid":26,"sid":720574}
27/01/2016 18:05:16	Server says: {"type":"EVENT","action":"rate","body":{"value":1.08932,"lts":1453903514278,"asset_id":1},"rid":0,"aid":27,"sid":720574}
27/01/2016 18:05:17	Server says: {"type":"EVENT","action":"rate","body":{"value":1.08933,"lts":1453903514912,"asset_id":1},"rid":0,"aid":28,"sid":720574}
27/01/2016 18:05:17	Server says: {"type":"EVENT","action":"rate","body":{"value":1.08937,"lts":1453903515339,"asset_id":1},"rid":0,"aid":29,"sid":720574}
27/01/2016 18:05:18	Server says: {"type":"EVENT","action":"rate","body":{"value":1.08938,"lts":1453903515539,"asset_id":1},"rid":0,"aid":30,"sid":720574}
27/01/2016 18:05:18	Server says: {"type":"EVENT","action":"rate","body":{"value":1.08936,"lts":1453903515781,"asset_id":1},"rid":0,"aid":31,"sid":720574}
27/01/2016 18:05:18	Server says: {"type":"EVENT","action":"rate","body":{"value":1.08937,"lts":1453903515983,"asset_id":1},"rid":0,"aid":32,"sid":720574}
27/01/2016 18:05:21	Server says: {"type":"EVENT","action":"rate","body":{"value":1.08934,"lts":1453903518456,"asset_id":1},"rid":0,"aid":33,"sid":720574}
27/01/2016 18:05:21	Server says: {"type":"EVENT","action":"rate","body":{"value":1.08933,"lts":1453903518672,"asset_id":1},"rid":0,"aid":34,"sid":720574}
27/01/2016 18:05:21	Server says: {"type":"EVENT","action":"rate","body":{"value":1.08932,"lts":1453903518889,"asset_id":1},"rid":0,"aid":35,"sid":720574}
27/01/2016 18:05:21	Server says: {"type":"EVENT","action":"rate","body":{"value":1.08935,"lts":1453903519387,"asset_id":1},"rid":0,"aid":36,"sid":720574}
27/01/2016 18:05:23	Server says: {"type":"EVENT","action":"rate","body":{"value":1.08934,"lts":1453903520535,"asset_id":1},"rid":0,"aid":37,"sid":720574}
27/01/2016 18:05:23	Server says: {"type":"EVENT","action":"rate","body":{"value":1.08935,"lts":1453903520763,"asset_id":1},"rid":0,"aid":38,"sid":720574}
27/01/2016 18:05:25	Server says: {"type":"EVENT","action":"rate","body":{"value":1.08933,"lts":1453903522801,"asset_id":1},"rid":0,"aid":39,"sid":720574}
27/01/2016 18:05:25	Server says: {"type":"EVENT","action":"rate","body":{"value":1.08932,"lts":1453903523209,"asset_id":1},"rid":0,"aid":40,"sid":720574}
27/01/2016 18:05:26	Server says: {"type":"EVENT","action":"rate","body":{"value":1.08933,"lts":1453903523409,"asset_id":1},"rid":0,"aid":41,"sid":720574}
27/01/2016 18:05:27	Server says: {"type":"EVENT","action":"rate","body":{"value":1.08934,"lts":1453903524491,"asset_id":1},"rid":0,"aid":42,"sid":720574}
27/01/2016 18:06:12	CONNECTION CLOSED
27/01/2016 18:06:13	Alpari client starting!
27/01/2016 18:06:13	Sending web request to https://my.alpari.ru/ru/
27/01/2016 18:06:19	Logged in
27/01/2016 18:06:19	Sending web request to https://my.alpari.ru/ru/platforms/binarytrader/
27/01/2016 18:06:20	Token: 68ce08655f559b225f4a1a75a554223405f434fe
27/01/2016 18:06:20	CONNECTION CLOSED
27/01/2016 18:06:21	Server says: {"type":"RESPONSE","action":"time","body":{"lts":1453903578242},"rid":16}
27/01/2016 18:06:21	Server says: {"type":"RESPONSE","action":"auth","body":{"trade_group_id":1,"currency_id":840,"account_id":4553886},"rid":15}
27/01/2016 18:06:21	
**********************************************
Alpari Websocket connected!!!
**********************************************
27/01/2016 18:06:21	Server says: {"type":"RESPONSE","action":"dictionary","body":{"assets":[{"decimals":5,"name":"EURUSD","id":1},{"decimals":5,"name":"GBPUSD","id":2},{"decimals":5,"name":"USDCHF","id":3},{"decimals":3,"name":"USDJPY","id":4},{"decimals":5,"name":"USDCAD","id":5},{"decimals":5,"name":"AUDUSD","id":6},{"decimals":5,"name":"NZDUSD","id":7},{"decimals":3,"name":"EURJPY","id":10},{"decimals":5,"name":"EURGBP","id":11},{"decimals":3,"name":"GBPJPY","id":12},{"decimals":5,"name":"EURCAD","id":13},{"decimals":5,"name":"EURAUD","id":14},{"decimals":3,"name":"AUDJPY","id":15},{"decimals":5,"name":"GBPAUD","id":16},{"decimals":5,"name":"GBPCAD","id":17},{"decimals":5,"name":"GBPCHF","id":18},{"decimals":3,"name":"NZDJPY","id":19},{"decimals":3,"name":"XAUUSD","id":20},{"decimals":3,"name":"XAGUSD","id":21}],"currencies":[{"name":"EUR","id":978},{"name":"RUR","id":643},{"name":"USD","id":840},{"name":"GLD","id":10959}],"time_frames":[{"history_size":0,"period":60,"bar_size":1,"name":"1M","id":1},{"history_size":0,"period":300,"bar_size":5,"name":"5M","id":2},{"history_size":0,"period":900,"bar_size":15,"name":"15M","id":3},{"history_size":0,"period":1800,"bar_size":30,"name":"30M","id":4},{"history_size":0,"period":5,"bar_size":1,"name":"5S","id":100},{"history_size":0,"period":3600,"bar_size":60,"name":"1H","id":5},{"history_size":0,"period":7200,"bar_size":60,"name":"2H","id":6},{"history_size":0,"period":14400,"bar_size":300,"name":"4H","id":7},{"history_size":0,"period":86400,"bar_size":1800,"name":"1D","id":8}],"option_types":[{"id":1,"name":"call_put"},{"id":2,"name":"touch"},{"id":3,"name":"range"},{"id":4,"name":"spread"}],"operation_types":[{"name":"deposit","id":1},{"name":"withdrawal","id":2},{"name":"buy","id":3},{"name":"expiry","id":4},{"name":"compensation","id":7}],"directions":[{"name":"call","id":1},{"name":"put","id":2},{"name":"in","id":3},{"name":"out","id":4}],"option_states":[{"name":"approved","id":2},{"name":"started","id":3},{"name":"closed","id":6}],"option_expiry_reasons":[{"name":"time","id":1},{"name":"touch","id":2},{"name":"early","id":3}],"option_results":[{"name":"win","id":1},{"name":"loss","id":2},{"name":"parity","id":3}],"trade_settings":[{"name":"payout_win","id":1},{"name":"payout_lose","id":2},{"name":"payout_parity","id":3},{"name":"enable","id":6},{"name":"enable_permanent","id":7},{"name":"max_bet_643","id":13},{"name":"max_bet_840","id":14},{"name":"max_bet_978","id":15},{"name":"max_bet_10959","id":16},{"name":"min_bet_643","id":17},{"name":"min_bet_840","id":18},{"name":"min_bet_978","id":19},{"name":"min_bet_10959","id":20},{"name":"max_amount_active_options_643","id":21},{"name":"max_amount_active_options_840","id":22},{"name":"max_amount_active_options_978","id":23},{"name":"max_amount_active_options_10959","id":24},{"name":"early_win_percent","id":25},{"name":"early_loss_percent","id":26},{"name":"early_parity_percent","id":27}]},"rid":18}
27/01/2016 18:06:21	Server says: {"type":"RESPONSE","action":"+rate","body":{"sid":720683},"rid":21}
27/01/2016 18:06:21	Server says: {"type":"RESPONSE","action":"account","body":{"ops_counter":{"EXPIRY":1,"DEPOSIT":2,"WITHDRAWAL":1,"COMPENSATION":0,"BUY":1},"bonus_level":"0.0","test":false,"bonus":"0.0","hold_equity":"0.00","net_equity":"295.00","create_lts":1439845906000,"equity":"295.00","client_id":11031743,"change_lts":1452642531255,"blocked":false,"hold_bonus":"0.0","id":4553886,"currency_id":840},"rid":17}
27/01/2016 18:06:21	Server says: {"type":"RESPONSE","action":"trade_state","body":{"scheduler_lts":1454104500000,"trade_state":true},"rid":19}
27/01/2016 18:06:21	Server says: {"type":"RESPONSE","action":"trade_settings","body":{"22":5000,"23":5000,"settings":{"1":{"11":{"8":[175],"5":[160],"6":[165],"7":[170]},"12":{"1":[160],"2":[165],"3":[165],"4":[170],"5":[175],"6":[180],"7":[185],"8":[200]},"13":{"8":[175],"5":[160],"6":[165],"7":[170]},"14":{"8":[175],"5":[160],"6":[165],"7":[170]},"15":{"8":[175],"5":[160],"6":[165],"7":[170]},"16":{"8":[175],"5":[160],"6":[165],"7":[170]},"17":{"8":[175],"5":[160],"6":[165],"7":[170]},"18":{"8":[175],"5":[160],"6":[165],"7":[170]},"19":{"8":[175],"5":[160],"6":[165],"7":[170]},"1":{"1":[170],"2":[175],"3":[175],"4":[175],"5":[180],"6":[180],"7":[170],"8":[185]},"2":{"1":[170],"2":[175],"3":[175],"4":[175],"5":[180],"6":[180],"7":[170],"8":[185]},"3":{"2":[165],"3":[165],"4":[170],"5":[175],"6":[180],"7":[185],"8":[200]},"4":{"1":[170],"2":[175],"3":[175],"4":[175],"5":[180],"6":[180],"7":[185],"8":[200]},"5":{"1":[160],"2":[165],"3":[165],"4":[170],"5":[175],"6":[180],"7":[185],"8":[200]},"6":{"1":[160],"2":[165],"3":[165],"4":[170],"5":[175],"6":[180],"7":[185],"8":[200]},"7":{"1":[160],"2":[165],"3":[165],"4":[170],"5":[175],"6":[180],"7":[185],"8":[200]},"20":{"8":[200],"5":[175],"6":[180],"7":[185]},"10":{"1":[160],"2":[165],"3":[165],"4":[170],"5":[175],"6":[180],"7":[185],"8":[200]},"21":{"8":[200],"5":[175],"6":[180],"7":[185]}},"2":{"11":{"8":[175],"5":[160],"6":[165],"7":[170]},"12":{"8":[200],"3":[170],"4":[175],"5":[180],"6":[185],"7":[190]},"13":{"8":[175],"5":[160],"6":[165],"7":[170]},"14":{"8":[175],"5":[160],"6":[165],"7":[170]},"15":{"8":[175],"5":[160],"6":[165],"7":[170]},"16":{"8":[175],"5":[160],"6":[165],"7":[170]},"17":{"8":[175],"5":[160],"6":[165],"7":[170]},"18":{"8":[175],"5":[160],"6":[165],"7":[170]},"19":{"8":[175],"5":[160],"6":[165],"7":[170]},"1":{"8":[200],"3":[170],"4":[175],"5":[180],"6":[185],"7":[190]},"2":{"8":[200],"3":[170],"4":[175],"5":[180],"6":[185],"7":[190]},"3":{"8":[200],"3":[170],"4":[175],"5":[180],"6":[185],"7":[190]},"4":{"8":[200],"3":[170],"4":[175],"5":[180],"6":[185],"7":[190]},"5":{"8":[200],"3":[170],"4":[175],"5":[180],"6":[185],"7":[190]},"6":{"8":[200],"3":[170],"4":[175],"5":[180],"6":[185],"7":[190]},"7":{"8":[200],"4":[175],"5":[180],"6":[185],"7":[190]},"20":{"8":[200],"5":[180],"6":[185],"7":[190]},"10":{"8":[200],"3":[170],"4":[175],"5":[180],"6":[185],"7":[190]},"21":{"8":[200],"5":[180],"6":[185],"7":[190]}},"3":{"11":{"8":[185],"5":[170],"6":[175],"7":[180]},"12":{"8":[200],"3":[175],"4":[180],"5":[185],"6":[190],"7":[195]},"13":{"8":[185],"5":[170],"6":[175],"7":[180]},"14":{"8":[185],"5":[170],"6":[175],"7":[180]},"15":{"8":[185],"5":[170],"6":[175],"7":[180]},"16":{"8":[185],"5":[170],"6":[175],"7":[180]},"17":{"8":[185],"5":[170],"6":[175],"7":[180]},"18":{"8":[185],"5":[170],"6":[175],"7":[180]},"19":{"8":[185],"5":[170],"6":[175],"7":[180]},"1":{"8":[200],"3":[175],"4":[180],"5":[185],"6":[190],"7":[195]},"2":{"8":[200],"3":[175],"4":[180],"5":[185],"6":[190],"7":[195]},"3":{"8":[200],"3":[175],"4":[180],"5":[185],"6":[190],"7":[195]},"4":{"8":[200],"3":[175],"4":[180],"5":[185],"6":[190],"7":[195]},"5":{"8":[200],"3":[175],"4":[180],"5":[185],"6":[190],"7":[195]},"6":{"8":[200],"3":[175],"4":[180],"5":[185],"6":[190],"7":[195]},"7":{"8":[200],"3":[175],"4":[180],"5":[185],"6":[190],"7":[195]},"20":{"8":[200],"5":[185],"6":[190],"7":[195]},"10":{"8":[200],"3":[175],"4":[180],"5":[185],"6":[190],"7":[195]},"21":{"8":[200],"5":[185],"6":[190],"7":[195]}},"4":{"11":{"8":[190],"5":[175],"6":[180],"7":[185]},"12":{"8":[200],"3":[180],"4":[185],"5":[190],"6":[195],"7":[200]},"13":{"8":[190],"5":[175],"6":[180],"7":[185]},"14":{"8":[190],"5":[175],"6":[180],"7":[185]},"15":{"8":[190],"5":[175],"6":[180],"7":[185]},"16":{"8":[190],"5":[175],"6":[180],"7":[185]},"17":{"8":[190],"5":[175],"6":[180],"7":[185]},"18":{"8":[190],"5":[175],"6":[180],"7":[185]},"19":{"8":[190],"5":[175],"6":[180],"7":[185]},"1":{"8":[200],"3":[180],"4":[185],"5":[190],"6":[195],"7":[200]},"2":{"8":[200],"3":[180],"4":[185],"5":[190],"6":[195],"7":[200]},"3":{"8":[200],"3":[180],"4":[185],"5":[190],"6":[195],"7":[200]},"4":{"8":[200],"3":[180],"4":[185],"5":[190],"6":[195],"7":[200]},"5":{"8":[200],"3":[180],"4":[185],"5":[190],"6":[195],"7":[200]},"6":{"8":[200],"3":[180],"4":[185],"5":[190],"6":[195],"7":[200]},"7":{"8":[200],"3":[180],"4":[185],"5":[190],"6":[195],"7":[200]},"20":{"8":[200],"5":[190],"6":[195],"7":[200]},"10":{"8":[200],"3":[180],"4":[185],"5":[190],"6":[195],"7":[200]},"21":{"8":[200],"5":[190],"6":[195],"7":[200]}}},"13":300000,"24":3000,"14":5000,"25":50,"15":5000,"26":0,"16":500,"27":0,"17":300,"18":5,"19":5,"2":0,"3":100,"group_id":1,"6":1,"8":20,"20":2,"21":300000},"rid":20}
27/01/2016 18:06:22	Server says: {"type":"EVENT","action":"rate","body":{"value":1.08919,"lts":1453903579916,"asset_id":1},"rid":0,"aid":2,"sid":720683}
27/01/2016 18:06:24	Server says: {"type":"EVENT","action":"rate","body":{"value":1.08916,"lts":1453903580919,"asset_id":1},"rid":0,"aid":3,"sid":720683}
27/01/2016 18:06:24	Server says: {"type":"EVENT","action":"rate","body":{"value":1.08912,"lts":1453903581550,"asset_id":1},"rid":0,"aid":4,"sid":720683}
27/01/2016 18:06:24	Server says: {"type":"EVENT","action":"rate","body":{"value":1.08911,"lts":1453903581753,"asset_id":1},"rid":0,"aid":5,"sid":720683}
27/01/2016 18:06:24	Server says: {"type":"EVENT","action":"rate","body":{"value":1.08912,"lts":1453903582320,"asset_id":1},"rid":0,"aid":6,"sid":720683}
27/01/2016 18:06:25	Server says: {"type":"EVENT","action":"rate","body":{"value":1.08914,"lts":1453903583368,"asset_id":1},"rid":0,"aid":7,"sid":720683}
27/01/2016 18:06:47	Server says: {"type":"EVENT","action":"rate","body":{"value":1.08918,"lts":1453903583572,"asset_id":1},"rid":0,"aid":8,"sid":720683}
27/01/2016 18:06:47	Server says: {"type":"EVENT","action":"rate","body":{"value":1.0892,"lts":1453903583774,"asset_id":1},"rid":0,"aid":9,"sid":720683}
27/01/2016 18:06:47	Server says: {"type":"EVENT","action":"rate","body":{"value":1.08916,"lts":1453903583989,"asset_id":1},"rid":0,"aid":10,"sid":720683}
27/01/2016 18:06:47	Server says: {"type":"EVENT","action":"rate","body":{"value":1.08919,"lts":1453903585371,"asset_id":1},"rid":0,"aid":11,"sid":720683}
27/01/2016 18:06:47	Server says: {"type":"EVENT","action":"rate","body":{"value":1.08921,"lts":1453903585614,"asset_id":1},"rid":0,"aid":12,"sid":720683}
27/01/2016 18:06:47	Server says: {"type":"EVENT","action":"rate","body":{"value":1.0892,"lts":1453903586273,"asset_id":1},"rid":0,"aid":13,"sid":720683}
27/01/2016 18:06:47	Server says: {"type":"EVENT","action":"rate","body":{"value":1.08921,"lts":1453903588291,"asset_id":1},"rid":0,"aid":14,"sid":720683}
27/01/2016 18:06:47	Server says: {"type":"EVENT","action":"rate","body":{"value":1.08925,"lts":1453903588488,"asset_id":1},"rid":0,"aid":15,"sid":720683}
27/01/2016 18:06:47	Server says: {"type":"EVENT","action":"rate","body":{"value":1.08927,"lts":1453903588690,"asset_id":1},"rid":0,"aid":16,"sid":720683}
27/01/2016 18:06:47	Server says: {"type":"EVENT","action":"rate","body":{"value":1.08931,"lts":1453903590293,"asset_id":1},"rid":0,"aid":17,"sid":720683}
27/01/2016 18:06:47	Server says: {"type":"EVENT","action":"rate","body":{"value":1.08929,"lts":1453903590715,"asset_id":1},"rid":0,"aid":18,"sid":720683}
27/01/2016 18:06:47	Server says: {"type":"EVENT","action":"rate","body":{"value":1.08928,"lts":1453903591163,"asset_id":1},"rid":0,"aid":19,"sid":720683}
27/01/2016 18:06:47	Server says: {"type":"EVENT","action":"rate","body":{"value":1.08929,"lts":1453903591374,"asset_id":1},"rid":0,"aid":20,"sid":720683}
27/01/2016 18:06:47	Server says: {"type":"EVENT","action":"rate","body":{"value":1.08928,"lts":1453903591902,"asset_id":1},"rid":0,"aid":21,"sid":720683}
27/01/2016 18:06:47	Server says: {"type":"EVENT","action":"rate","body":{"value":1.08929,"lts":1453903592405,"asset_id":1},"rid":0,"aid":22,"sid":720683}
27/01/2016 18:06:47	Server says: {"type":"EVENT","action":"rate","body":{"value":1.08928,"lts":1453903592616,"asset_id":1},"rid":0,"aid":23,"sid":720683}
27/01/2016 18:06:47	Server says: {"type":"EVENT","action":"rate","body":{"value":1.08925,"lts":1453903592831,"asset_id":1},"rid":0,"aid":24,"sid":720683}
27/01/2016 18:06:47	Server says: {"type":"EVENT","action":"rate","body":{"value":1.08923,"lts":1453903593290,"asset_id":1},"rid":0,"aid":25,"sid":720683}
27/01/2016 18:06:47	Server says: {"type":"EVENT","action":"rate","body":{"value":1.08921,"lts":1453903593504,"asset_id":1},"rid":0,"aid":26,"sid":720683}
27/01/2016 18:06:47	Server says: {"type":"EVENT","action":"rate","body":{"value":1.0892,"lts":1453903596033,"asset_id":1},"rid":0,"aid":27,"sid":720683}
27/01/2016 18:06:47	Server says: {"type":"EVENT","action":"rate","body":{"value":1.08912,"lts":1453903597026,"asset_id":1},"rid":0,"aid":28,"sid":720683}
27/01/2016 18:06:47	Server says: {"type":"EVENT","action":"rate","body":{"value":1.08915,"lts":1453903597235,"asset_id":1},"rid":0,"aid":29,"sid":720683}
27/01/2016 18:06:47	Server says: {"type":"EVENT","action":"rate","body":{"value":1.08916,"lts":1453903597448,"asset_id":1},"rid":0,"aid":30,"sid":720683}
27/01/2016 18:06:47	Server says: {"type":"EVENT","action":"rate","body":{"value":1.08917,"lts":1453903597659,"asset_id":1},"rid":0,"aid":31,"sid":720683}
27/01/2016 18:06:47	Server says: {"type":"EVENT","action":"rate","body":{"value":1.08918,"lts":1453903597867,"asset_id":1},"rid":0,"aid":32,"sid":720683}
27/01/2016 18:06:47	Server says: {"type":"EVENT","action":"rate","body":{"value":1.08919,"lts":1453903598059,"asset_id":1},"rid":0,"aid":33,"sid":720683}
27/01/2016 18:06:47	Server says: {"type":"EVENT","action":"rate","body":{"value":1.08921,"lts":1453903598273,"asset_id":1},"rid":0,"aid":34,"sid":720683}
27/01/2016 18:06:47	Server says: {"type":"EVENT","action":"rate","body":{"value":1.08919,"lts":1453903598636,"asset_id":1},"rid":0,"aid":35,"sid":720683}
27/01/2016 18:06:47	Server says: {"type":"EVENT","action":"rate","body":{"value":1.0892,"lts":1453903599217,"asset_id":1},"rid":0,"aid":36,"sid":720683}
27/01/2016 18:06:47	Server says: {"type":"EVENT","action":"rate","body":{"value":1.08922,"lts":1453903599427,"asset_id":1},"rid":0,"aid":37,"sid":720683}
27/01/2016 18:06:47	Server says: {"type":"EVENT","action":"rate","body":{"value":1.08923,"lts":1453903600107,"asset_id":1},"rid":0,"aid":38,"sid":720683}
27/01/2016 18:06:47	Server says: {"type":"EVENT","action":"rate","body":{"value":1.0892,"lts":1453903600957,"asset_id":1},"rid":0,"aid":39,"sid":720683}
27/01/2016 18:06:47	Server says: {"type":"EVENT","action":"rate","body":{"value":1.08918,"lts":1453903601166,"asset_id":1},"rid":0,"aid":40,"sid":720683}
27/01/2016 18:06:47	Server says: {"type":"EVENT","action":"rate","body":{"value":1.08919,"lts":1453903601917,"asset_id":1},"rid":0,"aid":41,"sid":720683}
27/01/2016 18:06:47	Server says: {"type":"EVENT","action":"rate","body":{"value":1.08918,"lts":1453903602465,"asset_id":1},"rid":0,"aid":42,"sid":720683}
27/01/2016 18:06:47	Server says: {"type":"EVENT","action":"rate","body":{"value":1.08916,"lts":1453903602664,"asset_id":1},"rid":0,"aid":43,"sid":720683}
27/01/2016 18:06:47	Server says: {"type":"EVENT","action":"rate","body":{"value":1.08917,"lts":1453903603375,"asset_id":1},"rid":0,"aid":44,"sid":720683}
27/01/2016 18:06:48	Server says: {"type":"EVENT","action":"rate","body":{"value":1.08916,"lts":1453903605971,"asset_id":1},"rid":0,"aid":45,"sid":720683}
27/01/2016 18:06:49	Server says: {"type":"EVENT","action":"rate","body":{"value":1.0892,"lts":1453903606423,"asset_id":1},"rid":0,"aid":46,"sid":720683}
27/01/2016 18:06:49	Server says: {"type":"EVENT","action":"rate","body":{"value":1.08918,"lts":1453903606647,"asset_id":1},"rid":0,"aid":47,"sid":720683}
27/01/2016 18:06:49	Server says: {"type":"EVENT","action":"rate","body":{"value":1.08916,"lts":1453903606872,"asset_id":1},"rid":0,"aid":48,"sid":720683}
27/01/2016 18:06:50	Server says: {"type":"EVENT","action":"rate","body":{"value":1.0892,"lts":1453903607703,"asset_id":1},"rid":0,"aid":49,"sid":720683}
27/01/2016 18:06:51	Server says: {"type":"EVENT","action":"rate","body":{"value":1.08917,"lts":1453903608681,"asset_id":1},"rid":0,"aid":50,"sid":720683}
27/01/2016 18:06:52	Server says: {"type":"EVENT","action":"rate","body":{"value":1.08916,"lts":1453903610289,"asset_id":1},"rid":0,"aid":51,"sid":720683}
27/01/2016 18:06:54	Server says: {"type":"EVENT","action":"rate","body":{"value":1.0892,"lts":1453903611511,"asset_id":1},"rid":0,"aid":52,"sid":720683}
27/01/2016 18:06:54	Server says: {"type":"EVENT","action":"rate","body":{"value":1.08916,"lts":1453903611784,"asset_id":1},"rid":0,"aid":53,"sid":720683}
27/01/2016 18:06:55	Server says: {"type":"EVENT","action":"rate","body":{"value":1.08919,"lts":1453903612514,"asset_id":1},"rid":0,"aid":54,"sid":720683}
27/01/2016 18:06:55	Server says: {"type":"EVENT","action":"rate","body":{"value":1.08916,"lts":1453903612715,"asset_id":1},"rid":0,"aid":55,"sid":720683}
27/01/2016 18:06:56	Server says: {"type":"EVENT","action":"rate","body":{"value":1.08915,"lts":1453903613207,"asset_id":1},"rid":0,"aid":56,"sid":720683}
27/01/2016 18:07:00	Server says: {"type":"EVENT","action":"rate","body":{"value":1.08911,"lts":1453903617511,"asset_id":1},"rid":0,"aid":57,"sid":720683}
27/01/2016 18:07:00	Server says: {"type":"EVENT","action":"rate","body":{"value":1.08913,"lts":1453903618355,"asset_id":1},"rid":0,"aid":58,"sid":720683}
27/01/2016 18:07:01	Server says: {"type":"EVENT","action":"rate","body":{"value":1.08912,"lts":1453903618566,"asset_id":1},"rid":0,"aid":59,"sid":720683}
27/01/2016 18:07:02	Server says: {"type":"EVENT","action":"rate","body":{"value":1.08911,"lts":1453903619616,"asset_id":1},"rid":0,"aid":60,"sid":720683}
27/01/2016 18:07:04	Server says: {"type":"EVENT","action":"rate","body":{"value":1.08912,"lts":1453903621476,"asset_id":1},"rid":0,"aid":61,"sid":720683}
27/01/2016 18:07:06	Server says: {"type":"EVENT","action":"rate","body":{"value":1.08913,"lts":1453903623723,"asset_id":1},"rid":0,"aid":62,"sid":720683}
