04/02/2016 17:06:54	Alpari client starting!
04/02/2016 17:06:54	Sending web request to https://my.alpari.ru/ru/
04/02/2016 17:06:57	Logged in
04/02/2016 17:06:57	Sending web request to https://my.alpari.ru/ru/platforms/binarytrader/
04/02/2016 17:06:57	Token: 9c01abd442ff817d36451e2af506aa256e8d7d59
04/02/2016 17:06:58	CONNECTION CLOSED
04/02/2016 17:06:58	Server says: {"type":"RESPONSE","action":"auth","body":{"trade_group_id":1,"currency_id":840,"account_id":4553886},"rid":1}
04/02/2016 17:06:59	
**********************************************
Alpari Websocket connected!!!
**********************************************
04/02/2016 17:06:59	Server says: {"type":"RESPONSE","action":"+account","body":{"sid":1442132},"rid":4}
04/02/2016 17:06:59	Server says: {"type":"RESPONSE","action":"dictionary","body":{"assets":[{"decimals":5,"name":"EURUSD","id":1},{"decimals":5,"name":"GBPUSD","id":2},{"decimals":5,"name":"USDCHF","id":3},{"decimals":3,"name":"USDJPY","id":4},{"decimals":5,"name":"USDCAD","id":5},{"decimals":5,"name":"AUDUSD","id":6},{"decimals":5,"name":"NZDUSD","id":7},{"decimals":3,"name":"EURJPY","id":10},{"decimals":5,"name":"EURGBP","id":11},{"decimals":3,"name":"GBPJPY","id":12},{"decimals":5,"name":"EURCAD","id":13},{"decimals":5,"name":"EURAUD","id":14},{"decimals":3,"name":"AUDJPY","id":15},{"decimals":5,"name":"GBPAUD","id":16},{"decimals":5,"name":"GBPCAD","id":17},{"decimals":5,"name":"GBPCHF","id":18},{"decimals":3,"name":"NZDJPY","id":19},{"decimals":3,"name":"XAUUSD","id":20},{"decimals":3,"name":"XAGUSD","id":21}],"currencies":[{"name":"EUR","id":978},{"name":"RUR","id":643},{"name":"USD","id":840},{"name":"GLD","id":10959}],"time_frames":[{"history_size":0,"period":60,"bar_size":1,"name":"1M","id":1},{"history_size":0,"period":300,"bar_size":5,"name":"5M","id":2},{"history_size":0,"period":900,"bar_size":15,"name":"15M","id":3},{"history_size":0,"period":1800,"bar_size":30,"name":"30M","id":4},{"history_size":0,"period":5,"bar_size":1,"name":"5S","id":100},{"history_size":0,"period":3600,"bar_size":60,"name":"1H","id":5},{"history_size":0,"period":7200,"bar_size":60,"name":"2H","id":6},{"history_size":0,"period":14400,"bar_size":300,"name":"4H","id":7},{"history_size":0,"period":86400,"bar_size":1800,"name":"1D","id":8}],"option_types":[{"id":1,"name":"call_put"},{"id":2,"name":"touch"},{"id":3,"name":"range"},{"id":4,"name":"spread"}],"operation_types":[{"name":"deposit","id":1},{"name":"withdrawal","id":2},{"name":"buy","id":3},{"name":"expiry","id":4},{"name":"compensation","id":7}],"directions":[{"name":"call","id":1},{"name":"put","id":2},{"name":"in","id":3},{"name":"out","id":4}],"option_states":[{"name":"approved","id":2},{"name":"started","id":3},{"name":"closed","id":6}],"option_expiry_reasons":[{"name":"time","id":1},{"name":"touch","id":2},{"name":"early","id":3}],"option_results":[{"name":"win","id":1},{"name":"loss","id":2},{"name":"parity","id":3}],"trade_settings":[{"name":"payout_win","id":1},{"name":"payout_lose","id":2},{"name":"payout_parity","id":3},{"name":"enable","id":6},{"name":"enable_permanent","id":7},{"name":"max_bet_643","id":13},{"name":"max_bet_840","id":14},{"name":"max_bet_978","id":15},{"name":"max_bet_10959","id":16},{"name":"min_bet_643","id":17},{"name":"min_bet_840","id":18},{"name":"min_bet_978","id":19},{"name":"min_bet_10959","id":20},{"name":"max_amount_active_options_643","id":21},{"name":"max_amount_active_options_840","id":22},{"name":"max_amount_active_options_978","id":23},{"name":"max_amount_active_options_10959","id":24},{"name":"early_win_percent","id":25},{"name":"early_loss_percent","id":26},{"name":"early_parity_percent","id":27}]},"rid":5}
04/02/2016 17:06:59	Setting dictionary
04/02/2016 17:06:59	Server says: {"type":"RESPONSE","action":"+trade_state","body":{"sid":1442133},"rid":6}
04/02/2016 17:06:59	Server says: {"type":"RESPONSE","action":"+trade_settings","body":{"sid":1442134},"rid":9}
04/02/2016 17:06:59	Server says: {"type":"RESPONSE","action":"+rate","body":{"sid":1442135},"rid":10}
04/02/2016 17:06:59	Server says: {"type":"RESPONSE","action":"account","body":{"ops_counter":{"EXPIRY":1,"DEPOSIT":2,"WITHDRAWAL":1,"COMPENSATION":0,"BUY":1},"bonus_level":"0.0","test":false,"bonus":"0.0","hold_equity":"0.00","net_equity":"295.00","create_lts":1439845906000,"equity":"295.00","client_id":11031743,"change_lts":1452642531255,"blocked":false,"hold_bonus":"0.0","id":4553886,"currency_id":840},"rid":3}
04/02/2016 17:06:59	Server says: {"type":"RESPONSE","action":"trade_state","body":{"scheduler_lts":1454709300000,"trade_state":true},"rid":7}
04/02/2016 17:06:59	Server says: {"type":"RESPONSE","action":"trade_settings","body":{"22":5000,"23":5000,"settings":{"1":{"11":{"8":[175],"5":[160],"6":[165],"7":[170]},"12":{"1":[160],"2":[165],"3":[165],"4":[170],"5":[175],"6":[180],"7":[185],"8":[200]},"13":{"8":[175],"5":[160],"6":[165],"7":[170]},"14":{"8":[175],"5":[160],"6":[165],"7":[170]},"15":{"8":[175],"5":[160],"6":[165],"7":[170]},"16":{"8":[175],"5":[160],"6":[165],"7":[170]},"17":{"8":[175],"5":[160],"6":[165],"7":[170]},"18":{"8":[175],"5":[160],"6":[165],"7":[170]},"19":{"8":[175],"5":[160],"6":[165],"7":[170]},"1":{"1":[170],"2":[175],"3":[175],"4":[175],"5":[180],"6":[180],"7":[170],"8":[185]},"2":{"1":[170],"2":[175],"3":[175],"4":[175],"5":[180],"6":[180],"7":[170],"8":[185]},"3":{"2":[165],"3":[165],"4":[170],"5":[175],"6":[180],"7":[185],"8":[200]},"4":{"1":[170],"2":[175],"3":[175],"4":[175],"5":[180],"6":[180],"7":[185],"8":[200]},"5":{"1":[160],"2":[165],"3":[165],"4":[170],"5":[175],"6":[180],"7":[185],"8":[200]},"6":{"1":[160],"2":[165],"3":[165],"4":[170],"5":[175],"6":[180],"7":[185],"8":[200]},"7":{"1":[160],"2":[165],"3":[165],"4":[170],"5":[175],"6":[180],"7":[185],"8":[200]},"20":{"8":[200],"5":[175],"6":[180],"7":[185]},"10":{"1":[160],"2":[165],"3":[165],"4":[170],"5":[175],"6":[180],"7":[185],"8":[200]},"21":{"8":[200],"5":[175],"6":[180],"7":[185]}},"2":{"11":{"8":[175],"5":[160],"6":[165],"7":[170]},"12":{"8":[200],"3":[170],"4":[175],"5":[180],"6":[185],"7":[190]},"13":{"8":[175],"5":[160],"6":[165],"7":[170]},"14":{"8":[175],"5":[160],"6":[165],"7":[170]},"15":{"8":[175],"5":[160],"6":[165],"7":[170]},"16":{"8":[175],"5":[160],"6":[165],"7":[170]},"17":{"8":[175],"5":[160],"6":[165],"7":[170]},"18":{"8":[175],"5":[160],"6":[165],"7":[170]},"19":{"8":[175],"5":[160],"6":[165],"7":[170]},"1":{"8":[200],"3":[170],"4":[175],"5":[180],"6":[185],"7":[190]},"2":{"8":[200],"3":[170],"4":[175],"5":[180],"6":[185],"7":[190]},"3":{"8":[200],"3":[170],"4":[175],"5":[180],"6":[185],"7":[190]},"4":{"8":[200],"3":[170],"4":[175],"5":[180],"6":[185],"7":[190]},"5":{"8":[200],"3":[170],"4":[175],"5":[180],"6":[185],"7":[190]},"6":{"8":[200],"3":[170],"4":[175],"5":[180],"6":[185],"7":[190]},"7":{"8":[200],"4":[175],"5":[180],"6":[185],"7":[190]},"20":{"8":[200],"5":[180],"6":[185],"7":[190]},"10":{"8":[200],"3":[170],"4":[175],"5":[180],"6":[185],"7":[190]},"21":{"8":[200],"5":[180],"6":[185],"7":[190]}},"3":{"11":{"8":[185],"5":[170],"6":[175],"7":[180]},"12":{"8":[200],"3":[175],"4":[180],"5":[185],"6":[190],"7":[195]},"13":{"8":[185],"5":[170],"6":[175],"7":[180]},"14":{"8":[185],"5":[170],"6":[175],"7":[180]},"15":{"8":[185],"5":[170],"6":[175],"7":[180]},"16":{"8":[185],"5":[170],"6":[175],"7":[180]},"17":{"8":[185],"5":[170],"6":[175],"7":[180]},"18":{"8":[185],"5":[170],"6":[175],"7":[180]},"19":{"8":[185],"5":[170],"6":[175],"7":[180]},"1":{"8":[200],"3":[175],"4":[180],"5":[185],"6":[190],"7":[195]},"2":{"8":[200],"3":[175],"4":[180],"5":[185],"6":[190],"7":[195]},"3":{"8":[200],"3":[175],"4":[180],"5":[185],"6":[190],"7":[195]},"4":{"8":[200],"3":[175],"4":[180],"5":[185],"6":[190],"7":[195]},"5":{"8":[200],"3":[175],"4":[180],"5":[185],"6":[190],"7":[195]},"6":{"8":[200],"3":[175],"4":[180],"5":[185],"6":[190],"7":[195]},"7":{"8":[200],"3":[175],"4":[180],"5":[185],"6":[190],"7":[195]},"20":{"8":[200],"5":[185],"6":[190],"7":[195]},"10":{"8":[200],"3":[175],"4":[180],"5":[185],"6":[190],"7":[195]},"21":{"8":[200],"5":[185],"6":[190],"7":[195]}},"4":{"11":{"8":[190],"5":[175],"6":[180],"7":[185]},"12":{"8":[200],"3":[180],"4":[185],"5":[190],"6":[195],"7":[200]},"13":{"8":[190],"5":[175],"6":[180],"7":[185]},"14":{"8":[190],"5":[175],"6":[180],"7":[185]},"15":{"8":[190],"5":[175],"6":[180],"7":[185]},"16":{"8":[190],"5":[175],"6":[180],"7":[185]},"17":{"8":[190],"5":[175],"6":[180],"7":[185]},"18":{"8":[190],"5":[175],"6":[180],"7":[185]},"19":{"8":[190],"5":[175],"6":[180],"7":[185]},"1":{"8":[200],"3":[180],"4":[185],"5":[190],"6":[195],"7":[200]},"2":{"8":[200],"3":[180],"4":[185],"5":[190],"6":[195],"7":[200]},"3":{"8":[200],"3":[180],"4":[185],"5":[190],"6":[195],"7":[200]},"4":{"8":[200],"3":[180],"4":[185],"5":[190],"6":[195],"7":[200]},"5":{"8":[200],"3":[180],"4":[185],"5":[190],"6":[195],"7":[200]},"6":{"8":[200],"3":[180],"4":[185],"5":[190],"6":[195],"7":[200]},"7":{"8":[200],"3":[180],"4":[185],"5":[190],"6":[195],"7":[200]},"20":{"8":[200],"5":[190],"6":[195],"7":[200]},"10":{"8":[200],"3":[180],"4":[185],"5":[190],"6":[195],"7":[200]},"21":{"8":[200],"5":[190],"6":[195],"7":[200]}}},"13":300000,"24":3000,"14":5000,"25":50,"15":5000,"26":0,"16":500,"27":0,"17":100,"18":1,"19":1,"2":0,"3":100,"group_id":1,"6":1,"8":20,"20":2,"21":300000},"rid":8}
04/02/2016 17:06:59	PayoutLose: 0
04/02/2016 17:06:59	PayoutParity: 100
04/02/2016 17:06:59	PayoutWin (EURUSD - 1 min): 170
04/02/2016 17:06:59	PayoutWin (EURUSD - 5 min): 175
04/02/2016 17:06:59	PayoutWin (EURUSD - 15 min): 175
04/02/2016 17:06:59	PayoutWin (EURUSD - 30 min): 175
04/02/2016 17:06:59	PayoutWin (EURUSD - 60 min): 180
04/02/2016 17:06:59	PayoutWin (EURUSD - 120 min): 180
04/02/2016 17:06:59	PayoutWin (EURUSD - 240 min): 170
04/02/2016 17:06:59	PayoutWin (EURUSD - 1440 min): 185
04/02/2016 17:06:59	PayoutWin (EURJPY - 1 min): 160
04/02/2016 17:06:59	PayoutWin (EURJPY - 5 min): 165
04/02/2016 17:06:59	PayoutWin (EURJPY - 15 min): 165
04/02/2016 17:06:59	PayoutWin (EURJPY - 30 min): 170
04/02/2016 17:06:59	PayoutWin (EURJPY - 60 min): 175
04/02/2016 17:06:59	PayoutWin (EURJPY - 120 min): 180
04/02/2016 17:06:59	PayoutWin (EURJPY - 240 min): 185
04/02/2016 17:06:59	PayoutWin (EURJPY - 1440 min): 200
04/02/2016 17:06:59	PayoutWin (EURGBP - 60 min): 160
04/02/2016 17:06:59	PayoutWin (EURGBP - 120 min): 165
04/02/2016 17:06:59	PayoutWin (EURGBP - 240 min): 170
04/02/2016 17:06:59	PayoutWin (EURGBP - 1440 min): 175
04/02/2016 17:06:59	PayoutWin (GBPJPY - 1 min): 160
04/02/2016 17:06:59	PayoutWin (GBPJPY - 5 min): 165
04/02/2016 17:06:59	PayoutWin (GBPJPY - 15 min): 165
04/02/2016 17:06:59	PayoutWin (GBPJPY - 30 min): 170
04/02/2016 17:06:59	PayoutWin (GBPJPY - 60 min): 175
04/02/2016 17:06:59	PayoutWin (GBPJPY - 120 min): 180
04/02/2016 17:06:59	PayoutWin (GBPJPY - 240 min): 185
04/02/2016 17:06:59	PayoutWin (GBPJPY - 1440 min): 200
04/02/2016 17:06:59	PayoutWin (EURCAD - 60 min): 160
04/02/2016 17:06:59	PayoutWin (EURCAD - 120 min): 165
04/02/2016 17:06:59	PayoutWin (EURCAD - 240 min): 170
04/02/2016 17:06:59	PayoutWin (EURCAD - 1440 min): 175
04/02/2016 17:06:59	PayoutWin (EURAUD - 60 min): 160
04/02/2016 17:06:59	PayoutWin (EURAUD - 120 min): 165
04/02/2016 17:06:59	PayoutWin (EURAUD - 240 min): 170
04/02/2016 17:06:59	PayoutWin (EURAUD - 1440 min): 175
04/02/2016 17:06:59	PayoutWin (AUDJPY - 60 min): 160
04/02/2016 17:06:59	PayoutWin (AUDJPY - 120 min): 165
04/02/2016 17:06:59	PayoutWin (AUDJPY - 240 min): 170
04/02/2016 17:06:59	PayoutWin (AUDJPY - 1440 min): 175
04/02/2016 17:06:59	PayoutWin (GBPAUD - 60 min): 160
04/02/2016 17:06:59	PayoutWin (GBPAUD - 120 min): 165
04/02/2016 17:06:59	PayoutWin (GBPAUD - 240 min): 170
04/02/2016 17:06:59	PayoutWin (GBPAUD - 1440 min): 175
04/02/2016 17:06:59	PayoutWin (GBPCAD - 60 min): 160
04/02/2016 17:06:59	PayoutWin (GBPCAD - 120 min): 165
04/02/2016 17:06:59	PayoutWin (GBPCAD - 240 min): 170
04/02/2016 17:06:59	PayoutWin (GBPCAD - 1440 min): 175
04/02/2016 17:06:59	PayoutWin (GBPCHF - 60 min): 160
04/02/2016 17:06:59	PayoutWin (GBPCHF - 120 min): 165
04/02/2016 17:06:59	PayoutWin (GBPCHF - 240 min): 170
04/02/2016 17:06:59	PayoutWin (GBPCHF - 1440 min): 175
04/02/2016 17:06:59	PayoutWin (NZDJPY - 60 min): 160
04/02/2016 17:06:59	PayoutWin (NZDJPY - 120 min): 165
04/02/2016 17:06:59	PayoutWin (NZDJPY - 240 min): 170
04/02/2016 17:06:59	PayoutWin (NZDJPY - 1440 min): 175
04/02/2016 17:06:59	PayoutWin (GBPUSD - 1 min): 170
04/02/2016 17:06:59	PayoutWin (GBPUSD - 5 min): 175
04/02/2016 17:06:59	PayoutWin (GBPUSD - 15 min): 175
04/02/2016 17:06:59	PayoutWin (GBPUSD - 30 min): 175
04/02/2016 17:06:59	PayoutWin (GBPUSD - 60 min): 180
04/02/2016 17:06:59	PayoutWin (GBPUSD - 120 min): 180
04/02/2016 17:06:59	PayoutWin (GBPUSD - 240 min): 170
04/02/2016 17:06:59	PayoutWin (GBPUSD - 1440 min): 185
04/02/2016 17:06:59	PayoutWin (XAUUSD - 60 min): 175
04/02/2016 17:06:59	PayoutWin (XAUUSD - 120 min): 180
04/02/2016 17:06:59	PayoutWin (XAUUSD - 240 min): 185
04/02/2016 17:06:59	PayoutWin (XAUUSD - 1440 min): 200
04/02/2016 17:06:59	PayoutWin (XAGUSD - 60 min): 175
04/02/2016 17:06:59	PayoutWin (XAGUSD - 120 min): 180
04/02/2016 17:06:59	PayoutWin (XAGUSD - 240 min): 185
04/02/2016 17:06:59	PayoutWin (XAGUSD - 1440 min): 200
04/02/2016 17:06:59	PayoutWin (USDCHF - 5 min): 165
04/02/2016 17:06:59	PayoutWin (USDCHF - 15 min): 165
04/02/2016 17:06:59	PayoutWin (USDCHF - 30 min): 170
04/02/2016 17:06:59	PayoutWin (USDCHF - 60 min): 175
04/02/2016 17:06:59	PayoutWin (USDCHF - 120 min): 180
04/02/2016 17:06:59	PayoutWin (USDCHF - 240 min): 185
04/02/2016 17:06:59	PayoutWin (USDCHF - 1440 min): 200
04/02/2016 17:06:59	PayoutWin (USDJPY - 1 min): 170
04/02/2016 17:06:59	PayoutWin (USDJPY - 5 min): 175
04/02/2016 17:06:59	PayoutWin (USDJPY - 15 min): 175
04/02/2016 17:06:59	PayoutWin (USDJPY - 30 min): 175
04/02/2016 17:06:59	PayoutWin (USDJPY - 60 min): 180
04/02/2016 17:06:59	PayoutWin (USDJPY - 120 min): 180
04/02/2016 17:06:59	PayoutWin (USDJPY - 240 min): 185
04/02/2016 17:06:59	PayoutWin (USDJPY - 1440 min): 200
04/02/2016 17:06:59	PayoutWin (USDCAD - 1 min): 160
04/02/2016 17:06:59	PayoutWin (USDCAD - 5 min): 165
04/02/2016 17:06:59	PayoutWin (USDCAD - 15 min): 165
04/02/2016 17:06:59	PayoutWin (USDCAD - 30 min): 170
04/02/2016 17:06:59	PayoutWin (USDCAD - 60 min): 175
04/02/2016 17:06:59	PayoutWin (USDCAD - 120 min): 180
04/02/2016 17:06:59	PayoutWin (USDCAD - 240 min): 185
04/02/2016 17:06:59	PayoutWin (USDCAD - 1440 min): 200
04/02/2016 17:06:59	PayoutWin (AUDUSD - 1 min): 160
04/02/2016 17:06:59	PayoutWin (AUDUSD - 5 min): 165
04/02/2016 17:06:59	PayoutWin (AUDUSD - 15 min): 165
04/02/2016 17:06:59	PayoutWin (AUDUSD - 30 min): 170
04/02/2016 17:06:59	PayoutWin (AUDUSD - 60 min): 175
04/02/2016 17:06:59	PayoutWin (AUDUSD - 120 min): 180
04/02/2016 17:06:59	PayoutWin (AUDUSD - 240 min): 185
04/02/2016 17:06:59	PayoutWin (AUDUSD - 1440 min): 200
04/02/2016 17:06:59	PayoutWin (NZDUSD - 1 min): 160
04/02/2016 17:06:59	PayoutWin (NZDUSD - 5 min): 165
04/02/2016 17:06:59	PayoutWin (NZDUSD - 15 min): 165
04/02/2016 17:06:59	PayoutWin (NZDUSD - 30 min): 170
04/02/2016 17:06:59	PayoutWin (NZDUSD - 60 min): 175
04/02/2016 17:06:59	PayoutWin (NZDUSD - 120 min): 180
04/02/2016 17:06:59	PayoutWin (NZDUSD - 240 min): 185
04/02/2016 17:06:59	PayoutWin (NZDUSD - 1440 min): 200
04/02/2016 17:06:59	Server says: {"type":"RESPONSE","action":"rates/history","body":{"data":[[1454588505,1.11835],[1454588520,1.11847],[1454588535,1.11854],[1454588550,1.11851],[1454588565,1.11824],[1454588580,1.11829],[1454588595,1.11825],[1454588610,1.11828],[1454588625,1.11822],[1454588640,1.11839],[1454588655,1.11848],[1454588670,1.11832],[1454588685,1.11843],[1454588700,1.11848],[1454588715,1.1185],[1454588730,1.11868],[1454588745,1.1186],[1454588760,1.11857],[1454588775,1.11867],[1454588790,1.11873],[1454588805,1.11861],[1454588820,1.11867],[1454588835,1.11866],[1454588850,1.1187],[1454588865,1.11854],[1454588880,1.11858],[1454588895,1.11866],[1454588910,1.11836],[1454588925,1.11836],[1454588940,1.11825],[1454588955,1.11824],[1454588970,1.11819],[1454588985,1.11796],[1454589000,1.118],[1454589015,1.11811],[1454589030,1.1181],[1454589045,1.11831],[1454589060,1.11847],[1454589075,1.11861],[1454589090,1.11879],[1454589105,1.11882],[1454589120,1.11891],[1454589135,1.11901],[1454589150,1.11894],[1454589165,1.11879],[1454589180,1.11892],[1454589195,1.11896],[1454589210,1.11887],[1454589225,1.11877],[1454589240,1.11868],[1454589255,1.11868],[1454589270,1.11867],[1454589285,1.11878],[1454589300,1.11885],[1454589315,1.1188],[1454589330,1.11879],[1454589345,1.11869],[1454589360,1.11872],[1454589375,1.11871],[1454589390,1.11873],[1454589405,1.11882],[1454589420,1.11872],[1454589435,1.11869],[1454589450,1.11872],[1454589465,1.1187],[1454589480,1.11857],[1454589495,1.11828],[1454589510,1.11823],[1454589525,1.1183],[1454589540,1.11818],[1454589555,1.11813],[1454589570,1.11869],[1454589585,1.1188],[1454589600,1.11897],[1454589615,1.11883],[1454589630,1.11881],[1454589645,1.1188],[1454589660,1.11882],[1454589675,1.11871],[1454589690,1.11882],[1454589705,1.11886],[1454589720,1.11913],[1454589735,1.11898],[1454589750,1.11897],[1454589765,1.119],[1454589780,1.11915],[1454589795,1.11912],[1454589810,1.11913],[1454589825,1.11914],[1454589840,1.11912],[1454589855,1.11907],[1454589870,1.11904],[1454589885,1.11921],[1454589900,1.11931],[1454589915,1.11935],[1454589930,1.11935],[1454589945,1.11929],[1454589960,1.11915],[1454589975,1.11915],[1454589990,1.11906],[1454590005,1.11922],[1454590020,1.1193],[1454590035,1.11937],[1454590050,1.11927],[1454590065,1.11911],[1454590080,1.11909],[1454590095,1.11896],[1454590110,1.11896],[1454590125,1.11895],[1454590140,1.11898],[1454590155,1.11894],[1454590170,1.11863],[1454590185,1.11864],[1454590200,1.11863],[1454590215,1.11866],[1454590230,1.11864],[1454590245,1.11869],[1454590260,1.11866],[1454590275,1.11858],[1454590290,1.11859],[1454590305,1.11854],[1454590320,1.11873],[1454590335,1.11869],[1454590350,1.11878],[1454590365,1.11919],[1454590380,1.1193],[1454590395,1.11942],[1454590410,1.11936],[1454590425,1.11942],[1454590440,1.11946],[1454590455,1.1194],[1454590470,1.11943],[1454590485,1.11937],[1454590500,1.11945],[1454590515,1.11938],[1454590530,1.11944],[1454590545,1.11943],[1454590560,1.11958],[1454590575,1.11973],[1454590590,1.11967],[1454590605,1.11971],[1454590620,1.11989],[1454590635,1.11981],[1454590650,1.1198],[1454590665,1.11976],[1454590680,1.1197],[1454590695,1.11964],[1454590710,1.11949],[1454590725,1.11912],[1454590740,1.11895],[1454590755,1.11908],[1454590770,1.11929],[1454590785,1.11938],[1454590800,1.11944],[1454590815,1.11982],[1454590830,1.11993],[1454590845,1.12],[1454590860,1.12012],[1454590875,1.11987],[1454590890,1.11942],[1454590905,1.11926],[1454590920,1.11901],[1454590935,1.11924],[1454590950,1.11891],[1454590965,1.1191],[1454590980,1.11912],[1454590995,1.11941],[1454591010,1.11964],[1454591025,1.11967],[1454591040,1.11979],[1454591055,1.12],[1454591070,1.12027],[1454591085,1.12035],[1454591100,1.12045],[1454591115,1.12071],[1454591130,1.12073],[1454591145,1.12084],[1454591160,1.12078],[1454591175,1.12059],[1454591190,1.12037],[1454591205,1.12029]]},"rid":11}
04/02/2016 17:06:59	Server says: {"type":"RESPONSE","action":"rates/last","body":{"data":[{"asset_id":1,"lts":1454591215481,"value":1.12029},{"asset_id":2,"lts":1454591215458,"value":1.46158},{"asset_id":3,"lts":1454591215114,"value":0.99712},{"asset_id":4,"lts":1454591215121,"value":117.38},{"asset_id":5,"lts":1454591214044,"value":1.37075},{"asset_id":6,"lts":1454591215143,"value":0.7208},{"asset_id":7,"lts":1454591214888,"value":0.67148},{"asset_id":10,"lts":1454591215336,"value":131.503},{"asset_id":11,"lts":1454591215359,"value":0.76633},{"asset_id":12,"lts":1454591215395,"value":171.56},{"asset_id":13,"lts":1454591215128,"value":1.53548},{"asset_id":14,"lts":1454591215216,"value":1.5538},{"asset_id":15,"lts":1454591215097,"value":84.613},{"asset_id":16,"lts":1454591215302,"value":2.02713},{"asset_id":17,"lts":1454591215191,"value":2.00335},{"asset_id":18,"lts":1454591214875,"value":1.45732},{"asset_id":19,"lts":1454591215244,"value":78.82},{"asset_id":20,"lts":1454591215296,"value":1148.71},{"asset_id":21,"lts":1454591215474,"value":14.782}]},"rid":12}
04/02/2016 17:06:59	Server says: {"type":"RESPONSE","action":"options","body":{"data":[]},"rid":13}
04/02/2016 17:06:59	Server says: {"type":"RESPONSE","action":"+option","body":{"sid":1442136},"rid":14}
04/02/2016 17:06:59	Server says: {"type":"RESPONSE","action":"+traders_choice","body":{"sid":1442137},"rid":16}
04/02/2016 17:06:59	Server says: {"type":"RESPONSE","action":"report","body":{"data":[{"operation":{"type_id":4,"description":"","external_id":1610075,"lts":1453445314240,"id":3229516,"result_equity":295.0,"equity":-5.0},"option":{"expiry_lts":1453445314211,"operation_expiry_id":3229516,"open_lts":1453430914211,"loss_percent":0,"expiry_rate":{"value":"1.08367","lts":1453445312196,"asset_id":1},"payout":0.0,"asset_id":1,"win_percent":175,"expiry_reason_id":1,"direction_id":1,"id":1610075,"state_id":6,"open_rate":{"value":"1.08375","lts":1453430913884,"asset_id":1},"amount":5.0,"manually":0,"operation_buy_id":3228695,"type_id":1,"expiry_real_time":0,"forecast_2":null,"forecast":null,"time_frame_id":7,"account_id":4553886,"result_id":2,"expiry_real_lts":1453445314239,"expiry_time":1453445314211,"parity_percent":100}},{"operation":{"type_id":1,"description":"IntrFr USD11031743 13255399","external_id":13255399,"lts":1452642531255,"id":3162222,"result_equity":300.0,"equity":300.0}},{"operation":{"type_id":2,"description":"IntrTo USD11031743 11944944","external_id":53391,"lts":1439854308000,"id":1994344,"result_equity":0.0,"equity":500.0}},{"operation":{"type_id":1,"description":"IntrFr USD11031743 11944673","external_id":53375,"lts":1439846061000,"id":1994343,"result_equity":500.0,"equity":500.0}}],"total":4},"rid":17}
