02/03/2016 16:15:05	Alpari client starting!
02/03/2016 16:15:05	Sending web request to https://my.alpari.ru/ru/
02/03/2016 16:15:06	Not logged in
02/03/2016 16:15:06	Starting the web login process
02/03/2016 16:15:06	Sending web request to https://www.alpari.ru/ru/login/
02/03/2016 16:15:07	No captcha needed
02/03/2016 16:15:07	Sending web request to https://www.alpari.ru/ru/login/
02/03/2016 16:15:08	Sending web request to https://my.alpari.ru/ru/
02/03/2016 16:15:12	Logged in
02/03/2016 16:15:12	Logged to alpari
02/03/2016 16:15:12	Sending web request to https://my.alpari.ru/ru/platforms/binarytrader/
02/03/2016 16:15:12	Token: 3d12f55eb8a5272d3289a4f4b3d9091f4fc22e2d
02/03/2016 16:15:12	CONNECTION CLOSED
02/03/2016 16:15:14	Server says: {"type":"RESPONSE","action":"auth","body":{"account_id":4553886,"trade_group_id":1,"currency_id":840},"rid":1}
02/03/2016 16:15:14	
**********************************************
Alpari Websocket connected!!!
**********************************************
02/03/2016 16:15:14	Server says: {"type":"RESPONSE","action":"+account","body":{"sid":313023},"rid":4}
02/03/2016 16:15:14	Server says: {"type":"RESPONSE","action":"dictionary","body":{"assets":[{"id":1,"name":"EURUSD","decimals":5},{"id":2,"name":"GBPUSD","decimals":5},{"id":3,"name":"USDCHF","decimals":5},{"id":4,"name":"USDJPY","decimals":3},{"id":5,"name":"USDCAD","decimals":5},{"id":6,"name":"AUDUSD","decimals":5},{"id":7,"name":"NZDUSD","decimals":5},{"id":10,"name":"EURJPY","decimals":3},{"id":11,"name":"EURGBP","decimals":5},{"id":12,"name":"GBPJPY","decimals":3},{"id":13,"name":"EURCAD","decimals":5},{"id":14,"name":"EURAUD","decimals":5},{"id":15,"name":"AUDJPY","decimals":3},{"id":16,"name":"GBPAUD","decimals":5},{"id":17,"name":"GBPCAD","decimals":5},{"id":18,"name":"GBPCHF","decimals":5},{"id":19,"name":"NZDJPY","decimals":3},{"id":20,"name":"XAUUSD","decimals":3},{"id":21,"name":"XAGUSD","decimals":3},{"id":22,"name":"OIL","decimals":2},{"id":23,"name":"Apple","decimals":2},{"id":24,"name":"Google","decimals":2},{"id":25,"name":"Facebook","decimals":2},{"id":26,"name":"S&P 500","decimals":2},{"id":27,"name":"FTSE 100","decimals":1},{"id":28,"name":"Nikkei 225","decimals":0}],"currencies":[{"id":978,"name":"EUR"},{"id":643,"name":"RUR"},{"id":840,"name":"USD"},{"id":10959,"name":"GLD"}],"time_frames":[{"id":9,"name":"30S","period":30,"bar_size":1,"history_size":0},{"id":1,"name":"1M","period":60,"bar_size":1,"history_size":0},{"id":2,"name":"5M","period":300,"bar_size":5,"history_size":0},{"id":3,"name":"15M","period":900,"bar_size":15,"history_size":0},{"id":4,"name":"30M","period":1800,"bar_size":30,"history_size":0},{"id":5,"name":"1H","period":3600,"bar_size":60,"history_size":0},{"id":6,"name":"2H","period":7200,"bar_size":60,"history_size":0},{"id":7,"name":"4H","period":14400,"bar_size":300,"history_size":0},{"id":8,"name":"1D","period":86400,"bar_size":1800,"history_size":0}],"option_types":[{"id":1,"name":"call_put"},{"id":2,"name":"touch"},{"id":3,"name":"range"},{"id":4,"name":"spread"}],"operation_types":[{"id":1,"name":"deposit"},{"id":2,"name":"withdrawal"},{"id":3,"name":"buy"},{"id":4,"name":"expiry"},{"id":7,"name":"compensation"}],"directions":[{"name":"call","id":1},{"name":"put","id":2},{"name":"in","id":3},{"name":"out","id":4}],"option_states":[{"name":"approved","id":2},{"name":"started","id":3},{"name":"closed","id":6}],"option_expiry_reasons":[{"name":"time","id":1},{"name":"touch","id":2},{"name":"early","id":3}],"option_results":[{"name":"win","id":1},{"name":"loss","id":2},{"name":"parity","id":3}],"trade_settings":[{"name":"payout_win","id":1},{"name":"payout_lose","id":2},{"name":"payout_parity","id":3},{"name":"enable","id":6},{"name":"enable_permanent","id":7},{"name":"max_bet_643","id":13},{"name":"max_bet_840","id":14},{"name":"max_bet_978","id":15},{"name":"max_bet_10959","id":16},{"name":"min_bet_643","id":17},{"name":"min_bet_840","id":18},{"name":"min_bet_978","id":19},{"name":"min_bet_10959","id":20},{"name":"max_amount_active_options_643","id":21},{"name":"max_amount_active_options_840","id":22},{"name":"max_amount_active_options_978","id":23},{"name":"max_amount_active_options_10959","id":24},{"name":"early_win_percent","id":25},{"name":"early_loss_percent","id":26},{"name":"early_parity_percent","id":27}]},"rid":5}
02/03/2016 16:15:14	Setting dictionary
02/03/2016 16:15:14	Server says: {"type":"RESPONSE","action":"+trade_state","body":{"sid":313024},"rid":6}
02/03/2016 16:15:14	Server says: {"type":"RESPONSE","action":"+trade_settings","body":{"sid":313025},"rid":9}
02/03/2016 16:15:14	Server says: {"type":"RESPONSE","action":"+rate","body":{"sid":313026},"rid":10}
02/03/2016 16:15:14	Server says: {"type":"RESPONSE","action":"+option","body":{"sid":313027},"rid":14}
02/03/2016 16:15:14	Server says: {"type":"RESPONSE","action":"+traders_choice","body":{"sid":313028},"rid":16}
02/03/2016 16:15:14	Server says: {"type":"RESPONSE","action":"account","body":{"id":4553886,"equity":295.4,"hold_equity":0.0,"net_equity":295.4,"client_id":11031743,"currency_id":840,"create_lts":1439845906000,"change_lts":1454617331640,"blocked":0,"test":0},"rid":3}
02/03/2016 16:15:14	Server says: {"type":"RESPONSE","action":"trade_state","body":{"trade_state":1,"scheduler_lts":1457128500000},"rid":7}
02/03/2016 16:15:14	Server says: {"type":"RESPONSE","action":"trade_settings","body":{"group_id":1,"2":0,"3":100,"13":300000,"14":5000,"15":5000,"16":500,"17":100,"18":1,"19":1,"20":2,"8":20,"21":300000,"22":5000,"23":5000,"24":3000,"25":50,"26":0,"27":0,"6":1,"settings":{"1":{"1":{"9":[165],"1":[170],"2":[175],"3":[175],"4":[175],"5":[180],"6":[180],"7":[170],"8":[185]},"2":{"9":[165],"1":[170],"2":[175],"3":[175],"4":[175],"5":[180],"6":[180],"7":[170],"8":[185]},"3":{"2":[165],"3":[165],"4":[170],"5":[175],"6":[180],"7":[185],"8":[200]},"4":{"9":[165],"1":[170],"2":[175],"3":[175],"4":[175],"5":[180],"6":[180],"7":[185],"8":[185]},"5":{"1":[160],"2":[165],"3":[165],"4":[170],"5":[175],"6":[180],"7":[185],"8":[200]},"6":{"1":[160],"2":[165],"3":[165],"4":[170],"5":[175],"6":[180],"7":[185],"8":[200]},"7":{"2":[165],"3":[165],"4":[170],"5":[175],"6":[180],"7":[185],"8":[200]},"10":{"1":[160],"2":[165],"3":[165],"4":[170],"5":[175],"6":[180],"7":[185],"8":[200]},"11":{"5":[160],"6":[165],"7":[170],"8":[175]},"12":{"1":[160],"2":[165],"3":[165],"4":[170],"5":[175],"6":[180],"7":[185],"8":[200]},"13":{"5":[160],"6":[165],"7":[170],"8":[175]},"14":{"5":[160],"6":[165],"7":[170],"8":[175]},"15":{"5":[160],"6":[165],"7":[170],"8":[175]},"16":{"5":[160],"6":[165],"7":[170],"8":[175]},"17":{"5":[160],"6":[165],"7":[170],"8":[175]},"18":{"5":[160],"6":[165],"7":[170],"8":[175]},"19":{"5":[160],"6":[165],"7":[170],"8":[175]},"20":{"3":[165],"4":[170],"5":[175],"6":[170],"7":[170],"8":[170]},"21":{"5":[175],"6":[180],"7":[185],"8":[200]},"22":{"2":[175],"3":[175],"4":[175],"5":[170],"6":[165],"7":[165]},"23":{},"24":{},"25":{},"26":{"3":[175],"4":[170],"5":[165],"6":[160],"7":[160]},"27":{"3":[175],"4":[170],"5":[165],"6":[160],"7":[160]},"28":{"3":[165],"4":[160],"5":[160],"6":[155],"7":[155]}},"2":{"1":{"3":[170],"4":[175],"5":[180],"6":[185],"7":[190],"8":[200]},"2":{"3":[170],"4":[175],"5":[180],"6":[185],"7":[190],"8":[200]},"3":{"3":[170],"4":[175],"5":[180],"6":[185],"7":[190],"8":[200]},"4":{"3":[170],"4":[175],"5":[180],"6":[185],"7":[190],"8":[200]},"5":{"3":[170],"4":[175],"5":[180],"6":[185],"7":[190],"8":[200]},"6":{"3":[170],"4":[175],"5":[180],"6":[185],"7":[190],"8":[200]},"7":{"4":[175],"5":[180],"6":[185],"7":[190],"8":[200]},"10":{"3":[170],"4":[175],"5":[180],"6":[185],"7":[190],"8":[200]},"11":{"5":[160],"6":[165],"7":[170],"8":[175]},"12":{"3":[170],"4":[175],"5":[180],"6":[185],"7":[190],"8":[200]},"13":{"5":[160],"6":[165],"7":[170],"8":[175]},"14":{"5":[160],"6":[165],"7":[170],"8":[175]},"15":{"5":[160],"6":[165],"7":[170],"8":[175]},"16":{"5":[160],"6":[165],"7":[170],"8":[175]},"17":{"5":[160],"6":[165],"7":[170],"8":[175]},"18":{"5":[160],"6":[165],"7":[170],"8":[175]},"19":{"5":[160],"6":[165],"7":[170],"8":[175]},"20":{"5":[180],"6":[185],"7":[190],"8":[200]},"21":{"5":[180],"6":[185],"7":[190],"8":[200]}},"3":{"1":{"3":[175],"4":[180],"5":[185],"6":[190],"7":[195],"8":[200]},"2":{"3":[175],"4":[180],"5":[185],"6":[190],"7":[195],"8":[200]},"3":{"3":[175],"4":[180],"5":[185],"6":[190],"7":[195],"8":[200]},"4":{"3":[175],"4":[180],"5":[185],"6":[190],"7":[195],"8":[200]},"5":{"3":[175],"4":[180],"5":[185],"6":[190],"7":[195],"8":[200]},"6":{"3":[175],"4":[180],"5":[185],"6":[190],"7":[195],"8":[200]},"7":{"3":[175],"4":[180],"5":[185],"6":[190],"7":[195],"8":[200]},"10":{"3":[175],"4":[180],"5":[185],"6":[190],"7":[195],"8":[200]},"11":{"5":[170],"6":[175],"7":[180],"8":[185]},"12":{"3":[175],"4":[180],"5":[185],"6":[190],"7":[195],"8":[200]},"13":{"5":[170],"6":[175],"7":[180],"8":[185]},"14":{"5":[170],"6":[175],"7":[180],"8":[185]},"15":{"5":[170],"6":[175],"7":[180],"8":[185]},"16":{"5":[170],"6":[175],"7":[180],"8":[185]},"17":{"5":[170],"6":[175],"7":[180],"8":[185]},"18":{"5":[170],"6":[175],"7":[180],"8":[185]},"19":{"5":[170],"6":[175],"7":[180],"8":[185]},"20":{"5":[185],"6":[190],"7":[195],"8":[200]},"21":{"5":[185],"6":[190],"7":[195],"8":[200]}},"4":{"1":{"1":[170],"2":[175],"3":[180],"4":[185],"5":[190],"6":[195],"7":[200],"8":[200]},"2":{"1":[170],"2":[175],"3":[180],"4":[185],"5":[190],"6":[195],"7":[200],"8":[200]},"3":{"1":[170],"2":[175],"3":[180],"4":[185],"5":[190],"6":[195],"7":[200],"8":[200]},"4":{"1":[170],"2":[175],"3":[180],"4":[185],"5":[190],"6":[195],"7":[200],"8":[200]},"5":{"1":[170],"2":[175],"3":[180],"4":[185],"5":[190],"6":[195],"7":[200],"8":[200]},"6":{"1":[170],"2":[175],"3":[180],"4":[185],"5":[190],"6":[195],"7":[200],"8":[200]},"7":{"1":[170],"2":[175],"3":[180],"4":[185],"5":[190],"6":[195],"7":[200],"8":[200]},"10":{"1":[170],"2":[175],"3":[180],"4":[185],"5":[190],"6":[195],"7":[200],"8":[200]},"11":{"4":[170],"5":[175],"6":[180],"7":[185],"8":[190]},"12":{"1":[170],"2":[175],"3":[180],"4":[185],"5":[190],"6":[195],"7":[200],"8":[200]},"13":{"4":[185],"5":[175],"6":[180],"7":[185],"8":[190]},"14":{"4":[185],"5":[175],"6":[180],"7":[185],"8":[190]},"15":{"4":[185],"5":[175],"6":[180],"7":[185],"8":[190]},"16":{"4":[185],"5":[175],"6":[180],"7":[185],"8":[190]},"17":{"4":[185],"5":[175],"6":[180],"7":[185],"8":[190]},"18":{"4":[185],"5":[175],"6":[180],"7":[185],"8":[190]},"19":{"4":[185],"5":[175],"6":[180],"7":[185],"8":[190]},"20":{"3":[180],"4":[185],"5":[190],"6":[195],"7":[200],"8":[200]},"21":{"4":[185],"5":[190],"6":[195],"7":[200],"8":[200]}}}},"rid":8}
02/03/2016 16:15:14	PayoutLose: 0
02/03/2016 16:15:14	PayoutParity: 100
02/03/2016 16:15:14	PayoutWin (EURUSD - 1 min): 170
02/03/2016 16:15:14	PayoutWin (EURUSD - 5 min): 175
02/03/2016 16:15:14	PayoutWin (EURUSD - 15 min): 175
02/03/2016 16:15:14	PayoutWin (EURUSD - 30 min): 175
02/03/2016 16:15:14	PayoutWin (EURUSD - 60 min): 180
02/03/2016 16:15:14	PayoutWin (EURUSD - 120 min): 180
02/03/2016 16:15:14	PayoutWin (EURUSD - 240 min): 170
02/03/2016 16:15:14	PayoutWin (EURUSD - 1440 min): 185
02/03/2016 16:15:14	PayoutWin (EURUSD - 0 min): 165
02/03/2016 16:15:14	PayoutWin (EURJPY - 1 min): 160
02/03/2016 16:15:14	PayoutWin (EURJPY - 5 min): 165
02/03/2016 16:15:14	PayoutWin (EURJPY - 15 min): 165
02/03/2016 16:15:14	PayoutWin (EURJPY - 30 min): 170
02/03/2016 16:15:14	PayoutWin (EURJPY - 60 min): 175
02/03/2016 16:15:14	PayoutWin (EURJPY - 120 min): 180
02/03/2016 16:15:14	PayoutWin (EURJPY - 240 min): 185
02/03/2016 16:15:14	PayoutWin (EURJPY - 1440 min): 200
02/03/2016 16:15:14	PayoutWin (EURGBP - 60 min): 160
02/03/2016 16:15:14	PayoutWin (EURGBP - 120 min): 165
02/03/2016 16:15:14	PayoutWin (EURGBP - 240 min): 170
02/03/2016 16:15:14	PayoutWin (EURGBP - 1440 min): 175
02/03/2016 16:15:14	PayoutWin (GBPJPY - 1 min): 160
02/03/2016 16:15:14	PayoutWin (GBPJPY - 5 min): 165
02/03/2016 16:15:14	PayoutWin (GBPJPY - 15 min): 165
02/03/2016 16:15:14	PayoutWin (GBPJPY - 30 min): 170
02/03/2016 16:15:14	PayoutWin (GBPJPY - 60 min): 175
02/03/2016 16:15:14	PayoutWin (GBPJPY - 120 min): 180
02/03/2016 16:15:14	PayoutWin (GBPJPY - 240 min): 185
02/03/2016 16:15:14	PayoutWin (GBPJPY - 1440 min): 200
02/03/2016 16:15:14	PayoutWin (EURCAD - 60 min): 160
02/03/2016 16:15:14	PayoutWin (EURCAD - 120 min): 165
02/03/2016 16:15:14	PayoutWin (EURCAD - 240 min): 170
02/03/2016 16:15:14	PayoutWin (EURCAD - 1440 min): 175
02/03/2016 16:15:14	PayoutWin (EURAUD - 60 min): 160
02/03/2016 16:15:14	PayoutWin (EURAUD - 120 min): 165
02/03/2016 16:15:14	PayoutWin (EURAUD - 240 min): 170
02/03/2016 16:15:14	PayoutWin (EURAUD - 1440 min): 175
02/03/2016 16:15:14	PayoutWin (AUDJPY - 60 min): 160
02/03/2016 16:15:14	PayoutWin (AUDJPY - 120 min): 165
02/03/2016 16:15:14	PayoutWin (AUDJPY - 240 min): 170
02/03/2016 16:15:14	PayoutWin (AUDJPY - 1440 min): 175
02/03/2016 16:15:14	PayoutWin (GBPAUD - 60 min): 160
02/03/2016 16:15:14	PayoutWin (GBPAUD - 120 min): 165
02/03/2016 16:15:14	PayoutWin (GBPAUD - 240 min): 170
02/03/2016 16:15:14	PayoutWin (GBPAUD - 1440 min): 175
02/03/2016 16:15:14	PayoutWin (GBPCAD - 60 min): 160
02/03/2016 16:15:14	PayoutWin (GBPCAD - 120 min): 165
02/03/2016 16:15:14	PayoutWin (GBPCAD - 240 min): 170
02/03/2016 16:15:14	PayoutWin (GBPCAD - 1440 min): 175
02/03/2016 16:15:14	PayoutWin (GBPCHF - 60 min): 160
02/03/2016 16:15:14	PayoutWin (GBPCHF - 120 min): 165
02/03/2016 16:15:14	PayoutWin (GBPCHF - 240 min): 170
02/03/2016 16:15:14	PayoutWin (GBPCHF - 1440 min): 175
02/03/2016 16:15:14	PayoutWin (NZDJPY - 60 min): 160
02/03/2016 16:15:14	PayoutWin (NZDJPY - 120 min): 165
02/03/2016 16:15:14	PayoutWin (NZDJPY - 240 min): 170
02/03/2016 16:15:14	PayoutWin (NZDJPY - 1440 min): 175
02/03/2016 16:15:14	PayoutWin (GBPUSD - 1 min): 170
02/03/2016 16:15:14	PayoutWin (GBPUSD - 5 min): 175
02/03/2016 16:15:14	PayoutWin (GBPUSD - 15 min): 175
02/03/2016 16:15:14	PayoutWin (GBPUSD - 30 min): 175
02/03/2016 16:15:14	PayoutWin (GBPUSD - 60 min): 180
02/03/2016 16:15:14	PayoutWin (GBPUSD - 120 min): 180
02/03/2016 16:15:14	PayoutWin (GBPUSD - 240 min): 170
02/03/2016 16:15:14	PayoutWin (GBPUSD - 1440 min): 185
02/03/2016 16:15:14	PayoutWin (GBPUSD - 0 min): 165
02/03/2016 16:15:14	PayoutWin (XAUUSD - 15 min): 165
02/03/2016 16:15:14	PayoutWin (XAUUSD - 30 min): 170
02/03/2016 16:15:14	PayoutWin (XAUUSD - 60 min): 175
02/03/2016 16:15:14	PayoutWin (XAUUSD - 120 min): 170
02/03/2016 16:15:14	PayoutWin (XAUUSD - 240 min): 170
02/03/2016 16:15:14	PayoutWin (XAUUSD - 1440 min): 170
02/03/2016 16:15:14	PayoutWin (XAGUSD - 60 min): 175
02/03/2016 16:15:14	PayoutWin (XAGUSD - 120 min): 180
02/03/2016 16:15:14	PayoutWin (XAGUSD - 240 min): 185
02/03/2016 16:15:14	PayoutWin (XAGUSD - 1440 min): 200
02/03/2016 16:15:14	PayoutWin (OIL - 5 min): 175
02/03/2016 16:15:14	PayoutWin (OIL - 15 min): 175
02/03/2016 16:15:14	PayoutWin (OIL - 30 min): 175
02/03/2016 16:15:14	PayoutWin (OIL - 60 min): 170
02/03/2016 16:15:14	PayoutWin (OIL - 120 min): 165
02/03/2016 16:15:14	PayoutWin (OIL - 240 min): 165
02/03/2016 16:15:14	PayoutWin (S&P 500 - 15 min): 175
02/03/2016 16:15:14	PayoutWin (S&P 500 - 30 min): 170
02/03/2016 16:15:14	PayoutWin (S&P 500 - 60 min): 165
02/03/2016 16:15:14	PayoutWin (S&P 500 - 120 min): 160
02/03/2016 16:15:14	PayoutWin (S&P 500 - 240 min): 160
02/03/2016 16:15:14	PayoutWin (FTSE 100 - 15 min): 175
02/03/2016 16:15:14	PayoutWin (FTSE 100 - 30 min): 170
02/03/2016 16:15:14	PayoutWin (FTSE 100 - 60 min): 165
02/03/2016 16:15:14	PayoutWin (FTSE 100 - 120 min): 160
02/03/2016 16:15:14	PayoutWin (FTSE 100 - 240 min): 160
02/03/2016 16:15:14	PayoutWin (Nikkei 225 - 15 min): 165
02/03/2016 16:15:14	PayoutWin (Nikkei 225 - 30 min): 160
02/03/2016 16:15:14	PayoutWin (Nikkei 225 - 60 min): 160
02/03/2016 16:15:14	PayoutWin (Nikkei 225 - 120 min): 155
02/03/2016 16:15:14	PayoutWin (Nikkei 225 - 240 min): 155
02/03/2016 16:15:14	PayoutWin (USDCHF - 5 min): 165
02/03/2016 16:15:14	PayoutWin (USDCHF - 15 min): 165
02/03/2016 16:15:14	PayoutWin (USDCHF - 30 min): 170
02/03/2016 16:15:14	PayoutWin (USDCHF - 60 min): 175
02/03/2016 16:15:14	PayoutWin (USDCHF - 120 min): 180
02/03/2016 16:15:14	PayoutWin (USDCHF - 240 min): 185
02/03/2016 16:15:14	PayoutWin (USDCHF - 1440 min): 200
02/03/2016 16:15:14	PayoutWin (USDJPY - 1 min): 170
02/03/2016 16:15:14	PayoutWin (USDJPY - 5 min): 175
02/03/2016 16:15:14	PayoutWin (USDJPY - 15 min): 175
02/03/2016 16:15:14	PayoutWin (USDJPY - 30 min): 175
02/03/2016 16:15:14	PayoutWin (USDJPY - 60 min): 180
02/03/2016 16:15:14	PayoutWin (USDJPY - 120 min): 180
02/03/2016 16:15:14	PayoutWin (USDJPY - 240 min): 185
02/03/2016 16:15:14	PayoutWin (USDJPY - 1440 min): 185
02/03/2016 16:15:14	PayoutWin (USDJPY - 0 min): 165
02/03/2016 16:15:14	PayoutWin (USDCAD - 1 min): 160
02/03/2016 16:15:14	PayoutWin (USDCAD - 5 min): 165
02/03/2016 16:15:14	PayoutWin (USDCAD - 15 min): 165
02/03/2016 16:15:14	PayoutWin (USDCAD - 30 min): 170
02/03/2016 16:15:14	PayoutWin (USDCAD - 60 min): 175
02/03/2016 16:15:14	PayoutWin (USDCAD - 120 min): 180
02/03/2016 16:15:14	PayoutWin (USDCAD - 240 min): 185
02/03/2016 16:15:14	PayoutWin (USDCAD - 1440 min): 200
02/03/2016 16:15:14	PayoutWin (AUDUSD - 1 min): 160
02/03/2016 16:15:14	PayoutWin (AUDUSD - 5 min): 165
02/03/2016 16:15:14	PayoutWin (AUDUSD - 15 min): 165
02/03/2016 16:15:14	PayoutWin (AUDUSD - 30 min): 170
02/03/2016 16:15:14	PayoutWin (AUDUSD - 60 min): 175
02/03/2016 16:15:14	PayoutWin (AUDUSD - 120 min): 180
02/03/2016 16:15:14	PayoutWin (AUDUSD - 240 min): 185
02/03/2016 16:15:14	PayoutWin (AUDUSD - 1440 min): 200
02/03/2016 16:15:14	PayoutWin (NZDUSD - 5 min): 165
02/03/2016 16:15:14	PayoutWin (NZDUSD - 15 min): 165
02/03/2016 16:15:14	PayoutWin (NZDUSD - 30 min): 170
02/03/2016 16:15:14	PayoutWin (NZDUSD - 60 min): 175
02/03/2016 16:15:14	PayoutWin (NZDUSD - 120 min): 180
02/03/2016 16:15:14	PayoutWin (NZDUSD - 240 min): 185
02/03/2016 16:15:14	PayoutWin (NZDUSD - 1440 min): 200
02/03/2016 16:15:14	Server says: {"type":"RESPONSE","action":"rates/history","body":{"data":[[1456918200,1.08577],[1456918215,1.08568],[1456918230,1.08573],[1456918245,1.08568],[1456918260,1.0858],[1456918275,1.08583],[1456918290,1.08589],[1456918305,1.08595],[1456918320,1.08594],[1456918335,1.08594],[1456918350,1.08594],[1456918365,1.0859],[1456918380,1.08593],[1456918395,1.08595],[1456918410,1.08596],[1456918425,1.08599],[1456918440,1.08598],[1456918455,1.08598],[1456918470,1.08591],[1456918485,1.08575],[1456918500,1.0858],[1456918515,1.08584],[1456918530,1.08585],[1456918545,1.0858],[1456918560,1.08583],[1456918575,1.08569],[1456918590,1.0857],[1456918605,1.08569],[1456918620,1.08569],[1456918635,1.08567],[1456918650,1.08566],[1456918665,1.0857],[1456918680,1.08576],[1456918695,1.0858],[1456918710,1.0858],[1456918725,1.08581],[1456918740,1.08585],[1456918755,1.08582],[1456918770,1.08582],[1456918785,1.08581],[1456918800,1.08589],[1456918815,1.08596],[1456918830,1.08596],[1456918845,1.08598],[1456918860,1.08597],[1456918875,1.08596],[1456918890,1.08596],[1456918905,1.08588],[1456918920,1.08584],[1456918935,1.08587],[1456918950,1.08584],[1456918965,1.08581],[1456918980,1.0857],[1456918995,1.08569],[1456919010,1.08559],[1456919025,1.08556],[1456919040,1.0855],[1456919055,1.08544],[1456919070,1.08543],[1456919085,1.08544],[1456919100,1.08535],[1456919115,1.08538],[1456919130,1.0853],[1456919145,1.0852],[1456919160,1.08529],[1456919175,1.08523],[1456919190,1.08522],[1456919205,1.08521],[1456919220,1.08513],[1456919235,1.08513],[1456919250,1.08516],[1456919265,1.08518],[1456919280,1.08513],[1456919295,1.08519],[1456919310,1.08514],[1456919325,1.08503],[1456919340,1.08521],[1456919355,1.08524],[1456919370,1.08534],[1456919385,1.08531],[1456919400,1.08524],[1456919415,1.0853],[1456919430,1.08533],[1456919445,1.08533],[1456919460,1.08532],[1456919475,1.08515],[1456919490,1.08511],[1456919505,1.08512],[1456919520,1.08513],[1456919535,1.08512],[1456919550,1.08511],[1456919565,1.0851],[1456919580,1.0851],[1456919595,1.08513],[1456919610,1.08512],[1456919625,1.08509],[1456919640,1.08508],[1456919655,1.08509],[1456919670,1.08509],[1456919685,1.08509],[1456919700,1.08509],[1456919715,1.08507],[1456919730,1.08503],[1456919745,1.08508],[1456919760,1.08503],[1456919775,1.08503],[1456919790,1.08506],[1456919805,1.08505],[1456919820,1.08504],[1456919835,1.08495],[1456919850,1.08493],[1456919865,1.08492],[1456919880,1.08478],[1456919895,1.08474],[1456919910,1.08481],[1456919925,1.08488],[1456919940,1.08494],[1456919955,1.08499],[1456919970,1.08502],[1456919985,1.0852],[1456920000,1.08502],[1456920015,1.08498],[1456920030,1.08495],[1456920045,1.08498],[1456920060,1.08506],[1456920075,1.08519],[1456920090,1.08514],[1456920105,1.08508],[1456920120,1.08525],[1456920135,1.08528],[1456920150,1.08528],[1456920165,1.08528],[1456920180,1.08524],[1456920195,1.08527],[1456920210,1.08527],[1456920225,1.08523],[1456920240,1.08515],[1456920255,1.08514],[1456920270,1.08514],[1456920285,1.0851],[1456920300,1.08511],[1456920315,1.08521],[1456920330,1.08525],[1456920345,1.08526],[1456920360,1.0853],[1456920375,1.08524],[1456920390,1.0852],[1456920405,1.08528],[1456920420,1.08528],[1456920435,1.08529],[1456920450,1.08531],[1456920465,1.08535],[1456920480,1.08529],[1456920495,1.08522],[1456920510,1.08523],[1456920525,1.08517],[1456920540,1.08518],[1456920555,1.08523],[1456920570,1.08521],[1456920585,1.08519],[1456920600,1.08519],[1456920615,1.0852],[1456920630,1.08521],[1456920645,1.08515],[1456920660,1.0852],[1456920675,1.08517],[1456920690,1.08512],[1456920705,1.08516],[1456920720,1.08515],[1456920735,1.08515],[1456920750,1.08515],[1456920765,1.08516],[1456920780,1.08514],[1456920795,1.0851],[1456920810,1.08515],[1456920825,1.08521],[1456920840,1.0852],[1456920855,1.08521],[1456920870,1.08526],[1456920885,1.08533],[1456920900,1.08536]]},"rid":11}
02/03/2016 16:15:14	Server says: {"type":"RESPONSE","action":"rates/last","body":{"data":[{"asset_id":1,"value":1.08536,"lts":1456920912498},{"asset_id":2,"value":1.39992,"lts":1456920911324},{"asset_id":3,"value":0.99876,"lts":1456920913547},{"asset_id":4,"value":114.355,"lts":1456920902057},{"asset_id":5,"value":1.34542,"lts":1456920913772},{"asset_id":6,"value":0.7215,"lts":1456920912896},{"asset_id":7,"value":0.6606,"lts":1456920912828},{"asset_id":10,"value":124.126,"lts":1456920913316},{"asset_id":11,"value":0.7752,"lts":1456920913518},{"asset_id":12,"value":160.092,"lts":1456920913375},{"asset_id":13,"value":1.46019,"lts":1456920913654},{"asset_id":14,"value":1.50394,"lts":1456920913157},{"asset_id":15,"value":82.513,"lts":1456920913163},{"asset_id":16,"value":1.93973,"lts":1456920913323},{"asset_id":17,"value":1.88338,"lts":1456920913749},{"asset_id":18,"value":1.39806,"lts":1456920913138},{"asset_id":19,"value":75.545,"lts":1456920913144},{"asset_id":20,"value":1231.61,"lts":1456920912780},{"asset_id":21,"value":14.866,"lts":1456920913349},{"asset_id":22,"value":36.43,"lts":1456920913469},{"asset_id":23,"value":100.26,"lts":1456858799806},{"asset_id":24,"value":737.31,"lts":1456858787375},{"asset_id":25,"value":109.28,"lts":1456858799275},{"asset_id":26,"value":1973.12,"lts":1456920894100},{"asset_id":27,"value":6111.5,"lts":1456920911408},{"asset_id":28,"value":16777.0,"lts":1456920912944}]},"rid":12}
02/03/2016 16:15:14	Server says: {"type":"RESPONSE","action":"options","body":{"data":[]},"rid":13}
02/03/2016 16:15:15	Server says: {"type":"RESPONSE","action":"report","body":{"total":7,"data":[{"operation":{"account_id":4553886,"type_id":4,"description":"","external_id":1684514,"lts":1454617331640,"id":3384126,"result_equity":295.4,"equity":-1.0},"option":{"expiry_lts":1454617331557,"operation_expiry_id":3384126,"open_lts":1454616431557,"loss_percent":0,"expiry_rate":{"value":1.1203,"lts":1454617330604,"asset_id":1},"payout":0.0,"asset_id":1,"win_percent":160,"expiry_reason_id":1,"direction_id":1,"early_loss_percent":0,"id":1684514,"state_id":6,"early_win_percent":50,"open_rate":{"value":1.1209,"lts":1454616430687,"asset_id":1},"amount":1.0,"manually":0,"operation_buy_id":3384029,"type_id":1,"forecast_2":null,"forecast":null,"time_frame_id":3,"account_id":4553886,"result_id":2,"early_parity_percent":0,"expiry_time":1454617331557,"expiry_real_lts":1454617331639,"parity_percent":100,"currency_id":840}},{"operation":{"account_id":4553886,"type_id":4,"description":"","external_id":1684296,"lts":1454614807540,"id":3383567,"result_equity":296.4,"equity":0.7},"option":{"expiry_lts":1454614807527,"operation_expiry_id":3383567,"open_lts":1454614747527,"loss_percent":0,"expiry_rate":{"value":1.12197,"lts":1454614801381,"asset_id":1},"payout":1.7,"asset_id":1,"win_percent":170,"expiry_reason_id":1,"direction_id":1,"early_loss_percent":0,"id":1684296,"state_id":6,"early_win_percent":50,"open_rate":{"value":1.12155,"lts":1454614742901,"asset_id":1},"amount":1.0,"manually":0,"operation_buy_id":3383545,"type_id":1,"forecast_2":null,"forecast":null,"time_frame_id":1,"account_id":4553886,"result_id":1,"early_parity_percent":0,"expiry_time":1454614807527,"expiry_real_lts":1454614807539,"parity_percent":100,"currency_id":840}},{"operation":{"account_id":4553886,"type_id":4,"description":"","external_id":1684294,"lts":1454614796541,"id":3383564,"result_equity":295.7,"equity":0.7},"option":{"expiry_lts":1454614796525,"operation_expiry_id":3383564,"open_lts":1454614736525,"loss_percent":0,"expiry_rate":{"value":1.12201,"lts":1454614794199,"asset_id":1},"payout":1.7,"asset_id":1,"win_percent":170,"expiry_reason_id":1,"direction_id":1,"early_loss_percent":0,"id":1684294,"state_id":6,"early_win_percent":50,"open_rate":{"value":1.12159,"lts":1454614728430,"asset_id":1},"amount":1.0,"manually":0,"operation_buy_id":3383541,"type_id":1,"forecast_2":null,"forecast":null,"time_frame_id":1,"account_id":4553886,"result_id":1,"early_parity_percent":0,"expiry_time":1454614796525,"expiry_real_lts":1454614796539,"parity_percent":100,"currency_id":840}},{"operation":{"account_id":4553886,"type_id":4,"description":"","external_id":1610075,"lts":1453445314240,"id":3229516,"result_equity":295.0,"equity":-5.0},"option":{"expiry_lts":1453445314211,"operation_expiry_id":3229516,"open_lts":1453430914211,"loss_percent":0,"expiry_rate":{"value":1.08367,"lts":1453445312196,"asset_id":1},"payout":0.0,"asset_id":1,"win_percent":175,"expiry_reason_id":1,"direction_id":1,"early_loss_percent":0,"id":1610075,"state_id":6,"early_win_percent":50,"open_rate":{"value":1.08375,"lts":1453430913884,"asset_id":1},"amount":5.0,"manually":0,"operation_buy_id":3228695,"type_id":1,"forecast_2":null,"forecast":null,"time_frame_id":7,"account_id":4553886,"result_id":2,"early_parity_percent":0,"expiry_time":1453445314211,"expiry_real_lts":1453445314239,"parity_percent":100,"currency_id":840}},{"operation":{"account_id":4553886,"type_id":1,"description":"IntrFr USD11031743 13255399","external_id":13255399,"lts":1452642531255,"id":3162222,"result_equity":300.0,"equity":300.0}},{"operation":{"account_id":4553886,"type_id":2,"description":"IntrTo USD11031743 11944944","external_id":53391,"lts":1439854308000,"id":1994344,"result_equity":0.0,"equity":500.0}},{"operation":{"account_id":4553886,"type_id":1,"description":"IntrFr USD11031743 11944673","external_id":53375,"lts":1439846061000,"id":1994343,"result_equity":500.0,"equity":500.0}}]},"rid":17}
02/03/2016 16:15:20	Server says: {"type":"EVENT","action":"account","body":{"id":4553886,"equity":295.4,"hold_equity":1.0,"net_equity":294.4,"client_id":11031743,"currency_id":840,"create_lts":1439845906000,"change_lts":1454617331640,"blocked":0,"test":0},"aid":2,"sid":313023}
02/03/2016 16:15:20	Account Balance: 295.4
02/03/2016 16:15:20	Server says: {"type":"RESPONSE","action":"option/buy","body":{"id":1915199,"account_id":4553886,"asset_id":1,"amount":1.0,"time_frame_id":3,"type_id":1,"direction_id":1,"state_id":3,"currency_id":840,"open_rate":{"asset_id":1,"value":1.08537,"lts":1456920917545},"open_lts":1456920919841,"expiry_lts":1456921819841,"expiry_time":1456921819841,"operation_buy_id":3861764,"operation_expiry_id":0,"win_percent":175,"loss_percent":0,"parity_percent":100,"early_win_percent":50,"early_loss_percent":0,"early_parity_percent":0,"manually":0,"forecast":null,"forecast_2":null,"expiry_real_lts":0,"expiry_rate":null,"expiry_reason_id":0,"result_id":0,"payout":null},"rid":21}
02/03/2016 16:15:20	Server says: {"type":"EVENT","action":"option","body":{"id":1915199,"account_id":4553886,"asset_id":1,"amount":1.0,"time_frame_id":3,"type_id":1,"direction_id":1,"state_id":3,"currency_id":840,"open_rate":{"asset_id":1,"value":1.08537,"lts":1456920917545},"open_lts":1456920919841,"expiry_lts":1456921819841,"expiry_time":1456921819841,"operation_buy_id":3861764,"operation_expiry_id":0,"win_percent":175,"loss_percent":0,"parity_percent":100,"early_win_percent":50,"early_loss_percent":0,"early_parity_percent":0,"manually":0,"forecast":null,"forecast_2":null,"expiry_real_lts":0,"expiry_rate":null,"expiry_reason_id":0,"result_id":0,"payout":null},"aid":2,"sid":313027}
02/03/2016 16:15:25	New position opened
