23/01/2016 12:01:27	Alpari client starting!
23/01/2016 12:01:27	Cookies imported: 
23/01/2016 12:01:27	--------------------------
23/01/2016 12:01:27	Cookie: ---> sid=8hk5in1kn9nri3fj2hddenj5k0
23/01/2016 12:01:27	Cookie: ---> ssid=fh9mephbtp6c3e7uphjahta225
23/01/2016 12:01:27	Cookie: ---> already_client=1
23/01/2016 12:01:27	Cookie: ---> successLoginUrl=https%3A%2F%2Fmy.alpari.ru%2Fru%2F
23/01/2016 12:01:27	--------------------------
23/01/2016 12:01:27	Sending web request to https://my.alpari.ru/ru/
23/01/2016 12:01:27	Cookies to send: 
23/01/2016 12:01:27	--------------------------
23/01/2016 12:01:27	Cookie: ---> sid=8hk5in1kn9nri3fj2hddenj5k0
23/01/2016 12:01:27	Cookie: ---> ssid=fh9mephbtp6c3e7uphjahta225
23/01/2016 12:01:27	Cookie: ---> already_client=1
23/01/2016 12:01:27	Cookie: ---> successLoginUrl=https%3A%2F%2Fmy.alpari.ru%2Fru%2F
23/01/2016 12:01:27	--------------------------
23/01/2016 12:01:29	Cookies not updated
23/01/2016 12:01:29	Not logged in
23/01/2016 12:01:29	Starting the web login process
23/01/2016 12:01:29	Sending web request to https://www.alpari.ru/ru/login/
23/01/2016 12:01:29	Cookies to send: 
23/01/2016 12:01:29	--------------------------
23/01/2016 12:01:29	Cookie: ---> sid=8hk5in1kn9nri3fj2hddenj5k0
23/01/2016 12:01:29	Cookie: ---> ssid=fh9mephbtp6c3e7uphjahta225
23/01/2016 12:01:29	Cookie: ---> already_client=1
23/01/2016 12:01:29	Cookie: ---> successLoginUrl=https%3A%2F%2Fmy.alpari.ru%2Fru%2F
23/01/2016 12:01:29	--------------------------
23/01/2016 12:01:30	Cookies not updated
23/01/2016 12:01:30	Need to download and recognize captcha before login
23/01/2016 12:01:30	Downloading...
23/01/2016 12:01:30	URL:	https://www.alpari.ru/ru/login/captcha/
23/01/2016 12:01:30	Save to:	captcha.png
23/01/2016 12:01:30	Sending web request to https://www.alpari.ru/ru/login/captcha/
23/01/2016 12:01:30	Cookies to send: 
23/01/2016 12:01:30	--------------------------
23/01/2016 12:01:30	Cookie: ---> sid=8hk5in1kn9nri3fj2hddenj5k0
23/01/2016 12:01:30	Cookie: ---> ssid=fh9mephbtp6c3e7uphjahta225
23/01/2016 12:01:30	Cookie: ---> already_client=1
23/01/2016 12:01:30	Cookie: ---> successLoginUrl=https%3A%2F%2Fmy.alpari.ru%2Fru%2F
23/01/2016 12:01:30	--------------------------
23/01/2016 12:01:30	Cookies not updated
23/01/2016 12:01:30	Starting recognizing captcha...
23/01/2016 12:01:30	Image file: captcha.png
23/01/2016 12:01:41	Captcha code is: 65995
23/01/2016 12:01:41	Sending POST web request to https://www.alpari.ru/ru/login/
23/01/2016 12:01:41	Cookies to send: 
23/01/2016 12:01:41	--------------------------
23/01/2016 12:01:41	Cookie: ---> sid=8hk5in1kn9nri3fj2hddenj5k0
23/01/2016 12:01:41	Cookie: ---> ssid=fh9mephbtp6c3e7uphjahta225
23/01/2016 12:01:41	Cookie: ---> already_client=1
23/01/2016 12:01:41	Cookie: ---> successLoginUrl=https%3A%2F%2Fmy.alpari.ru%2Fru%2F
23/01/2016 12:01:41	--------------------------
23/01/2016 12:01:41	Post Data to send: 
23/01/2016 12:01:41	successUrl=https%3A%2F%2Fmy.alpari.ru%2Fru%2F&login=info%40anatolio.pro&password=yeK2zQo45b&send=&imgcaptcha=65995
23/01/2016 12:01:42	Cookies updated: 
23/01/2016 12:01:42	--------------------------
23/01/2016 12:01:42	Cookie: ---> sid=smin0p1fa7fa2p2m871uduhku7
23/01/2016 12:01:42	Cookie: ---> ssid=fh9mephbtp6c3e7uphjahta225
23/01/2016 12:01:42	Cookie: ---> already_client=1
23/01/2016 12:01:42	Cookie: ---> successLoginUrl=https%3A%2F%2Fmy.alpari.ru%2Fru%2F
23/01/2016 12:01:42	--------------------------
23/01/2016 12:01:42	Sending web request to https://my.alpari.ru/ru/
23/01/2016 12:01:42	Cookies to send: 
23/01/2016 12:01:42	--------------------------
23/01/2016 12:01:42	Cookie: ---> sid=smin0p1fa7fa2p2m871uduhku7
23/01/2016 12:01:42	Cookie: ---> ssid=fh9mephbtp6c3e7uphjahta225
23/01/2016 12:01:42	Cookie: ---> already_client=1
23/01/2016 12:01:42	Cookie: ---> successLoginUrl=https%3A%2F%2Fmy.alpari.ru%2Fru%2F
23/01/2016 12:01:42	--------------------------
23/01/2016 12:01:43	Cookies not updated
23/01/2016 12:01:43	Not logged in
23/01/2016 12:01:43	FAILED TO LOG IN. Here is the response from the server: 
23/01/2016 12:01:43	------------------------------------------------------------
23/01/2016 12:01:43	<!DOCTYPE html>
<html>
    <head>
        <meta http-equiv="Content-Type" content="text/html; charset=utf-8" />
        <meta http-equiv="refresh" content="1;url=https://www.alpari.ru/ru/login/" />

        <title>Redirecting to https://www.alpari.ru/ru/login/</title>
    </head>
    <body>
        Redirecting to <a href="https://www.alpari.ru/ru/login/">https://www.alpari.ru/ru/login/</a>.
    </body>
</html>
23/01/2016 12:01:43	------------------------------------------------------------
23/01/2016 12:01:43	Error logging to website
23/01/2016 12:01:43	Alpari client starting!
23/01/2016 12:01:43	Cookies imported: 
23/01/2016 12:01:43	--------------------------
23/01/2016 12:01:43	Cookie: ---> sid=smin0p1fa7fa2p2m871uduhku7
23/01/2016 12:01:43	Cookie: ---> ssid=fh9mephbtp6c3e7uphjahta225
23/01/2016 12:01:43	Cookie: ---> already_client=1
23/01/2016 12:01:43	Cookie: ---> successLoginUrl=https%3A%2F%2Fmy.alpari.ru%2Fru%2F
23/01/2016 12:01:43	--------------------------
23/01/2016 12:01:43	Sending web request to https://my.alpari.ru/ru/
23/01/2016 12:01:43	Cookies to send: 
23/01/2016 12:01:43	--------------------------
23/01/2016 12:01:43	Cookie: ---> sid=smin0p1fa7fa2p2m871uduhku7
23/01/2016 12:01:43	Cookie: ---> ssid=fh9mephbtp6c3e7uphjahta225
23/01/2016 12:01:43	Cookie: ---> already_client=1
23/01/2016 12:01:43	Cookie: ---> successLoginUrl=https%3A%2F%2Fmy.alpari.ru%2Fru%2F
23/01/2016 12:01:43	--------------------------
