23/01/2016 12:10:35	Alpari client starting!
23/01/2016 12:10:35	Cookies imported: 
23/01/2016 12:10:35	--------------------------
23/01/2016 12:10:35	Cookie: ---> sid=smin0p1fa7fa2p2m871uduhku7
23/01/2016 12:10:35	Cookie: ---> ssid=fh9mephbtp6c3e7uphjahta225
23/01/2016 12:10:35	Cookie: ---> already_client=1
23/01/2016 12:10:35	Cookie: ---> successLoginUrl=https%3A%2F%2Fmy.alpari.ru%2Fru%2F
23/01/2016 12:10:35	--------------------------
23/01/2016 12:10:35	Sending web request to https://my.alpari.ru/ru/
23/01/2016 12:10:35	Cookies to send: 
23/01/2016 12:10:35	--------------------------
23/01/2016 12:10:35	Cookie: ---> sid=smin0p1fa7fa2p2m871uduhku7
23/01/2016 12:10:35	Cookie: ---> ssid=fh9mephbtp6c3e7uphjahta225
23/01/2016 12:10:35	Cookie: ---> already_client=1
23/01/2016 12:10:35	Cookie: ---> successLoginUrl=https%3A%2F%2Fmy.alpari.ru%2Fru%2F
23/01/2016 12:10:35	--------------------------
23/01/2016 12:10:36	Cookies not updated
23/01/2016 12:10:36	Not logged in
23/01/2016 12:10:36	Starting the web login process
23/01/2016 12:10:36	Sending web request to https://www.alpari.ru/ru/login/
23/01/2016 12:10:36	Cookies to send: 
23/01/2016 12:10:36	--------------------------
23/01/2016 12:10:36	Cookie: ---> sid=smin0p1fa7fa2p2m871uduhku7
23/01/2016 12:10:36	Cookie: ---> ssid=fh9mephbtp6c3e7uphjahta225
23/01/2016 12:10:36	Cookie: ---> already_client=1
23/01/2016 12:10:36	Cookie: ---> successLoginUrl=https%3A%2F%2Fmy.alpari.ru%2Fru%2F
23/01/2016 12:10:36	--------------------------
23/01/2016 12:10:37	Cookies not updated
23/01/2016 12:10:37	Need to download and recognize captcha before login
23/01/2016 12:10:37	Downloading...
23/01/2016 12:10:37	URL:	https://www.alpari.ru/ru/login/captcha/
23/01/2016 12:10:37	Save to:	captcha.png
23/01/2016 12:10:37	Sending web request to https://www.alpari.ru/ru/login/captcha/
23/01/2016 12:10:37	Cookies to send: 
23/01/2016 12:10:37	--------------------------
23/01/2016 12:10:37	Cookie: ---> sid=smin0p1fa7fa2p2m871uduhku7
23/01/2016 12:10:37	Cookie: ---> ssid=fh9mephbtp6c3e7uphjahta225
23/01/2016 12:10:37	Cookie: ---> already_client=1
23/01/2016 12:10:37	Cookie: ---> successLoginUrl=https%3A%2F%2Fmy.alpari.ru%2Fru%2F
23/01/2016 12:10:37	--------------------------
23/01/2016 12:10:38	Cookies not updated
23/01/2016 12:10:38	Starting recognizing captcha...
23/01/2016 12:10:38	Image file: captcha.png
23/01/2016 12:11:09	Captcha code is: 56835
23/01/2016 12:11:09	Sending POST web request to https://www.alpari.ru/ru/login/
23/01/2016 12:11:09	Cookies to send: 
23/01/2016 12:11:09	--------------------------
23/01/2016 12:11:09	Cookie: ---> sid=smin0p1fa7fa2p2m871uduhku7
23/01/2016 12:11:09	Cookie: ---> ssid=fh9mephbtp6c3e7uphjahta225
23/01/2016 12:11:09	Cookie: ---> already_client=1
23/01/2016 12:11:09	Cookie: ---> successLoginUrl=https%3A%2F%2Fmy.alpari.ru%2Fru%2F
23/01/2016 12:11:09	--------------------------
23/01/2016 12:11:09	Post Data to send: 
23/01/2016 12:11:09	successUrl=https%3A%2F%2Fmy.alpari.ru%2Fru%2F&login=info%40anatolio.pro&password=yeK2zQo45b&send=&imgcaptcha=56835
23/01/2016 12:11:10	System.Net.HttpWebResponse
23/01/2016 12:11:10	Cookies updated: 
23/01/2016 12:11:10	--------------------------
23/01/2016 12:11:10	Cookie: ---> sid=ascpc8up7pfu2gqh0k6u20hv15
23/01/2016 12:11:10	Cookie: ---> ssid=fh9mephbtp6c3e7uphjahta225
23/01/2016 12:11:10	Cookie: ---> already_client=1
23/01/2016 12:11:10	Cookie: ---> successLoginUrl=https%3A%2F%2Fmy.alpari.ru%2Fru%2F
23/01/2016 12:11:10	--------------------------
23/01/2016 12:11:10	Sending web request to https://my.alpari.ru/ru/
23/01/2016 12:11:10	Cookies to send: 
23/01/2016 12:11:10	--------------------------
23/01/2016 12:11:10	Cookie: ---> sid=ascpc8up7pfu2gqh0k6u20hv15
23/01/2016 12:11:10	Cookie: ---> ssid=fh9mephbtp6c3e7uphjahta225
23/01/2016 12:11:10	Cookie: ---> already_client=1
23/01/2016 12:11:10	Cookie: ---> successLoginUrl=https%3A%2F%2Fmy.alpari.ru%2Fru%2F
23/01/2016 12:11:10	--------------------------
23/01/2016 12:11:11	Cookies not updated
23/01/2016 12:11:11	Not logged in
23/01/2016 12:11:11	FAILED TO LOG IN. Here is the response from the server: 
23/01/2016 12:11:11	------------------------------------------------------------
23/01/2016 12:11:11	<!DOCTYPE html>
<html>
    <head>
        <meta http-equiv="Content-Type" content="text/html; charset=utf-8" />
        <meta http-equiv="refresh" content="1;url=https://www.alpari.ru/ru/login/" />

        <title>Redirecting to https://www.alpari.ru/ru/login/</title>
    </head>
    <body>
        Redirecting to <a href="https://www.alpari.ru/ru/login/">https://www.alpari.ru/ru/login/</a>.
    </body>
</html>
23/01/2016 12:11:11	------------------------------------------------------------
23/01/2016 12:11:11	Error logging to website
23/01/2016 12:11:11	Alpari client starting!
23/01/2016 12:11:11	Cookies imported: 
23/01/2016 12:11:11	--------------------------
23/01/2016 12:11:11	Cookie: ---> sid=ascpc8up7pfu2gqh0k6u20hv15
23/01/2016 12:11:11	Cookie: ---> ssid=fh9mephbtp6c3e7uphjahta225
23/01/2016 12:11:11	Cookie: ---> already_client=1
23/01/2016 12:11:11	Cookie: ---> successLoginUrl=https%3A%2F%2Fmy.alpari.ru%2Fru%2F
23/01/2016 12:11:11	--------------------------
23/01/2016 12:11:11	Sending web request to https://my.alpari.ru/ru/
23/01/2016 12:11:11	Cookies to send: 
23/01/2016 12:11:11	--------------------------
23/01/2016 12:11:11	Cookie: ---> sid=ascpc8up7pfu2gqh0k6u20hv15
23/01/2016 12:11:11	Cookie: ---> ssid=fh9mephbtp6c3e7uphjahta225
23/01/2016 12:11:11	Cookie: ---> already_client=1
23/01/2016 12:11:11	Cookie: ---> successLoginUrl=https%3A%2F%2Fmy.alpari.ru%2Fru%2F
23/01/2016 12:11:11	--------------------------
