23/01/2016 12:14:32	Alpari client starting!
23/01/2016 12:14:32	Cookies imported: 
23/01/2016 12:14:32	--------------------------
23/01/2016 12:14:32	Cookie: ---> sid=ascpc8up7pfu2gqh0k6u20hv15
23/01/2016 12:14:32	Cookie: ---> ssid=fh9mephbtp6c3e7uphjahta225
23/01/2016 12:14:32	Cookie: ---> already_client=1
23/01/2016 12:14:32	Cookie: ---> successLoginUrl=https%3A%2F%2Fmy.alpari.ru%2Fru%2F
23/01/2016 12:14:32	--------------------------
23/01/2016 12:14:32	Sending web request to https://my.alpari.ru/ru/
23/01/2016 12:14:32	Cookies to send: 
23/01/2016 12:14:32	--------------------------
23/01/2016 12:14:32	Cookie: ---> sid=ascpc8up7pfu2gqh0k6u20hv15
23/01/2016 12:14:32	Cookie: ---> ssid=fh9mephbtp6c3e7uphjahta225
23/01/2016 12:14:32	Cookie: ---> already_client=1
23/01/2016 12:14:32	Cookie: ---> successLoginUrl=https%3A%2F%2Fmy.alpari.ru%2Fru%2F
23/01/2016 12:14:32	--------------------------
23/01/2016 12:14:33	Cookies not updated
23/01/2016 12:14:33	Not logged in
23/01/2016 12:14:33	Starting the web login process
23/01/2016 12:14:33	Sending web request to https://www.alpari.ru/ru/login/
23/01/2016 12:14:33	Cookies to send: 
23/01/2016 12:14:33	--------------------------
23/01/2016 12:14:33	Cookie: ---> sid=ascpc8up7pfu2gqh0k6u20hv15
23/01/2016 12:14:33	Cookie: ---> ssid=fh9mephbtp6c3e7uphjahta225
23/01/2016 12:14:33	Cookie: ---> already_client=1
23/01/2016 12:14:33	Cookie: ---> successLoginUrl=https%3A%2F%2Fmy.alpari.ru%2Fru%2F
23/01/2016 12:14:33	--------------------------
23/01/2016 12:14:34	Cookies not updated
23/01/2016 12:14:34	Need to download and recognize captcha before login
23/01/2016 12:14:34	Downloading...
23/01/2016 12:14:34	URL:	https://www.alpari.ru/ru/login/captcha/
23/01/2016 12:14:34	Save to:	captcha.png
23/01/2016 12:14:34	Sending web request to https://www.alpari.ru/ru/login/captcha/
23/01/2016 12:14:34	Cookies to send: 
23/01/2016 12:14:34	--------------------------
23/01/2016 12:14:34	Cookie: ---> sid=ascpc8up7pfu2gqh0k6u20hv15
23/01/2016 12:14:34	Cookie: ---> ssid=fh9mephbtp6c3e7uphjahta225
23/01/2016 12:14:34	Cookie: ---> already_client=1
23/01/2016 12:14:34	Cookie: ---> successLoginUrl=https%3A%2F%2Fmy.alpari.ru%2Fru%2F
23/01/2016 12:14:34	--------------------------
23/01/2016 12:14:35	Cookies not updated
23/01/2016 12:14:35	Starting recognizing captcha...
23/01/2016 12:14:35	Image file: captcha.png
23/01/2016 12:14:46	Captcha code is: 58556
23/01/2016 12:14:46	Sending POST web request to https://www.alpari.ru/ru/login/
23/01/2016 12:14:46	Cookies to send: 
23/01/2016 12:14:46	--------------------------
23/01/2016 12:14:46	Cookie: ---> sid=ascpc8up7pfu2gqh0k6u20hv15
23/01/2016 12:14:46	Cookie: ---> ssid=fh9mephbtp6c3e7uphjahta225
23/01/2016 12:14:46	Cookie: ---> already_client=1
23/01/2016 12:14:46	Cookie: ---> successLoginUrl=https%3A%2F%2Fmy.alpari.ru%2Fru%2F
23/01/2016 12:14:46	--------------------------
23/01/2016 12:14:46	Post Data to send: 
23/01/2016 12:14:46	successUrl=https%3A%2F%2Fmy.alpari.ru%2Fru%2F&login=info%40anatolio.pro&password=yeK2zQo45b&send=&imgcaptcha=58556
23/01/2016 12:14:47	Cookies updated: 
23/01/2016 12:14:47	--------------------------
23/01/2016 12:14:47	Cookie: ---> sid=nu5lmjc64kk59nb30m66t35dq5
23/01/2016 12:14:47	Cookie: ---> ssid=fh9mephbtp6c3e7uphjahta225
23/01/2016 12:14:47	Cookie: ---> already_client=1
23/01/2016 12:14:47	Cookie: ---> successLoginUrl=https%3A%2F%2Fmy.alpari.ru%2Fru%2F
23/01/2016 12:14:47	--------------------------
23/01/2016 12:14:47	Sending web request to https://my.alpari.ru/ru/
23/01/2016 12:14:47	Cookies to send: 
23/01/2016 12:14:47	--------------------------
23/01/2016 12:14:47	Cookie: ---> sid=nu5lmjc64kk59nb30m66t35dq5
23/01/2016 12:14:47	Cookie: ---> ssid=fh9mephbtp6c3e7uphjahta225
23/01/2016 12:14:47	Cookie: ---> already_client=1
23/01/2016 12:14:47	Cookie: ---> successLoginUrl=https%3A%2F%2Fmy.alpari.ru%2Fru%2F
23/01/2016 12:14:47	--------------------------
23/01/2016 12:14:48	Cookies not updated
23/01/2016 12:14:48	Not logged in
23/01/2016 12:14:48	FAILED TO LOG IN. Here is the response from the server: 
23/01/2016 12:14:48	------------------------------------------------------------
23/01/2016 12:14:48	<!DOCTYPE html>
<html>
    <head>
        <meta http-equiv="Content-Type" content="text/html; charset=utf-8" />
        <meta http-equiv="refresh" content="1;url=https://www.alpari.ru/ru/login/" />

        <title>Redirecting to https://www.alpari.ru/ru/login/</title>
    </head>
    <body>
        Redirecting to <a href="https://www.alpari.ru/ru/login/">https://www.alpari.ru/ru/login/</a>.
    </body>
</html>
23/01/2016 12:14:48	------------------------------------------------------------
23/01/2016 12:14:48	Error logging to website
23/01/2016 12:14:48	Alpari client starting!
23/01/2016 12:14:48	Cookies imported: 
23/01/2016 12:14:48	--------------------------
23/01/2016 12:14:48	Cookie: ---> sid=nu5lmjc64kk59nb30m66t35dq5
23/01/2016 12:14:48	Cookie: ---> ssid=fh9mephbtp6c3e7uphjahta225
23/01/2016 12:14:48	Cookie: ---> already_client=1
23/01/2016 12:14:48	Cookie: ---> successLoginUrl=https%3A%2F%2Fmy.alpari.ru%2Fru%2F
23/01/2016 12:14:48	--------------------------
23/01/2016 12:14:48	Sending web request to https://my.alpari.ru/ru/
23/01/2016 12:14:48	Cookies to send: 
23/01/2016 12:14:48	--------------------------
23/01/2016 12:14:48	Cookie: ---> sid=nu5lmjc64kk59nb30m66t35dq5
23/01/2016 12:14:48	Cookie: ---> ssid=fh9mephbtp6c3e7uphjahta225
23/01/2016 12:14:48	Cookie: ---> already_client=1
23/01/2016 12:14:48	Cookie: ---> successLoginUrl=https%3A%2F%2Fmy.alpari.ru%2Fru%2F
23/01/2016 12:14:48	--------------------------
